[0.000000] (-) TimerEvent: {}
[0.000510] (camera) JobQueued: {'identifier': 'camera', 'dependencies': OrderedDict()}
[0.000775] (control) JobQueued: {'identifier': 'control', 'dependencies': OrderedDict()}
[0.000861] (website) JobQueued: {'identifier': 'website', 'dependencies': OrderedDict()}
[0.000945] (camera) JobStarted: {'identifier': 'camera'}
[0.014764] (control) JobStarted: {'identifier': 'control'}
[0.024546] (website) JobStarted: {'identifier': 'website'}
[0.099659] (-) TimerEvent: {}
[0.200022] (-) TimerEvent: {}
[0.300599] (-) TimerEvent: {}
[0.401010] (-) TimerEvent: {}
[0.501491] (-) TimerEvent: {}
[0.601960] (-) TimerEvent: {}
[0.702444] (-) TimerEvent: {}
[0.802896] (-) TimerEvent: {}
[0.903337] (-) TimerEvent: {}
[1.003846] (-) TimerEvent: {}
[1.104330] (-) TimerEvent: {}
[1.204727] (-) TimerEvent: {}
[1.305118] (-) TimerEvent: {}
[1.405506] (-) TimerEvent: {}
[1.505973] (-) TimerEvent: {}
[1.575036] (camera) Command: {'cmd': ['/usr/bin/python3', '-W', 'ignore:setup.py install is deprecated', '-W', 'ignore:easy_install command is deprecated', 'setup.py', 'egg_info', '--egg-base', '../../build/camera', 'build', '--build-base', '/mnt/Storage/Hackathons/IIITM/raged-ros2/build/camera/build', 'install', '--record', '/mnt/Storage/Hackathons/IIITM/raged-ros2/build/camera/install.log', '--single-version-externally-managed', 'install_data'], 'cwd': '/mnt/Storage/Hackathons/IIITM/raged-ros2/src/camera', 'env': {'MAIL': '/var/mail/joel', 'HYPRLAND_CMD': 'Hyprland', 'USER': 'joel', 'HYPRLAND_INSTANCE_SIGNATURE': '9958d297641b5c84dcff93f9039d80a5ad37ab00_1750093448_30657225', 'STARSHIP_SHELL': 'bash', 'HOSTNAME': 'archlinux', 'XDG_SESSION_TYPE': 'wayland', 'KITTY_SHELL_INTEGRATION': 'enabled', 'XCURSOR_SIZE': '24', 'XDG_CACHE_HOME': '/home/joel/.cache', 'SHLVL': '3', 'LD_LIBRARY_PATH': '/opt/ros/humble/opt/rviz_ogre_vendor/lib:/opt/ros/humble/lib/x86_64-linux-gnu:/opt/ros/humble/lib', 'MOTD_SHOWN': 'pam', 'HOME': '/home/joel', 'TERMINFO': '/usr/lib/kitty/terminfo', 'MOZ_ENABLE_WAYLAND': '1', 'OLDPWD': '/mnt/Storage/Hackathons/IIITM/raged-ros2/src', 'DESKTOP_SESSION': 'hyprland', 'KITTY_INSTALLATION_DIR': '/usr/lib/kitty', 'ROS_PYTHON_VERSION': '3', 'PS1': '\n\\[\x1b[38;2;49;50;68m\\]\ue0b6\\[\x1b[48;2;49;50;68;38;2;205;214;244m\\]\U000f0548 joel (Ubuntu 22.04) \\[\x1b[48;2;250;179;135;38;2;49;50;68m\\]\ue0b0\\[\x1b[38;2;24;24;37m\\] …/raged-ros2 \\[\x1b[48;2;166;227;161;38;2;250;179;135m\\]\ue0b0\\[\x1b[38;2;30;30;46m\\] \uf418 main ! \\[\x1b[48;2;148;226;213;38;2;166;227;161m\\]\ue0b0\\[\x1b[38;2;30;30;46m\\] \ue606 v3.10.12 \\[\x1b[48;2;137;180;250;38;2;148;226;213m\\]\ue0b0\\[\x1b[45;38;2;137;180;250m\\]\ue0b0\\[\x1b[38;2;24;24;37m\\] \uf43a 11:17 \\[\x1b[0m\\]\\[\x1b[35m\\]\ue0b4 \\[\x1b[0m\\]\n\\[\x1b[1;38;2;243;139;168m\\]\uf432\\[\x1b[0m\\]', 'KITTY_PID': '286850', 'CONTAINER_LABEL': '(Ubuntu 22.04)', 'DISTROBOX_ENTER_PATH': '/usr/bin/distrobox-enter', 'XDG_STATE_HOME': '/home/joel/.local/state', 'DBUS_SESSION_BUS_ADDRESS': 'unix:path=/run/user/1000/bus', 'COLORTERM': 'truecolor', 'container': 'docker', 'WAYLAND_DISPLAY': 'wayland-1', 'COLCON_PREFIX_PATH': '/mnt/Storage/Hackathons/IIITM/raged-ros2/install', 'ROS_DISTRO': 'humble', 'LOGNAME': 'joel', '_': '/usr/bin/colcon', 'ROS_VERSION': '2', 'XDG_SESSION_CLASS': 'user', 'TERMINFO_DIRS': '/usr/share/terminfo:/run/host/usr/share/terminfo', 'USERNAME': 'joel', 'TERM': 'xterm-256color', 'XDG_SESSION_ID': 'c2', 'ROS_LOCALHOST_ONLY': '0', 'HISTCONTROL': 'ignoreboth', 'HL_INITIAL_WORKSPACE_TOKEN': 'ad997488-f1af-4f49-947b-2821f62763c8', 'PATH': '/opt/ros/humble/bin:/home/joel/.local/bin:/home/joel/.local/personal_scripts:/home/joel/.local/share/gem/ruby/3.4.0/bin:/mnt/Storage/rom/extract/VBiosFinder-master/rom-parser:/usr/local/sbin:/usr/local/bin:/usr/sbin:/usr/bin:/sbin:/bin:/usr/games:/usr/local/games:/snap/bin', 'GDM_LANG': 'en_US.UTF-8', 'XDG_RUNTIME_DIR': '/run/user/1000', 'DISPLAY': ':0', 'HYPRCURSOR_SIZE': '24', 'LANG': 'en_US.UTF-8', 'XDG_CURRENT_DESKTOP': 'Hyprland', 'XDG_DATA_HOME': '/home/joel/.local/share', 'XDG_CONFIG_HOME': '/home/joel/.config', 'XDG_SESSION_DESKTOP': 'hyprland', 'AMENT_PREFIX_PATH': '/mnt/Storage/Hackathons/IIITM/raged-ros2/install/website:/mnt/Storage/Hackathons/IIITM/raged-ros2/install/control:/mnt/Storage/Hackathons/IIITM/raged-ros2/install/camera:/opt/ros/humble', 'SHELL': '/usr/bin/bash', 'GDMSESSION': 'hyprland', 'KITTY_WINDOW_ID': '1', 'PWD': '/mnt/Storage/Hackathons/IIITM/raged-ros2/build/camera', 'CONTAINER_ID': 'Ubuntu_22.04', 'LC_ALL': 'en_US.UTF-8', 'XDG_CONFIG_DIRS': '/etc/xdg', 'XDG_BACKEND': 'wayland', 'XDG_DATA_DIRS': '/home/joel/.local/share/flatpak/exports/share:/var/lib/flatpak/exports/share:/usr/local/share/:/usr/share/:/usr/local/share:/usr/share', 'STARSHIP_SESSION_KEY': '1842142781503886', 'PYTHONPATH': '/mnt/Storage/Hackathons/IIITM/raged-ros2/build/camera/prefix_override:/usr/lib/python3/dist-packages/colcon_core/task/python/colcon_distutils_commands:/mnt/Storage/Hackathons/IIITM/raged-ros2/install/camera/lib/python3.10/site-packages:/mnt/Storage/Hackathons/IIITM/raged-ros2/install/website/lib/python3.10/site-packages:/mnt/Storage/Hackathons/IIITM/raged-ros2/install/control/lib/python3.10/site-packages:/mnt/Storage/Hackathons/IIITM/raged-ros2/install/camera/lib/python3.10/site-packages:/opt/ros/humble/lib/python3.10/site-packages:/opt/ros/humble/local/lib/python3.10/dist-packages:/home/joel/.local/py_pkgs/Python_3.13.3', 'COLCON': '1'}, 'shell': False}
[1.606037] (-) TimerEvent: {}
[1.647780] (website) Command: {'cmd': ['/usr/bin/python3', '-W', 'ignore:setup.py install is deprecated', '-W', 'ignore:easy_install command is deprecated', 'setup.py', 'egg_info', '--egg-base', '../../build/website', 'build', '--build-base', '/mnt/Storage/Hackathons/IIITM/raged-ros2/build/website/build', 'install', '--record', '/mnt/Storage/Hackathons/IIITM/raged-ros2/build/website/install.log', '--single-version-externally-managed', 'install_data'], 'cwd': '/mnt/Storage/Hackathons/IIITM/raged-ros2/src/website', 'env': {'MAIL': '/var/mail/joel', 'HYPRLAND_CMD': 'Hyprland', 'USER': 'joel', 'HYPRLAND_INSTANCE_SIGNATURE': '9958d297641b5c84dcff93f9039d80a5ad37ab00_1750093448_30657225', 'STARSHIP_SHELL': 'bash', 'HOSTNAME': 'archlinux', 'XDG_SESSION_TYPE': 'wayland', 'KITTY_SHELL_INTEGRATION': 'enabled', 'XCURSOR_SIZE': '24', 'XDG_CACHE_HOME': '/home/joel/.cache', 'SHLVL': '3', 'LD_LIBRARY_PATH': '/opt/ros/humble/opt/rviz_ogre_vendor/lib:/opt/ros/humble/lib/x86_64-linux-gnu:/opt/ros/humble/lib', 'MOTD_SHOWN': 'pam', 'HOME': '/home/joel', 'TERMINFO': '/usr/lib/kitty/terminfo', 'MOZ_ENABLE_WAYLAND': '1', 'OLDPWD': '/mnt/Storage/Hackathons/IIITM/raged-ros2/src', 'DESKTOP_SESSION': 'hyprland', 'KITTY_INSTALLATION_DIR': '/usr/lib/kitty', 'ROS_PYTHON_VERSION': '3', 'PS1': '\n\\[\x1b[38;2;49;50;68m\\]\ue0b6\\[\x1b[48;2;49;50;68;38;2;205;214;244m\\]\U000f0548 joel (Ubuntu 22.04) \\[\x1b[48;2;250;179;135;38;2;49;50;68m\\]\ue0b0\\[\x1b[38;2;24;24;37m\\] …/raged-ros2 \\[\x1b[48;2;166;227;161;38;2;250;179;135m\\]\ue0b0\\[\x1b[38;2;30;30;46m\\] \uf418 main ! \\[\x1b[48;2;148;226;213;38;2;166;227;161m\\]\ue0b0\\[\x1b[38;2;30;30;46m\\] \ue606 v3.10.12 \\[\x1b[48;2;137;180;250;38;2;148;226;213m\\]\ue0b0\\[\x1b[45;38;2;137;180;250m\\]\ue0b0\\[\x1b[38;2;24;24;37m\\] \uf43a 11:17 \\[\x1b[0m\\]\\[\x1b[35m\\]\ue0b4 \\[\x1b[0m\\]\n\\[\x1b[1;38;2;243;139;168m\\]\uf432\\[\x1b[0m\\]', 'KITTY_PID': '286850', 'CONTAINER_LABEL': '(Ubuntu 22.04)', 'DISTROBOX_ENTER_PATH': '/usr/bin/distrobox-enter', 'XDG_STATE_HOME': '/home/joel/.local/state', 'DBUS_SESSION_BUS_ADDRESS': 'unix:path=/run/user/1000/bus', 'COLORTERM': 'truecolor', 'container': 'docker', 'WAYLAND_DISPLAY': 'wayland-1', 'COLCON_PREFIX_PATH': '/mnt/Storage/Hackathons/IIITM/raged-ros2/install', 'ROS_DISTRO': 'humble', 'LOGNAME': 'joel', '_': '/usr/bin/colcon', 'ROS_VERSION': '2', 'XDG_SESSION_CLASS': 'user', 'TERMINFO_DIRS': '/usr/share/terminfo:/run/host/usr/share/terminfo', 'USERNAME': 'joel', 'TERM': 'xterm-256color', 'XDG_SESSION_ID': 'c2', 'ROS_LOCALHOST_ONLY': '0', 'HISTCONTROL': 'ignoreboth', 'HL_INITIAL_WORKSPACE_TOKEN': 'ad997488-f1af-4f49-947b-2821f62763c8', 'PATH': '/opt/ros/humble/bin:/home/joel/.local/bin:/home/joel/.local/personal_scripts:/home/joel/.local/share/gem/ruby/3.4.0/bin:/mnt/Storage/rom/extract/VBiosFinder-master/rom-parser:/usr/local/sbin:/usr/local/bin:/usr/sbin:/usr/bin:/sbin:/bin:/usr/games:/usr/local/games:/snap/bin', 'GDM_LANG': 'en_US.UTF-8', 'XDG_RUNTIME_DIR': '/run/user/1000', 'DISPLAY': ':0', 'HYPRCURSOR_SIZE': '24', 'LANG': 'en_US.UTF-8', 'XDG_CURRENT_DESKTOP': 'Hyprland', 'XDG_DATA_HOME': '/home/joel/.local/share', 'XDG_CONFIG_HOME': '/home/joel/.config', 'XDG_SESSION_DESKTOP': 'hyprland', 'AMENT_PREFIX_PATH': '/mnt/Storage/Hackathons/IIITM/raged-ros2/install/website:/mnt/Storage/Hackathons/IIITM/raged-ros2/install/control:/mnt/Storage/Hackathons/IIITM/raged-ros2/install/camera:/opt/ros/humble', 'SHELL': '/usr/bin/bash', 'GDMSESSION': 'hyprland', 'KITTY_WINDOW_ID': '1', 'PWD': '/mnt/Storage/Hackathons/IIITM/raged-ros2/build/website', 'CONTAINER_ID': 'Ubuntu_22.04', 'LC_ALL': 'en_US.UTF-8', 'XDG_CONFIG_DIRS': '/etc/xdg', 'XDG_BACKEND': 'wayland', 'XDG_DATA_DIRS': '/home/joel/.local/share/flatpak/exports/share:/var/lib/flatpak/exports/share:/usr/local/share/:/usr/share/:/usr/local/share:/usr/share', 'STARSHIP_SESSION_KEY': '1842142781503886', 'PYTHONPATH': '/mnt/Storage/Hackathons/IIITM/raged-ros2/build/website/prefix_override:/usr/lib/python3/dist-packages/colcon_core/task/python/colcon_distutils_commands:/mnt/Storage/Hackathons/IIITM/raged-ros2/install/website/lib/python3.10/site-packages:/mnt/Storage/Hackathons/IIITM/raged-ros2/install/website/lib/python3.10/site-packages:/mnt/Storage/Hackathons/IIITM/raged-ros2/install/control/lib/python3.10/site-packages:/mnt/Storage/Hackathons/IIITM/raged-ros2/install/camera/lib/python3.10/site-packages:/opt/ros/humble/lib/python3.10/site-packages:/opt/ros/humble/local/lib/python3.10/dist-packages:/home/joel/.local/py_pkgs/Python_3.13.3', 'COLCON': '1'}, 'shell': False}
[1.666254] (control) Command: {'cmd': ['/usr/bin/python3', '-W', 'ignore:setup.py install is deprecated', '-W', 'ignore:easy_install command is deprecated', 'setup.py', 'egg_info', '--egg-base', '../../build/control', 'build', '--build-base', '/mnt/Storage/Hackathons/IIITM/raged-ros2/build/control/build', 'install', '--record', '/mnt/Storage/Hackathons/IIITM/raged-ros2/build/control/install.log', '--single-version-externally-managed', 'install_data'], 'cwd': '/mnt/Storage/Hackathons/IIITM/raged-ros2/src/control', 'env': {'MAIL': '/var/mail/joel', 'HYPRLAND_CMD': 'Hyprland', 'USER': 'joel', 'HYPRLAND_INSTANCE_SIGNATURE': '9958d297641b5c84dcff93f9039d80a5ad37ab00_1750093448_30657225', 'STARSHIP_SHELL': 'bash', 'HOSTNAME': 'archlinux', 'XDG_SESSION_TYPE': 'wayland', 'KITTY_SHELL_INTEGRATION': 'enabled', 'XCURSOR_SIZE': '24', 'XDG_CACHE_HOME': '/home/joel/.cache', 'SHLVL': '3', 'LD_LIBRARY_PATH': '/opt/ros/humble/opt/rviz_ogre_vendor/lib:/opt/ros/humble/lib/x86_64-linux-gnu:/opt/ros/humble/lib', 'MOTD_SHOWN': 'pam', 'HOME': '/home/joel', 'TERMINFO': '/usr/lib/kitty/terminfo', 'MOZ_ENABLE_WAYLAND': '1', 'OLDPWD': '/mnt/Storage/Hackathons/IIITM/raged-ros2/src', 'DESKTOP_SESSION': 'hyprland', 'KITTY_INSTALLATION_DIR': '/usr/lib/kitty', 'ROS_PYTHON_VERSION': '3', 'PS1': '\n\\[\x1b[38;2;49;50;68m\\]\ue0b6\\[\x1b[48;2;49;50;68;38;2;205;214;244m\\]\U000f0548 joel (Ubuntu 22.04) \\[\x1b[48;2;250;179;135;38;2;49;50;68m\\]\ue0b0\\[\x1b[38;2;24;24;37m\\] …/raged-ros2 \\[\x1b[48;2;166;227;161;38;2;250;179;135m\\]\ue0b0\\[\x1b[38;2;30;30;46m\\] \uf418 main ! \\[\x1b[48;2;148;226;213;38;2;166;227;161m\\]\ue0b0\\[\x1b[38;2;30;30;46m\\] \ue606 v3.10.12 \\[\x1b[48;2;137;180;250;38;2;148;226;213m\\]\ue0b0\\[\x1b[45;38;2;137;180;250m\\]\ue0b0\\[\x1b[38;2;24;24;37m\\] \uf43a 11:17 \\[\x1b[0m\\]\\[\x1b[35m\\]\ue0b4 \\[\x1b[0m\\]\n\\[\x1b[1;38;2;243;139;168m\\]\uf432\\[\x1b[0m\\]', 'KITTY_PID': '286850', 'CONTAINER_LABEL': '(Ubuntu 22.04)', 'DISTROBOX_ENTER_PATH': '/usr/bin/distrobox-enter', 'XDG_STATE_HOME': '/home/joel/.local/state', 'DBUS_SESSION_BUS_ADDRESS': 'unix:path=/run/user/1000/bus', 'COLORTERM': 'truecolor', 'container': 'docker', 'WAYLAND_DISPLAY': 'wayland-1', 'COLCON_PREFIX_PATH': '/mnt/Storage/Hackathons/IIITM/raged-ros2/install', 'ROS_DISTRO': 'humble', 'LOGNAME': 'joel', '_': '/usr/bin/colcon', 'ROS_VERSION': '2', 'XDG_SESSION_CLASS': 'user', 'TERMINFO_DIRS': '/usr/share/terminfo:/run/host/usr/share/terminfo', 'USERNAME': 'joel', 'TERM': 'xterm-256color', 'XDG_SESSION_ID': 'c2', 'ROS_LOCALHOST_ONLY': '0', 'HISTCONTROL': 'ignoreboth', 'HL_INITIAL_WORKSPACE_TOKEN': 'ad997488-f1af-4f49-947b-2821f62763c8', 'PATH': '/opt/ros/humble/bin:/home/joel/.local/bin:/home/joel/.local/personal_scripts:/home/joel/.local/share/gem/ruby/3.4.0/bin:/mnt/Storage/rom/extract/VBiosFinder-master/rom-parser:/usr/local/sbin:/usr/local/bin:/usr/sbin:/usr/bin:/sbin:/bin:/usr/games:/usr/local/games:/snap/bin', 'GDM_LANG': 'en_US.UTF-8', 'XDG_RUNTIME_DIR': '/run/user/1000', 'DISPLAY': ':0', 'HYPRCURSOR_SIZE': '24', 'LANG': 'en_US.UTF-8', 'XDG_CURRENT_DESKTOP': 'Hyprland', 'XDG_DATA_HOME': '/home/joel/.local/share', 'XDG_CONFIG_HOME': '/home/joel/.config', 'XDG_SESSION_DESKTOP': 'hyprland', 'AMENT_PREFIX_PATH': '/mnt/Storage/Hackathons/IIITM/raged-ros2/install/website:/mnt/Storage/Hackathons/IIITM/raged-ros2/install/control:/mnt/Storage/Hackathons/IIITM/raged-ros2/install/camera:/opt/ros/humble', 'SHELL': '/usr/bin/bash', 'GDMSESSION': 'hyprland', 'KITTY_WINDOW_ID': '1', 'PWD': '/mnt/Storage/Hackathons/IIITM/raged-ros2/build/control', 'CONTAINER_ID': 'Ubuntu_22.04', 'LC_ALL': 'en_US.UTF-8', 'XDG_CONFIG_DIRS': '/etc/xdg', 'XDG_BACKEND': 'wayland', 'XDG_DATA_DIRS': '/home/joel/.local/share/flatpak/exports/share:/var/lib/flatpak/exports/share:/usr/local/share/:/usr/share/:/usr/local/share:/usr/share', 'STARSHIP_SESSION_KEY': '1842142781503886', 'PYTHONPATH': '/mnt/Storage/Hackathons/IIITM/raged-ros2/build/control/prefix_override:/usr/lib/python3/dist-packages/colcon_core/task/python/colcon_distutils_commands:/mnt/Storage/Hackathons/IIITM/raged-ros2/install/control/lib/python3.10/site-packages:/mnt/Storage/Hackathons/IIITM/raged-ros2/install/website/lib/python3.10/site-packages:/mnt/Storage/Hackathons/IIITM/raged-ros2/install/control/lib/python3.10/site-packages:/mnt/Storage/Hackathons/IIITM/raged-ros2/install/camera/lib/python3.10/site-packages:/opt/ros/humble/lib/python3.10/site-packages:/opt/ros/humble/local/lib/python3.10/dist-packages:/home/joel/.local/py_pkgs/Python_3.13.3', 'COLCON': '1'}, 'shell': False}
[1.706125] (-) TimerEvent: {}
[1.806465] (-) TimerEvent: {}
[1.906997] (-) TimerEvent: {}
[2.007402] (-) TimerEvent: {}
[2.015582] (camera) StdoutLine: {'line': b'running egg_info\n'}
[2.016400] (camera) StdoutLine: {'line': b'writing ../../build/camera/camera.egg-info/PKG-INFO\n'}
[2.016866] (camera) StdoutLine: {'line': b'writing dependency_links to ../../build/camera/camera.egg-info/dependency_links.txt\n'}
[2.017368] (camera) StdoutLine: {'line': b'writing entry points to ../../build/camera/camera.egg-info/entry_points.txt\n'}
[2.017745] (camera) StdoutLine: {'line': b'writing requirements to ../../build/camera/camera.egg-info/requires.txt\n'}
[2.018143] (camera) StdoutLine: {'line': b'writing top-level names to ../../build/camera/camera.egg-info/top_level.txt\n'}
[2.022278] (camera) StdoutLine: {'line': b"reading manifest file '../../build/camera/camera.egg-info/SOURCES.txt'\n"}
[2.025200] (camera) StdoutLine: {'line': b"writing manifest file '../../build/camera/camera.egg-info/SOURCES.txt'\n"}
[2.025605] (camera) StdoutLine: {'line': b'running build\n'}
[2.026183] (camera) StdoutLine: {'line': b'running build_py\n'}
[2.026659] (camera) StdoutLine: {'line': b'copying camera/camera.py -> /mnt/Storage/Hackathons/IIITM/raged-ros2/build/camera/build/lib/camera\n'}
[2.028227] (camera) StdoutLine: {'line': b'running install\n'}
[2.028805] (camera) StdoutLine: {'line': b'running install_lib\n'}
[2.030702] (camera) StdoutLine: {'line': b'copying /mnt/Storage/Hackathons/IIITM/raged-ros2/build/camera/build/lib/camera/camera.py -> /mnt/Storage/Hackathons/IIITM/raged-ros2/install/camera/lib/python3.10/site-packages/camera\n'}
[2.031516] (website) StdoutLine: {'line': b'running egg_info\n'}
[2.032760] (website) StdoutLine: {'line': b'writing ../../build/website/website.egg-info/PKG-INFO\n'}
[2.033346] (camera) StdoutLine: {'line': b'byte-compiling /mnt/Storage/Hackathons/IIITM/raged-ros2/install/camera/lib/python3.10/site-packages/camera/camera.py to camera.cpython-310.pyc\n'}
[2.033776] (website) StdoutLine: {'line': b'writing dependency_links to ../../build/website/website.egg-info/dependency_links.txt\n'}
[2.034353] (website) StdoutLine: {'line': b'writing entry points to ../../build/website/website.egg-info/entry_points.txt\n'}
[2.034885] (website) StdoutLine: {'line': b'writing requirements to ../../build/website/website.egg-info/requires.txt\n'}
[2.035314] (website) StdoutLine: {'line': b'writing top-level names to ../../build/website/website.egg-info/top_level.txt\n'}
[2.035656] (camera) StdoutLine: {'line': b'running install_data\n'}
[2.036010] (camera) StdoutLine: {'line': b'running install_egg_info\n'}
[2.038857] (website) StdoutLine: {'line': b"reading manifest file '../../build/website/website.egg-info/SOURCES.txt'\n"}
[2.039239] (camera) StdoutLine: {'line': b"removing '/mnt/Storage/Hackathons/IIITM/raged-ros2/install/camera/lib/python3.10/site-packages/camera-0.0.0-py3.10.egg-info' (and everything under it)\n"}
[2.040198] (camera) StdoutLine: {'line': b'Copying ../../build/camera/camera.egg-info to /mnt/Storage/Hackathons/IIITM/raged-ros2/install/camera/lib/python3.10/site-packages/camera-0.0.0-py3.10.egg-info\n'}
[2.041229] (control) StdoutLine: {'line': b'running egg_info\n'}
[2.042327] (website) StdoutLine: {'line': b"writing manifest file '../../build/website/website.egg-info/SOURCES.txt'\n"}
[2.042722] (control) StdoutLine: {'line': b'writing ../../build/control/control.egg-info/PKG-INFO\n'}
[2.043199] (website) StdoutLine: {'line': b'running build\n'}
[2.043531] (website) StdoutLine: {'line': b'running build_py\n'}
[2.043925] (control) StdoutLine: {'line': b'writing dependency_links to ../../build/control/control.egg-info/dependency_links.txt\n'}
[2.044299] (control) StdoutLine: {'line': b'writing entry points to ../../build/control/control.egg-info/entry_points.txt\n'}
[2.044693] (control) StdoutLine: {'line': b'writing requirements to ../../build/control/control.egg-info/requires.txt\n'}
[2.045023] (control) StdoutLine: {'line': b'writing top-level names to ../../build/control/control.egg-info/top_level.txt\n'}
[2.045321] (website) StdoutLine: {'line': b'running install\n'}
[2.045740] (website) StdoutLine: {'line': b'running install_lib\n'}
[2.046129] (camera) StdoutLine: {'line': b'running install_scripts\n'}
[2.048797] (website) StdoutLine: {'line': b'running install_data\n'}
[2.049316] (control) StdoutLine: {'line': b"reading manifest file '../../build/control/control.egg-info/SOURCES.txt'\n"}
[2.049726] (website) StdoutLine: {'line': b'running install_egg_info\n'}
[2.052241] (control) StdoutLine: {'line': b"writing manifest file '../../build/control/control.egg-info/SOURCES.txt'\n"}
[2.052747] (control) StdoutLine: {'line': b'running build\n'}
[2.053144] (control) StdoutLine: {'line': b'running build_py\n'}
[2.053678] (website) StdoutLine: {'line': b"removing '/mnt/Storage/Hackathons/IIITM/raged-ros2/install/website/lib/python3.10/site-packages/website-0.0.0-py3.10.egg-info' (and everything under it)\n"}
[2.054203] (website) StdoutLine: {'line': b'Copying ../../build/website/website.egg-info to /mnt/Storage/Hackathons/IIITM/raged-ros2/install/website/lib/python3.10/site-packages/website-0.0.0-py3.10.egg-info\n'}
[2.055273] (control) StdoutLine: {'line': b'running install\n'}
[2.055821] (control) StdoutLine: {'line': b'running install_lib\n'}
[2.059813] (control) StdoutLine: {'line': b'running install_data\n'}
[2.060261] (website) StdoutLine: {'line': b'running install_scripts\n'}
[2.060595] (control) StdoutLine: {'line': b'running install_egg_info\n'}
[2.063340] (control) StdoutLine: {'line': b"removing '/mnt/Storage/Hackathons/IIITM/raged-ros2/install/control/lib/python3.10/site-packages/control-0.0.0-py3.10.egg-info' (and everything under it)\n"}
[2.064483] (control) StdoutLine: {'line': b'Copying ../../build/control/control.egg-info to /mnt/Storage/Hackathons/IIITM/raged-ros2/install/control/lib/python3.10/site-packages/control-0.0.0-py3.10.egg-info\n'}
[2.068853] (control) StdoutLine: {'line': b'running install_scripts\n'}
[2.085604] (camera) StdoutLine: {'line': b'Installing camera script to /mnt/Storage/Hackathons/IIITM/raged-ros2/install/camera/lib/camera\n'}
[2.086627] (camera) StdoutLine: {'line': b"writing list of installed files to '/mnt/Storage/Hackathons/IIITM/raged-ros2/build/camera/install.log'\n"}
[2.094415] (website) StdoutLine: {'line': b"writing list of installed files to '/mnt/Storage/Hackathons/IIITM/raged-ros2/build/website/install.log'\n"}
[2.107538] (-) TimerEvent: {}
[2.111086] (control) StdoutLine: {'line': b"writing list of installed files to '/mnt/Storage/Hackathons/IIITM/raged-ros2/build/control/install.log'\n"}
[2.135945] (website) CommandEnded: {'returncode': 0}
[2.163092] (website) JobEnded: {'identifier': 'website', 'rc': 0}
[2.166318] (camera) CommandEnded: {'returncode': 0}
[2.184698] (camera) JobEnded: {'identifier': 'camera', 'rc': 0}
[2.186928] (control) CommandEnded: {'returncode': 0}
[2.202207] (control) JobEnded: {'identifier': 'control', 'rc': 0}
[2.203424] (-) EventReactorShutdown: {}
