[0.137s] DEBUG:colcon:Command line arguments: ['/usr/bin/colcon', 'build']
[0.137s] DEBUG:colcon:Parsed command line arguments: Namespace(log_base=None, log_level=None, verb_name='build', build_base='build', install_base='install', merge_install=False, symlink_install=False, test_result_base=None, continue_on_error=False, executor='parallel', parallel_workers=8, event_handlers=None, ignore_user_meta=False, metas=['./colcon.meta'], base_paths=['.'], packages_ignore=None, packages_ignore_regex=None, paths=None, packages_up_to=None, packages_up_to_regex=None, packages_above=None, packages_above_and_dependencies=None, packages_above_depth=None, packages_select_by_dep=None, packages_skip_by_dep=None, packages_skip_up_to=None, packages_select_build_failed=False, packages_skip_build_finished=False, packages_select_test_failures=False, packages_skip_test_passed=False, packages_select=None, packages_skip=None, packages_select_regex=None, packages_skip_regex=None, packages_start=None, packages_end=None, allow_overriding=[], cmake_args=None, cmake_target=None, cmake_target_skip_unavailable=False, cmake_clean_cache=False, cmake_clean_first=False, cmake_force_configure=False, ament_cmake_args=None, catkin_cmake_args=None, catkin_skip_building_tests=False, verb_parser=<colcon_defaults.argument_parser.defaults.DefaultArgumentsDecorator object at 0x7f5be0ddfcd0>, verb_extension=<colcon_core.verb.build.BuildVerb object at 0x7f5be0f8c8e0>, main=<bound method BuildVerb.main of <colcon_core.verb.build.BuildVerb object at 0x7f5be0f8c8e0>>)
[0.338s] Level 1:colcon.colcon_core.package_discovery:discover_packages(colcon_meta) check parameters
[0.338s] Level 1:colcon.colcon_core.package_discovery:discover_packages(recursive) check parameters
[0.338s] Level 1:colcon.colcon_core.package_discovery:discover_packages(ignore) check parameters
[0.338s] Level 1:colcon.colcon_core.package_discovery:discover_packages(path) check parameters
[0.338s] Level 1:colcon.colcon_core.package_discovery:discover_packages(colcon_meta) discover
[0.338s] Level 1:colcon.colcon_core.package_discovery:discover_packages(recursive) discover
[0.338s] INFO:colcon.colcon_core.package_discovery:Crawling recursively for packages in '/mnt/Storage/Hackathons/IIITM/raged-ros2'
[0.339s] Level 1:colcon.colcon_core.package_identification:_identify(.) by extensions ['ignore', 'ignore_ament_install']
[0.339s] Level 1:colcon.colcon_core.package_identification:_identify(.) by extension 'ignore'
[0.339s] Level 1:colcon.colcon_core.package_identification:_identify(.) by extension 'ignore_ament_install'
[0.339s] Level 1:colcon.colcon_core.package_identification:_identify(.) by extensions ['colcon_pkg']
[0.339s] Level 1:colcon.colcon_core.package_identification:_identify(.) by extension 'colcon_pkg'
[0.339s] Level 1:colcon.colcon_core.package_identification:_identify(.) by extensions ['colcon_meta']
[0.339s] Level 1:colcon.colcon_core.package_identification:_identify(.) by extension 'colcon_meta'
[0.339s] Level 1:colcon.colcon_core.package_identification:_identify(.) by extensions ['ros']
[0.339s] Level 1:colcon.colcon_core.package_identification:_identify(.) by extension 'ros'
[0.353s] Level 1:colcon.colcon_core.package_identification:_identify(.) by extensions ['cmake', 'python']
[0.353s] Level 1:colcon.colcon_core.package_identification:_identify(.) by extension 'cmake'
[0.353s] Level 1:colcon.colcon_core.package_identification:_identify(.) by extension 'python'
[0.354s] Level 1:colcon.colcon_core.package_identification:_identify(.) by extensions ['python_setup_py']
[0.354s] Level 1:colcon.colcon_core.package_identification:_identify(.) by extension 'python_setup_py'
[0.354s] Level 1:colcon.colcon_core.package_identification:_identify(build) by extensions ['ignore', 'ignore_ament_install']
[0.354s] Level 1:colcon.colcon_core.package_identification:_identify(build) by extension 'ignore'
[0.354s] Level 1:colcon.colcon_core.package_identification:_identify(build) ignored
[0.354s] Level 1:colcon.colcon_core.package_identification:_identify(install) by extensions ['ignore', 'ignore_ament_install']
[0.355s] Level 1:colcon.colcon_core.package_identification:_identify(install) by extension 'ignore'
[0.355s] Level 1:colcon.colcon_core.package_identification:_identify(install) ignored
[0.355s] Level 1:colcon.colcon_core.package_identification:_identify(log) by extensions ['ignore', 'ignore_ament_install']
[0.355s] Level 1:colcon.colcon_core.package_identification:_identify(log) by extension 'ignore'
[0.355s] Level 1:colcon.colcon_core.package_identification:_identify(log) ignored
[0.355s] Level 1:colcon.colcon_core.package_identification:_identify(src) by extensions ['ignore', 'ignore_ament_install']
[0.355s] Level 1:colcon.colcon_core.package_identification:_identify(src) by extension 'ignore'
[0.356s] Level 1:colcon.colcon_core.package_identification:_identify(src) by extension 'ignore_ament_install'
[0.356s] Level 1:colcon.colcon_core.package_identification:_identify(src) by extensions ['colcon_pkg']
[0.356s] Level 1:colcon.colcon_core.package_identification:_identify(src) by extension 'colcon_pkg'
[0.356s] Level 1:colcon.colcon_core.package_identification:_identify(src) by extensions ['colcon_meta']
[0.356s] Level 1:colcon.colcon_core.package_identification:_identify(src) by extension 'colcon_meta'
[0.356s] Level 1:colcon.colcon_core.package_identification:_identify(src) by extensions ['ros']
[0.356s] Level 1:colcon.colcon_core.package_identification:_identify(src) by extension 'ros'
[0.357s] Level 1:colcon.colcon_core.package_identification:_identify(src) by extensions ['cmake', 'python']
[0.357s] Level 1:colcon.colcon_core.package_identification:_identify(src) by extension 'cmake'
[0.357s] Level 1:colcon.colcon_core.package_identification:_identify(src) by extension 'python'
[0.357s] Level 1:colcon.colcon_core.package_identification:_identify(src) by extensions ['python_setup_py']
[0.357s] Level 1:colcon.colcon_core.package_identification:_identify(src) by extension 'python_setup_py'
[0.357s] Level 1:colcon.colcon_core.package_identification:_identify(src/camera) by extensions ['ignore', 'ignore_ament_install']
[0.358s] Level 1:colcon.colcon_core.package_identification:_identify(src/camera) by extension 'ignore'
[0.358s] Level 1:colcon.colcon_core.package_identification:_identify(src/camera) by extension 'ignore_ament_install'
[0.358s] Level 1:colcon.colcon_core.package_identification:_identify(src/camera) by extensions ['colcon_pkg']
[0.358s] Level 1:colcon.colcon_core.package_identification:_identify(src/camera) by extension 'colcon_pkg'
[0.358s] Level 1:colcon.colcon_core.package_identification:_identify(src/camera) by extensions ['colcon_meta']
[0.358s] Level 1:colcon.colcon_core.package_identification:_identify(src/camera) by extension 'colcon_meta'
[0.359s] Level 1:colcon.colcon_core.package_identification:_identify(src/camera) by extensions ['ros']
[0.359s] Level 1:colcon.colcon_core.package_identification:_identify(src/camera) by extension 'ros'
[0.362s] DEBUG:colcon.colcon_core.package_identification:Package 'src/camera' with type 'ros.ament_python' and name 'camera'
[0.363s] Level 1:colcon.colcon_core.package_identification:_identify(src/control) by extensions ['ignore', 'ignore_ament_install']
[0.363s] Level 1:colcon.colcon_core.package_identification:_identify(src/control) by extension 'ignore'
[0.363s] Level 1:colcon.colcon_core.package_identification:_identify(src/control) by extension 'ignore_ament_install'
[0.363s] Level 1:colcon.colcon_core.package_identification:_identify(src/control) by extensions ['colcon_pkg']
[0.363s] Level 1:colcon.colcon_core.package_identification:_identify(src/control) by extension 'colcon_pkg'
[0.364s] Level 1:colcon.colcon_core.package_identification:_identify(src/control) by extensions ['colcon_meta']
[0.364s] Level 1:colcon.colcon_core.package_identification:_identify(src/control) by extension 'colcon_meta'
[0.364s] Level 1:colcon.colcon_core.package_identification:_identify(src/control) by extensions ['ros']
[0.364s] Level 1:colcon.colcon_core.package_identification:_identify(src/control) by extension 'ros'
[0.365s] DEBUG:colcon.colcon_core.package_identification:Package 'src/control' with type 'ros.ament_python' and name 'control'
[0.366s] Level 1:colcon.colcon_core.package_identification:_identify(src/website) by extensions ['ignore', 'ignore_ament_install']
[0.366s] Level 1:colcon.colcon_core.package_identification:_identify(src/website) by extension 'ignore'
[0.366s] Level 1:colcon.colcon_core.package_identification:_identify(src/website) by extension 'ignore_ament_install'
[0.366s] Level 1:colcon.colcon_core.package_identification:_identify(src/website) by extensions ['colcon_pkg']
[0.366s] Level 1:colcon.colcon_core.package_identification:_identify(src/website) by extension 'colcon_pkg'
[0.366s] Level 1:colcon.colcon_core.package_identification:_identify(src/website) by extensions ['colcon_meta']
[0.367s] Level 1:colcon.colcon_core.package_identification:_identify(src/website) by extension 'colcon_meta'
[0.367s] Level 1:colcon.colcon_core.package_identification:_identify(src/website) by extensions ['ros']
[0.367s] Level 1:colcon.colcon_core.package_identification:_identify(src/website) by extension 'ros'
[0.368s] DEBUG:colcon.colcon_core.package_identification:Package 'src/website' with type 'ros.ament_python' and name 'website'
[0.369s] Level 1:colcon.colcon_core.package_identification:_identify(venv) by extensions ['ignore', 'ignore_ament_install']
[0.369s] Level 1:colcon.colcon_core.package_identification:_identify(venv) by extension 'ignore'
[0.369s] Level 1:colcon.colcon_core.package_identification:_identify(venv) ignored
[0.369s] Level 1:colcon.colcon_core.package_discovery:discover_packages(recursive) using defaults
[0.369s] Level 1:colcon.colcon_core.package_discovery:discover_packages(ignore) discover
[0.369s] Level 1:colcon.colcon_core.package_discovery:discover_packages(ignore) using defaults
[0.369s] Level 1:colcon.colcon_core.package_discovery:discover_packages(path) discover
[0.369s] Level 1:colcon.colcon_core.package_discovery:discover_packages(path) using defaults
[0.397s] Level 1:colcon.colcon_core.package_discovery:discover_packages(prefix_path) check parameters
[0.397s] Level 1:colcon.colcon_core.package_discovery:discover_packages(prefix_path) discover
[0.402s] DEBUG:colcon.colcon_installed_package_information.package_discovery:Found 3 installed packages in /mnt/Storage/Hackathons/IIITM/raged-ros2/install
[0.403s] DEBUG:colcon.colcon_installed_package_information.package_discovery:Found 271 installed packages in /opt/ros/humble
[0.405s] Level 1:colcon.colcon_core.package_discovery:discover_packages(prefix_path) using defaults
[0.477s] Level 5:colcon.colcon_core.verb:set package 'camera' build argument 'cmake_args' from command line to 'None'
[0.477s] Level 5:colcon.colcon_core.verb:set package 'camera' build argument 'cmake_target' from command line to 'None'
[0.477s] Level 5:colcon.colcon_core.verb:set package 'camera' build argument 'cmake_target_skip_unavailable' from command line to 'False'
[0.477s] Level 5:colcon.colcon_core.verb:set package 'camera' build argument 'cmake_clean_cache' from command line to 'False'
[0.477s] Level 5:colcon.colcon_core.verb:set package 'camera' build argument 'cmake_clean_first' from command line to 'False'
[0.477s] Level 5:colcon.colcon_core.verb:set package 'camera' build argument 'cmake_force_configure' from command line to 'False'
[0.477s] Level 5:colcon.colcon_core.verb:set package 'camera' build argument 'ament_cmake_args' from command line to 'None'
[0.477s] Level 5:colcon.colcon_core.verb:set package 'camera' build argument 'catkin_cmake_args' from command line to 'None'
[0.477s] Level 5:colcon.colcon_core.verb:set package 'camera' build argument 'catkin_skip_building_tests' from command line to 'False'
[0.478s] DEBUG:colcon.colcon_core.verb:Building package 'camera' with the following arguments: {'ament_cmake_args': None, 'build_base': '/mnt/Storage/Hackathons/IIITM/raged-ros2/build/camera', 'catkin_cmake_args': None, 'catkin_skip_building_tests': False, 'cmake_args': None, 'cmake_clean_cache': False, 'cmake_clean_first': False, 'cmake_force_configure': False, 'cmake_target': None, 'cmake_target_skip_unavailable': False, 'install_base': '/mnt/Storage/Hackathons/IIITM/raged-ros2/install/camera', 'merge_install': False, 'path': '/mnt/Storage/Hackathons/IIITM/raged-ros2/src/camera', 'symlink_install': False, 'test_result_base': None}
[0.478s] Level 5:colcon.colcon_core.verb:set package 'control' build argument 'cmake_args' from command line to 'None'
[0.478s] Level 5:colcon.colcon_core.verb:set package 'control' build argument 'cmake_target' from command line to 'None'
[0.478s] Level 5:colcon.colcon_core.verb:set package 'control' build argument 'cmake_target_skip_unavailable' from command line to 'False'
[0.478s] Level 5:colcon.colcon_core.verb:set package 'control' build argument 'cmake_clean_cache' from command line to 'False'
[0.478s] Level 5:colcon.colcon_core.verb:set package 'control' build argument 'cmake_clean_first' from command line to 'False'
[0.478s] Level 5:colcon.colcon_core.verb:set package 'control' build argument 'cmake_force_configure' from command line to 'False'
[0.478s] Level 5:colcon.colcon_core.verb:set package 'control' build argument 'ament_cmake_args' from command line to 'None'
[0.479s] Level 5:colcon.colcon_core.verb:set package 'control' build argument 'catkin_cmake_args' from command line to 'None'
[0.479s] Level 5:colcon.colcon_core.verb:set package 'control' build argument 'catkin_skip_building_tests' from command line to 'False'
[0.479s] DEBUG:colcon.colcon_core.verb:Building package 'control' with the following arguments: {'ament_cmake_args': None, 'build_base': '/mnt/Storage/Hackathons/IIITM/raged-ros2/build/control', 'catkin_cmake_args': None, 'catkin_skip_building_tests': False, 'cmake_args': None, 'cmake_clean_cache': False, 'cmake_clean_first': False, 'cmake_force_configure': False, 'cmake_target': None, 'cmake_target_skip_unavailable': False, 'install_base': '/mnt/Storage/Hackathons/IIITM/raged-ros2/install/control', 'merge_install': False, 'path': '/mnt/Storage/Hackathons/IIITM/raged-ros2/src/control', 'symlink_install': False, 'test_result_base': None}
[0.479s] Level 5:colcon.colcon_core.verb:set package 'website' build argument 'cmake_args' from command line to 'None'
[0.479s] Level 5:colcon.colcon_core.verb:set package 'website' build argument 'cmake_target' from command line to 'None'
[0.479s] Level 5:colcon.colcon_core.verb:set package 'website' build argument 'cmake_target_skip_unavailable' from command line to 'False'
[0.479s] Level 5:colcon.colcon_core.verb:set package 'website' build argument 'cmake_clean_cache' from command line to 'False'
[0.479s] Level 5:colcon.colcon_core.verb:set package 'website' build argument 'cmake_clean_first' from command line to 'False'
[0.480s] Level 5:colcon.colcon_core.verb:set package 'website' build argument 'cmake_force_configure' from command line to 'False'
[0.480s] Level 5:colcon.colcon_core.verb:set package 'website' build argument 'ament_cmake_args' from command line to 'None'
[0.480s] Level 5:colcon.colcon_core.verb:set package 'website' build argument 'catkin_cmake_args' from command line to 'None'
[0.480s] Level 5:colcon.colcon_core.verb:set package 'website' build argument 'catkin_skip_building_tests' from command line to 'False'
[0.480s] DEBUG:colcon.colcon_core.verb:Building package 'website' with the following arguments: {'ament_cmake_args': None, 'build_base': '/mnt/Storage/Hackathons/IIITM/raged-ros2/build/website', 'catkin_cmake_args': None, 'catkin_skip_building_tests': False, 'cmake_args': None, 'cmake_clean_cache': False, 'cmake_clean_first': False, 'cmake_force_configure': False, 'cmake_target': None, 'cmake_target_skip_unavailable': False, 'install_base': '/mnt/Storage/Hackathons/IIITM/raged-ros2/install/website', 'merge_install': False, 'path': '/mnt/Storage/Hackathons/IIITM/raged-ros2/src/website', 'symlink_install': False, 'test_result_base': None}
[0.480s] INFO:colcon.colcon_core.executor:Executing jobs using 'parallel' executor
[0.481s] DEBUG:colcon.colcon_parallel_executor.executor.parallel:run_until_complete
[0.482s] INFO:colcon.colcon_ros.task.ament_python.build:Building ROS package in '/mnt/Storage/Hackathons/IIITM/raged-ros2/src/camera' with build type 'ament_python'
[0.482s] Level 1:colcon.colcon_core.shell:create_environment_hook('camera', 'ament_prefix_path')
[0.485s] INFO:colcon.colcon_core.plugin_system:Skipping extension 'colcon_core.shell.bat': Not used on non-Windows systems
[0.486s] INFO:colcon.colcon_core.shell:Creating environment hook '/mnt/Storage/Hackathons/IIITM/raged-ros2/install/camera/share/camera/hook/ament_prefix_path.ps1'
[0.487s] INFO:colcon.colcon_core.shell:Creating environment descriptor '/mnt/Storage/Hackathons/IIITM/raged-ros2/install/camera/share/camera/hook/ament_prefix_path.dsv'
[0.488s] INFO:colcon.colcon_core.shell:Creating environment hook '/mnt/Storage/Hackathons/IIITM/raged-ros2/install/camera/share/camera/hook/ament_prefix_path.sh'
[0.490s] INFO:colcon.colcon_core.shell:Skip shell extension 'powershell' for command environment: Not usable outside of PowerShell
[0.490s] DEBUG:colcon.colcon_core.shell:Skip shell extension 'dsv' for command environment
[0.496s] INFO:colcon.colcon_ros.task.ament_python.build:Building ROS package in '/mnt/Storage/Hackathons/IIITM/raged-ros2/src/control' with build type 'ament_python'
[0.496s] Level 1:colcon.colcon_core.shell:create_environment_hook('control', 'ament_prefix_path')
[0.497s] INFO:colcon.colcon_core.shell:Creating environment hook '/mnt/Storage/Hackathons/IIITM/raged-ros2/install/control/share/control/hook/ament_prefix_path.ps1'
[0.498s] INFO:colcon.colcon_core.shell:Creating environment descriptor '/mnt/Storage/Hackathons/IIITM/raged-ros2/install/control/share/control/hook/ament_prefix_path.dsv'
[0.498s] INFO:colcon.colcon_core.shell:Creating environment hook '/mnt/Storage/Hackathons/IIITM/raged-ros2/install/control/share/control/hook/ament_prefix_path.sh'
[0.499s] INFO:colcon.colcon_core.shell:Skip shell extension 'powershell' for command environment: Not usable outside of PowerShell
[0.500s] DEBUG:colcon.colcon_core.shell:Skip shell extension 'dsv' for command environment
[0.506s] INFO:colcon.colcon_ros.task.ament_python.build:Building ROS package in '/mnt/Storage/Hackathons/IIITM/raged-ros2/src/website' with build type 'ament_python'
[0.506s] Level 1:colcon.colcon_core.shell:create_environment_hook('website', 'ament_prefix_path')
[0.507s] INFO:colcon.colcon_core.shell:Creating environment hook '/mnt/Storage/Hackathons/IIITM/raged-ros2/install/website/share/website/hook/ament_prefix_path.ps1'
[0.508s] INFO:colcon.colcon_core.shell:Creating environment descriptor '/mnt/Storage/Hackathons/IIITM/raged-ros2/install/website/share/website/hook/ament_prefix_path.dsv'
[0.509s] INFO:colcon.colcon_core.shell:Creating environment hook '/mnt/Storage/Hackathons/IIITM/raged-ros2/install/website/share/website/hook/ament_prefix_path.sh'
[0.510s] INFO:colcon.colcon_core.shell:Skip shell extension 'powershell' for command environment: Not usable outside of PowerShell
[0.510s] DEBUG:colcon.colcon_core.shell:Skip shell extension 'dsv' for command environment
[0.857s] INFO:colcon.colcon_core.task.python.build:Building Python package in '/mnt/Storage/Hackathons/IIITM/raged-ros2/src/camera'
[0.858s] INFO:colcon.colcon_core.shell:Skip shell extension 'powershell' for command environment: Not usable outside of PowerShell
[0.858s] DEBUG:colcon.colcon_core.shell:Skip shell extension 'dsv' for command environment
[1.193s] INFO:colcon.colcon_core.task.python.build:Building Python package in '/mnt/Storage/Hackathons/IIITM/raged-ros2/src/control'
[1.193s] INFO:colcon.colcon_core.shell:Skip shell extension 'powershell' for command environment: Not usable outside of PowerShell
[1.194s] DEBUG:colcon.colcon_core.shell:Skip shell extension 'dsv' for command environment
[1.571s] INFO:colcon.colcon_core.task.python.build:Building Python package in '/mnt/Storage/Hackathons/IIITM/raged-ros2/src/website'
[1.571s] INFO:colcon.colcon_core.shell:Skip shell extension 'powershell' for command environment: Not usable outside of PowerShell
[1.572s] DEBUG:colcon.colcon_core.shell:Skip shell extension 'dsv' for command environment
[2.061s] DEBUG:colcon.colcon_core.event_handler.log_command:Invoking command in '/mnt/Storage/Hackathons/IIITM/raged-ros2/src/camera': PS1=
\[[38;2;49;50;68m\]\[[48;2;49;50;68;38;2;205;214;244m\]󰕈 joel (Ubuntu 22.04) \[[48;2;250;179;135;38;2;49;50;68m\]\[[38;2;24;24;37m\] …/raged-ros2 \[[48;2;166;227;161;38;2;250;179;135m\]\[[38;2;30;30;46m\]  main ! \[[48;2;148;226;213;38;2;166;227;161m\]\[[38;2;30;30;46m\]  v3.10.12 \[[48;2;137;180;250;38;2;148;226;213m\]\[[45;38;2;137;180;250m\]\[[38;2;24;24;37m\]  11:17 \[[0m\]\[[35m\] \[[0m\]
\[[1;38;2;243;139;168m\]\[[0m\] PYTHONPATH=/mnt/Storage/Hackathons/IIITM/raged-ros2/build/camera/prefix_override:/usr/lib/python3/dist-packages/colcon_core/task/python/colcon_distutils_commands:/mnt/Storage/Hackathons/IIITM/raged-ros2/install/camera/lib/python3.10/site-packages:${PYTHONPATH} /usr/bin/python3 -W ignore:setup.py install is deprecated -W ignore:easy_install command is deprecated setup.py egg_info --egg-base ../../build/camera build --build-base /mnt/Storage/Hackathons/IIITM/raged-ros2/build/camera/build install --record /mnt/Storage/Hackathons/IIITM/raged-ros2/build/camera/install.log --single-version-externally-managed install_data
[2.134s] DEBUG:colcon.colcon_core.event_handler.log_command:Invoking command in '/mnt/Storage/Hackathons/IIITM/raged-ros2/src/website': PS1=
\[[38;2;49;50;68m\]\[[48;2;49;50;68;38;2;205;214;244m\]󰕈 joel (Ubuntu 22.04) \[[48;2;250;179;135;38;2;49;50;68m\]\[[38;2;24;24;37m\] …/raged-ros2 \[[48;2;166;227;161;38;2;250;179;135m\]\[[38;2;30;30;46m\]  main ! \[[48;2;148;226;213;38;2;166;227;161m\]\[[38;2;30;30;46m\]  v3.10.12 \[[48;2;137;180;250;38;2;148;226;213m\]\[[45;38;2;137;180;250m\]\[[38;2;24;24;37m\]  11:17 \[[0m\]\[[35m\] \[[0m\]
\[[1;38;2;243;139;168m\]\[[0m\] PYTHONPATH=/mnt/Storage/Hackathons/IIITM/raged-ros2/build/website/prefix_override:/usr/lib/python3/dist-packages/colcon_core/task/python/colcon_distutils_commands:/mnt/Storage/Hackathons/IIITM/raged-ros2/install/website/lib/python3.10/site-packages:${PYTHONPATH} /usr/bin/python3 -W ignore:setup.py install is deprecated -W ignore:easy_install command is deprecated setup.py egg_info --egg-base ../../build/website build --build-base /mnt/Storage/Hackathons/IIITM/raged-ros2/build/website/build install --record /mnt/Storage/Hackathons/IIITM/raged-ros2/build/website/install.log --single-version-externally-managed install_data
[2.151s] DEBUG:colcon.colcon_core.event_handler.log_command:Invoking command in '/mnt/Storage/Hackathons/IIITM/raged-ros2/src/control': PS1=
\[[38;2;49;50;68m\]\[[48;2;49;50;68;38;2;205;214;244m\]󰕈 joel (Ubuntu 22.04) \[[48;2;250;179;135;38;2;49;50;68m\]\[[38;2;24;24;37m\] …/raged-ros2 \[[48;2;166;227;161;38;2;250;179;135m\]\[[38;2;30;30;46m\]  main ! \[[48;2;148;226;213;38;2;166;227;161m\]\[[38;2;30;30;46m\]  v3.10.12 \[[48;2;137;180;250;38;2;148;226;213m\]\[[45;38;2;137;180;250m\]\[[38;2;24;24;37m\]  11:17 \[[0m\]\[[35m\] \[[0m\]
\[[1;38;2;243;139;168m\]\[[0m\] PYTHONPATH=/mnt/Storage/Hackathons/IIITM/raged-ros2/build/control/prefix_override:/usr/lib/python3/dist-packages/colcon_core/task/python/colcon_distutils_commands:/mnt/Storage/Hackathons/IIITM/raged-ros2/install/control/lib/python3.10/site-packages:${PYTHONPATH} /usr/bin/python3 -W ignore:setup.py install is deprecated -W ignore:easy_install command is deprecated setup.py egg_info --egg-base ../../build/control build --build-base /mnt/Storage/Hackathons/IIITM/raged-ros2/build/control/build install --record /mnt/Storage/Hackathons/IIITM/raged-ros2/build/control/install.log --single-version-externally-managed install_data
[2.618s] DEBUG:colcon.colcon_core.event_handler.log_command:Invoked command in '/mnt/Storage/Hackathons/IIITM/raged-ros2/src/website' returned '0': PS1=
\[[38;2;49;50;68m\]\[[48;2;49;50;68;38;2;205;214;244m\]󰕈 joel (Ubuntu 22.04) \[[48;2;250;179;135;38;2;49;50;68m\]\[[38;2;24;24;37m\] …/raged-ros2 \[[48;2;166;227;161;38;2;250;179;135m\]\[[38;2;30;30;46m\]  main ! \[[48;2;148;226;213;38;2;166;227;161m\]\[[38;2;30;30;46m\]  v3.10.12 \[[48;2;137;180;250;38;2;148;226;213m\]\[[45;38;2;137;180;250m\]\[[38;2;24;24;37m\]  11:17 \[[0m\]\[[35m\] \[[0m\]
\[[1;38;2;243;139;168m\]\[[0m\] PYTHONPATH=/mnt/Storage/Hackathons/IIITM/raged-ros2/build/website/prefix_override:/usr/lib/python3/dist-packages/colcon_core/task/python/colcon_distutils_commands:/mnt/Storage/Hackathons/IIITM/raged-ros2/install/website/lib/python3.10/site-packages:${PYTHONPATH} /usr/bin/python3 -W ignore:setup.py install is deprecated -W ignore:easy_install command is deprecated setup.py egg_info --egg-base ../../build/website build --build-base /mnt/Storage/Hackathons/IIITM/raged-ros2/build/website/build install --record /mnt/Storage/Hackathons/IIITM/raged-ros2/build/website/install.log --single-version-externally-managed install_data
[2.623s] Level 1:colcon.colcon_core.environment:checking '/mnt/Storage/Hackathons/IIITM/raged-ros2/install/website' for CMake module files
[2.625s] Level 1:colcon.colcon_core.environment:checking '/mnt/Storage/Hackathons/IIITM/raged-ros2/install/website' for CMake config files
[2.628s] Level 1:colcon.colcon_core.environment:checking '/mnt/Storage/Hackathons/IIITM/raged-ros2/install/website/lib'
[2.629s] Level 1:colcon.colcon_core.environment:checking '/mnt/Storage/Hackathons/IIITM/raged-ros2/install/website/bin'
[2.629s] Level 1:colcon.colcon_core.environment:checking '/mnt/Storage/Hackathons/IIITM/raged-ros2/install/website/lib/pkgconfig/website.pc'
[2.630s] Level 1:colcon.colcon_core.environment:checking '/mnt/Storage/Hackathons/IIITM/raged-ros2/install/website/lib/python3.10/site-packages'
[2.630s] Level 1:colcon.colcon_core.shell:create_environment_hook('website', 'pythonpath')
[2.630s] INFO:colcon.colcon_core.shell:Creating environment hook '/mnt/Storage/Hackathons/IIITM/raged-ros2/install/website/share/website/hook/pythonpath.ps1'
[2.632s] INFO:colcon.colcon_core.shell:Creating environment descriptor '/mnt/Storage/Hackathons/IIITM/raged-ros2/install/website/share/website/hook/pythonpath.dsv'
[2.633s] INFO:colcon.colcon_core.shell:Creating environment hook '/mnt/Storage/Hackathons/IIITM/raged-ros2/install/website/share/website/hook/pythonpath.sh'
[2.634s] Level 1:colcon.colcon_core.environment:checking '/mnt/Storage/Hackathons/IIITM/raged-ros2/install/website/bin'
[2.634s] Level 1:colcon.colcon_core.environment:create_environment_scripts_only(website)
[2.635s] INFO:colcon.colcon_core.shell:Creating package script '/mnt/Storage/Hackathons/IIITM/raged-ros2/install/website/share/website/package.ps1'
[2.637s] INFO:colcon.colcon_core.shell:Creating package descriptor '/mnt/Storage/Hackathons/IIITM/raged-ros2/install/website/share/website/package.dsv'
[2.639s] INFO:colcon.colcon_core.shell:Creating package script '/mnt/Storage/Hackathons/IIITM/raged-ros2/install/website/share/website/package.sh'
[2.641s] INFO:colcon.colcon_core.shell:Creating package script '/mnt/Storage/Hackathons/IIITM/raged-ros2/install/website/share/website/package.bash'
[2.642s] INFO:colcon.colcon_core.shell:Creating package script '/mnt/Storage/Hackathons/IIITM/raged-ros2/install/website/share/website/package.zsh'
[2.644s] Level 1:colcon.colcon_core.environment:create_file_with_runtime_dependencies(/mnt/Storage/Hackathons/IIITM/raged-ros2/install/website/share/colcon-core/packages/website)
[2.646s] Level 1:colcon.colcon_core.environment:checking '/mnt/Storage/Hackathons/IIITM/raged-ros2/install/camera' for CMake module files
[2.649s] DEBUG:colcon.colcon_core.event_handler.log_command:Invoked command in '/mnt/Storage/Hackathons/IIITM/raged-ros2/src/camera' returned '0': PS1=
\[[38;2;49;50;68m\]\[[48;2;49;50;68;38;2;205;214;244m\]󰕈 joel (Ubuntu 22.04) \[[48;2;250;179;135;38;2;49;50;68m\]\[[38;2;24;24;37m\] …/raged-ros2 \[[48;2;166;227;161;38;2;250;179;135m\]\[[38;2;30;30;46m\]  main ! \[[48;2;148;226;213;38;2;166;227;161m\]\[[38;2;30;30;46m\]  v3.10.12 \[[48;2;137;180;250;38;2;148;226;213m\]\[[45;38;2;137;180;250m\]\[[38;2;24;24;37m\]  11:17 \[[0m\]\[[35m\] \[[0m\]
\[[1;38;2;243;139;168m\]\[[0m\] PYTHONPATH=/mnt/Storage/Hackathons/IIITM/raged-ros2/build/camera/prefix_override:/usr/lib/python3/dist-packages/colcon_core/task/python/colcon_distutils_commands:/mnt/Storage/Hackathons/IIITM/raged-ros2/install/camera/lib/python3.10/site-packages:${PYTHONPATH} /usr/bin/python3 -W ignore:setup.py install is deprecated -W ignore:easy_install command is deprecated setup.py egg_info --egg-base ../../build/camera build --build-base /mnt/Storage/Hackathons/IIITM/raged-ros2/build/camera/build install --record /mnt/Storage/Hackathons/IIITM/raged-ros2/build/camera/install.log --single-version-externally-managed install_data
[2.650s] Level 1:colcon.colcon_core.environment:checking '/mnt/Storage/Hackathons/IIITM/raged-ros2/install/camera' for CMake config files
[2.653s] Level 1:colcon.colcon_core.environment:checking '/mnt/Storage/Hackathons/IIITM/raged-ros2/install/camera/lib'
[2.654s] Level 1:colcon.colcon_core.environment:checking '/mnt/Storage/Hackathons/IIITM/raged-ros2/install/camera/bin'
[2.654s] Level 1:colcon.colcon_core.environment:checking '/mnt/Storage/Hackathons/IIITM/raged-ros2/install/camera/lib/pkgconfig/camera.pc'
[2.655s] Level 1:colcon.colcon_core.environment:checking '/mnt/Storage/Hackathons/IIITM/raged-ros2/install/camera/lib/python3.10/site-packages'
[2.655s] Level 1:colcon.colcon_core.shell:create_environment_hook('camera', 'pythonpath')
[2.656s] INFO:colcon.colcon_core.shell:Creating environment hook '/mnt/Storage/Hackathons/IIITM/raged-ros2/install/camera/share/camera/hook/pythonpath.ps1'
[2.657s] INFO:colcon.colcon_core.shell:Creating environment descriptor '/mnt/Storage/Hackathons/IIITM/raged-ros2/install/camera/share/camera/hook/pythonpath.dsv'
[2.658s] INFO:colcon.colcon_core.shell:Creating environment hook '/mnt/Storage/Hackathons/IIITM/raged-ros2/install/camera/share/camera/hook/pythonpath.sh'
[2.660s] Level 1:colcon.colcon_core.environment:checking '/mnt/Storage/Hackathons/IIITM/raged-ros2/install/camera/bin'
[2.660s] Level 1:colcon.colcon_core.environment:create_environment_scripts_only(camera)
[2.660s] INFO:colcon.colcon_core.shell:Creating package script '/mnt/Storage/Hackathons/IIITM/raged-ros2/install/camera/share/camera/package.ps1'
[2.661s] INFO:colcon.colcon_core.shell:Creating package descriptor '/mnt/Storage/Hackathons/IIITM/raged-ros2/install/camera/share/camera/package.dsv'
[2.662s] INFO:colcon.colcon_core.shell:Creating package script '/mnt/Storage/Hackathons/IIITM/raged-ros2/install/camera/share/camera/package.sh'
[2.664s] INFO:colcon.colcon_core.shell:Creating package script '/mnt/Storage/Hackathons/IIITM/raged-ros2/install/camera/share/camera/package.bash'
[2.664s] INFO:colcon.colcon_core.shell:Creating package script '/mnt/Storage/Hackathons/IIITM/raged-ros2/install/camera/share/camera/package.zsh'
[2.665s] Level 1:colcon.colcon_core.environment:create_file_with_runtime_dependencies(/mnt/Storage/Hackathons/IIITM/raged-ros2/install/camera/share/colcon-core/packages/camera)
[2.667s] Level 1:colcon.colcon_core.environment:checking '/mnt/Storage/Hackathons/IIITM/raged-ros2/install/control' for CMake module files
[2.669s] DEBUG:colcon.colcon_core.event_handler.log_command:Invoked command in '/mnt/Storage/Hackathons/IIITM/raged-ros2/src/control' returned '0': PS1=
\[[38;2;49;50;68m\]\[[48;2;49;50;68;38;2;205;214;244m\]󰕈 joel (Ubuntu 22.04) \[[48;2;250;179;135;38;2;49;50;68m\]\[[38;2;24;24;37m\] …/raged-ros2 \[[48;2;166;227;161;38;2;250;179;135m\]\[[38;2;30;30;46m\]  main ! \[[48;2;148;226;213;38;2;166;227;161m\]\[[38;2;30;30;46m\]  v3.10.12 \[[48;2;137;180;250;38;2;148;226;213m\]\[[45;38;2;137;180;250m\]\[[38;2;24;24;37m\]  11:17 \[[0m\]\[[35m\] \[[0m\]
\[[1;38;2;243;139;168m\]\[[0m\] PYTHONPATH=/mnt/Storage/Hackathons/IIITM/raged-ros2/build/control/prefix_override:/usr/lib/python3/dist-packages/colcon_core/task/python/colcon_distutils_commands:/mnt/Storage/Hackathons/IIITM/raged-ros2/install/control/lib/python3.10/site-packages:${PYTHONPATH} /usr/bin/python3 -W ignore:setup.py install is deprecated -W ignore:easy_install command is deprecated setup.py egg_info --egg-base ../../build/control build --build-base /mnt/Storage/Hackathons/IIITM/raged-ros2/build/control/build install --record /mnt/Storage/Hackathons/IIITM/raged-ros2/build/control/install.log --single-version-externally-managed install_data
[2.669s] Level 1:colcon.colcon_core.environment:checking '/mnt/Storage/Hackathons/IIITM/raged-ros2/install/control' for CMake config files
[2.672s] Level 1:colcon.colcon_core.environment:checking '/mnt/Storage/Hackathons/IIITM/raged-ros2/install/control/lib'
[2.672s] Level 1:colcon.colcon_core.environment:checking '/mnt/Storage/Hackathons/IIITM/raged-ros2/install/control/bin'
[2.672s] Level 1:colcon.colcon_core.environment:checking '/mnt/Storage/Hackathons/IIITM/raged-ros2/install/control/lib/pkgconfig/control.pc'
[2.673s] Level 1:colcon.colcon_core.environment:checking '/mnt/Storage/Hackathons/IIITM/raged-ros2/install/control/lib/python3.10/site-packages'
[2.673s] Level 1:colcon.colcon_core.shell:create_environment_hook('control', 'pythonpath')
[2.674s] INFO:colcon.colcon_core.shell:Creating environment hook '/mnt/Storage/Hackathons/IIITM/raged-ros2/install/control/share/control/hook/pythonpath.ps1'
[2.675s] INFO:colcon.colcon_core.shell:Creating environment descriptor '/mnt/Storage/Hackathons/IIITM/raged-ros2/install/control/share/control/hook/pythonpath.dsv'
[2.676s] INFO:colcon.colcon_core.shell:Creating environment hook '/mnt/Storage/Hackathons/IIITM/raged-ros2/install/control/share/control/hook/pythonpath.sh'
[2.677s] Level 1:colcon.colcon_core.environment:checking '/mnt/Storage/Hackathons/IIITM/raged-ros2/install/control/bin'
[2.677s] Level 1:colcon.colcon_core.environment:create_environment_scripts_only(control)
[2.678s] INFO:colcon.colcon_core.shell:Creating package script '/mnt/Storage/Hackathons/IIITM/raged-ros2/install/control/share/control/package.ps1'
[2.679s] INFO:colcon.colcon_core.shell:Creating package descriptor '/mnt/Storage/Hackathons/IIITM/raged-ros2/install/control/share/control/package.dsv'
[2.680s] INFO:colcon.colcon_core.shell:Creating package script '/mnt/Storage/Hackathons/IIITM/raged-ros2/install/control/share/control/package.sh'
[2.681s] INFO:colcon.colcon_core.shell:Creating package script '/mnt/Storage/Hackathons/IIITM/raged-ros2/install/control/share/control/package.bash'
[2.682s] INFO:colcon.colcon_core.shell:Creating package script '/mnt/Storage/Hackathons/IIITM/raged-ros2/install/control/share/control/package.zsh'
[2.683s] Level 1:colcon.colcon_core.environment:create_file_with_runtime_dependencies(/mnt/Storage/Hackathons/IIITM/raged-ros2/install/control/share/colcon-core/packages/control)
[2.683s] DEBUG:colcon.colcon_parallel_executor.executor.parallel:closing loop
[2.684s] DEBUG:colcon.colcon_parallel_executor.executor.parallel:loop closed
[2.684s] DEBUG:colcon.colcon_parallel_executor.executor.parallel:run_until_complete finished with '0'
[2.684s] DEBUG:colcon.colcon_core.event_reactor:joining thread
[2.693s] INFO:colcon.colcon_core.plugin_system:Skipping extension 'colcon_notification.desktop_notification.notify_send': Could not find 'notify-send'
[2.693s] INFO:colcon.colcon_core.plugin_system:Skipping extension 'colcon_notification.desktop_notification.terminal_notifier': Not used on non-Darwin systems
[2.694s] INFO:colcon.colcon_core.plugin_system:Skipping extension 'colcon_notification.desktop_notification.win32': Not used on non-Windows systems
[2.694s] INFO:colcon.colcon_notification.desktop_notification:Sending desktop notification using 'notify2'
[2.695s] DEBUG:colcon.colcon_notification.desktop_notification.notify2:Failed to initialize notify2: org.freedesktop.DBus.Error.ServiceUnknown: The name org.freedesktop.Notifications was not provided by any .service files
[2.695s] DEBUG:colcon.colcon_core.event_reactor:joined thread
[2.695s] INFO:colcon.colcon_core.shell:Creating prefix script '/mnt/Storage/Hackathons/IIITM/raged-ros2/install/local_setup.ps1'
[2.697s] INFO:colcon.colcon_core.shell:Creating prefix util module '/mnt/Storage/Hackathons/IIITM/raged-ros2/install/_local_setup_util_ps1.py'
[2.700s] INFO:colcon.colcon_core.shell:Creating prefix chain script '/mnt/Storage/Hackathons/IIITM/raged-ros2/install/setup.ps1'
[2.702s] INFO:colcon.colcon_core.shell:Creating prefix script '/mnt/Storage/Hackathons/IIITM/raged-ros2/install/local_setup.sh'
[2.703s] INFO:colcon.colcon_core.shell:Creating prefix util module '/mnt/Storage/Hackathons/IIITM/raged-ros2/install/_local_setup_util_sh.py'
[2.704s] INFO:colcon.colcon_core.shell:Creating prefix chain script '/mnt/Storage/Hackathons/IIITM/raged-ros2/install/setup.sh'
[2.708s] INFO:colcon.colcon_core.shell:Creating prefix script '/mnt/Storage/Hackathons/IIITM/raged-ros2/install/local_setup.bash'
[2.710s] INFO:colcon.colcon_core.shell:Creating prefix chain script '/mnt/Storage/Hackathons/IIITM/raged-ros2/install/setup.bash'
[2.712s] INFO:colcon.colcon_core.shell:Creating prefix script '/mnt/Storage/Hackathons/IIITM/raged-ros2/install/local_setup.zsh'
[2.713s] INFO:colcon.colcon_core.shell:Creating prefix chain script '/mnt/Storage/Hackathons/IIITM/raged-ros2/install/setup.zsh'
