[1.230s] Invoking command in '/mnt/Storage/Hackathons/IIITM/raged-ros2/src/website': PS1=
\[[38;2;49;50;68m\]\[[48;2;49;50;68;38;2;205;214;244m\]󰕈 joel (Ubuntu 22.04) \[[48;2;250;179;135;38;2;49;50;68m\]\[[38;2;24;24;37m\] …/raged-ros2 \[[48;2;166;227;161;38;2;250;179;135m\]\[[38;2;30;30;46m\]  main !?⇡ \[[48;2;148;226;213;38;2;166;227;161m\]\[[48;2;137;180;250;38;2;148;226;213m\]\[[45;38;2;137;180;250m\]\[[38;2;24;24;37m\]  13:42 \[[0m\]\[[35m\] \[[0m\]
\[[1;38;2;166;227;161m\]\[[0m\] PYTHONPATH=/mnt/Storage/Hackathons/IIITM/raged-ros2/build/website/prefix_override:/usr/lib/python3/dist-packages/colcon_core/task/python/colcon_distutils_commands:/mnt/Storage/Hackathons/IIITM/raged-ros2/install/website/lib/python3.10/site-packages:${PYTHONPATH} /usr/bin/python3 -W ignore:setup.py install is deprecated -W ignore:easy_install command is deprecated setup.py egg_info --egg-base ../../build/website build --build-base /mnt/Storage/Hackathons/IIITM/raged-ros2/build/website/build install --record /mnt/Storage/Hackathons/IIITM/raged-ros2/build/website/install.log --single-version-externally-managed install_data
[1.505s] running egg_info
[1.505s] creating ../../build/website/website.egg-info
[1.506s] writing ../../build/website/website.egg-info/PKG-INFO
[1.507s] writing dependency_links to ../../build/website/website.egg-info/dependency_links.txt
[1.507s] writing entry points to ../../build/website/website.egg-info/entry_points.txt
[1.508s] writing requirements to ../../build/website/website.egg-info/requires.txt
[1.508s] writing top-level names to ../../build/website/website.egg-info/top_level.txt
[1.508s] writing manifest file '../../build/website/website.egg-info/SOURCES.txt'
[1.512s] reading manifest file '../../build/website/website.egg-info/SOURCES.txt'
[1.514s] writing manifest file '../../build/website/website.egg-info/SOURCES.txt'
[1.514s] running build
[1.515s] running build_py
[1.516s] creating /mnt/Storage/Hackathons/IIITM/raged-ros2/build/website/build
[1.516s] creating /mnt/Storage/Hackathons/IIITM/raged-ros2/build/website/build/lib
[1.517s] creating /mnt/Storage/Hackathons/IIITM/raged-ros2/build/website/build/lib/website
[1.517s] copying website/__init__.py -> /mnt/Storage/Hackathons/IIITM/raged-ros2/build/website/build/lib/website
[1.517s] running install
[1.518s] running install_lib
[1.519s] creating /mnt/Storage/Hackathons/IIITM/raged-ros2/install/website/lib/python3.10/site-packages/website
[1.519s] copying /mnt/Storage/Hackathons/IIITM/raged-ros2/build/website/build/lib/website/__init__.py -> /mnt/Storage/Hackathons/IIITM/raged-ros2/install/website/lib/python3.10/site-packages/website
[1.519s] byte-compiling /mnt/Storage/Hackathons/IIITM/raged-ros2/install/website/lib/python3.10/site-packages/website/__init__.py to __init__.cpython-310.pyc
[1.520s] running install_data
[1.521s] creating /mnt/Storage/Hackathons/IIITM/raged-ros2/install/website/share/ament_index
[1.521s] creating /mnt/Storage/Hackathons/IIITM/raged-ros2/install/website/share/ament_index/resource_index
[1.521s] creating /mnt/Storage/Hackathons/IIITM/raged-ros2/install/website/share/ament_index/resource_index/packages
[1.522s] copying resource/website -> /mnt/Storage/Hackathons/IIITM/raged-ros2/install/website/share/ament_index/resource_index/packages
[1.522s] copying package.xml -> /mnt/Storage/Hackathons/IIITM/raged-ros2/install/website/share/website
[1.522s] running install_egg_info
[1.525s] Copying ../../build/website/website.egg-info to /mnt/Storage/Hackathons/IIITM/raged-ros2/install/website/lib/python3.10/site-packages/website-0.0.0-py3.10.egg-info
[1.529s] running install_scripts
[1.556s] writing list of installed files to '/mnt/Storage/Hackathons/IIITM/raged-ros2/build/website/install.log'
[1.591s] Invoked command in '/mnt/Storage/Hackathons/IIITM/raged-ros2/src/website' returned '0': PS1=
\[[38;2;49;50;68m\]\[[48;2;49;50;68;38;2;205;214;244m\]󰕈 joel (Ubuntu 22.04) \[[48;2;250;179;135;38;2;49;50;68m\]\[[38;2;24;24;37m\] …/raged-ros2 \[[48;2;166;227;161;38;2;250;179;135m\]\[[38;2;30;30;46m\]  main !?⇡ \[[48;2;148;226;213;38;2;166;227;161m\]\[[48;2;137;180;250;38;2;148;226;213m\]\[[45;38;2;137;180;250m\]\[[38;2;24;24;37m\]  13:42 \[[0m\]\[[35m\] \[[0m\]
\[[1;38;2;166;227;161m\]\[[0m\] PYTHONPATH=/mnt/Storage/Hackathons/IIITM/raged-ros2/build/website/prefix_override:/usr/lib/python3/dist-packages/colcon_core/task/python/colcon_distutils_commands:/mnt/Storage/Hackathons/IIITM/raged-ros2/install/website/lib/python3.10/site-packages:${PYTHONPATH} /usr/bin/python3 -W ignore:setup.py install is deprecated -W ignore:easy_install command is deprecated setup.py egg_info --egg-base ../../build/website build --build-base /mnt/Storage/Hackathons/IIITM/raged-ros2/build/website/build install --record /mnt/Storage/Hackathons/IIITM/raged-ros2/build/website/install.log --single-version-externally-managed install_data
