running egg_info
writing ../../build/website/website.egg-info/PKG-INFO
writing dependency_links to ../../build/website/website.egg-info/dependency_links.txt
writing entry points to ../../build/website/website.egg-info/entry_points.txt
writing requirements to ../../build/website/website.egg-info/requires.txt
writing top-level names to ../../build/website/website.egg-info/top_level.txt
reading manifest file '../../build/website/website.egg-info/SOURCES.txt'
writing manifest file '../../build/website/website.egg-info/SOURCES.txt'
running build
running build_py
copying website/check_user.py -> /mnt/Storage/Hackathons/IIITM/raged-ros2/build/website/build/lib/website
copying website/waste_data.py -> /mnt/Storage/Hackathons/IIITM/raged-ros2/build/website/build/lib/website
running install
running install_lib
copying /mnt/Storage/Hackathons/IIITM/raged-ros2/build/website/build/lib/website/check_user.py -> /mnt/Storage/Hackathons/IIITM/raged-ros2/install/website/lib/python3.10/site-packages/website
copying /mnt/Storage/Hackathons/IIITM/raged-ros2/build/website/build/lib/website/waste_data.py -> /mnt/Storage/Hackathons/IIITM/raged-ros2/install/website/lib/python3.10/site-packages/website
byte-compiling /mnt/Storage/Hackathons/IIITM/raged-ros2/install/website/lib/python3.10/site-packages/website/check_user.py to check_user.cpython-310.pyc
byte-compiling /mnt/Storage/Hackathons/IIITM/raged-ros2/install/website/lib/python3.10/site-packages/website/waste_data.py to waste_data.cpython-310.pyc
running install_data
running install_egg_info
removing '/mnt/Storage/Hackathons/IIITM/raged-ros2/install/website/lib/python3.10/site-packages/website-0.0.0-py3.10.egg-info' (and everything under it)
Copying ../../build/website/website.egg-info to /mnt/Storage/Hackathons/IIITM/raged-ros2/install/website/lib/python3.10/site-packages/website-0.0.0-py3.10.egg-info
running install_scripts
writing list of installed files to '/mnt/Storage/Hackathons/IIITM/raged-ros2/build/website/install.log'
