running egg_info
writing ../../build/camera/camera.egg-info/PKG-INFO
writing dependency_links to ../../build/camera/camera.egg-info/dependency_links.txt
writing entry points to ../../build/camera/camera.egg-info/entry_points.txt
writing requirements to ../../build/camera/camera.egg-info/requires.txt
writing top-level names to ../../build/camera/camera.egg-info/top_level.txt
reading manifest file '../../build/camera/camera.egg-info/SOURCES.txt'
writing manifest file '../../build/camera/camera.egg-info/SOURCES.txt'
running build
running build_py
copying camera/ml.py -> /mnt/Storage/Hackathons/IIITM/raged-ros2/build/camera/build/lib/camera
running install
running install_lib
copying /mnt/Storage/Hackathons/IIITM/raged-ros2/build/camera/build/lib/camera/ml.py -> /mnt/Storage/Hackathons/IIITM/raged-ros2/install/camera/lib/python3.10/site-packages/camera
byte-compiling /mnt/Storage/Hackathons/IIITM/raged-ros2/install/camera/lib/python3.10/site-packages/camera/ml.py to ml.cpython-310.pyc
running install_data
running install_egg_info
removing '/mnt/Storage/Hackathons/IIITM/raged-ros2/install/camera/lib/python3.10/site-packages/camera-0.0.0-py3.10.egg-info' (and everything under it)
Copying ../../build/camera/camera.egg-info to /mnt/Storage/Hackathons/IIITM/raged-ros2/install/camera/lib/python3.10/site-packages/camera-0.0.0-py3.10.egg-info
running install_scripts
Installing camera script to /mnt/Storage/Hackathons/IIITM/raged-ros2/install/camera/lib/camera
writing list of installed files to '/mnt/Storage/Hackathons/IIITM/raged-ros2/build/camera/install.log'
