[0.154s] DEBUG:colcon:Command line arguments: ['/usr/bin/colcon', 'build']
[0.154s] DEBUG:colcon:Parsed command line arguments: Namespace(log_base=None, log_level=None, verb_name='build', build_base='build', install_base='install', merge_install=False, symlink_install=False, test_result_base=None, continue_on_error=False, executor='parallel', parallel_workers=8, event_handlers=None, ignore_user_meta=False, metas=['./colcon.meta'], base_paths=['.'], packages_ignore=None, packages_ignore_regex=None, paths=None, packages_up_to=None, packages_up_to_regex=None, packages_above=None, packages_above_and_dependencies=None, packages_above_depth=None, packages_select_by_dep=None, packages_skip_by_dep=None, packages_skip_up_to=None, packages_select_build_failed=False, packages_skip_build_finished=False, packages_select_test_failures=False, packages_skip_test_passed=False, packages_select=None, packages_skip=None, packages_select_regex=None, packages_skip_regex=None, packages_start=None, packages_end=None, allow_overriding=[], cmake_args=None, cmake_target=None, cmake_target_skip_unavailable=False, cmake_clean_cache=False, cmake_clean_first=False, cmake_force_configure=False, ament_cmake_args=None, catkin_cmake_args=None, catkin_skip_building_tests=False, verb_parser=<colcon_defaults.argument_parser.defaults.DefaultArgumentsDecorator object at 0x7f8356217cd0>, verb_extension=<colcon_core.verb.build.BuildVerb object at 0x7f83563c88e0>, main=<bound method BuildVerb.main of <colcon_core.verb.build.BuildVerb object at 0x7f83563c88e0>>)
[0.356s] Level 1:colcon.colcon_core.package_discovery:discover_packages(colcon_meta) check parameters
[0.357s] Level 1:colcon.colcon_core.package_discovery:discover_packages(recursive) check parameters
[0.357s] Level 1:colcon.colcon_core.package_discovery:discover_packages(ignore) check parameters
[0.357s] Level 1:colcon.colcon_core.package_discovery:discover_packages(path) check parameters
[0.357s] Level 1:colcon.colcon_core.package_discovery:discover_packages(colcon_meta) discover
[0.357s] Level 1:colcon.colcon_core.package_discovery:discover_packages(recursive) discover
[0.357s] INFO:colcon.colcon_core.package_discovery:Crawling recursively for packages in '/mnt/Storage/Hackathons/IIITM/raged-ros2'
[0.358s] Level 1:colcon.colcon_core.package_identification:_identify(.) by extensions ['ignore', 'ignore_ament_install']
[0.358s] Level 1:colcon.colcon_core.package_identification:_identify(.) by extension 'ignore'
[0.358s] Level 1:colcon.colcon_core.package_identification:_identify(.) by extension 'ignore_ament_install'
[0.358s] Level 1:colcon.colcon_core.package_identification:_identify(.) by extensions ['colcon_pkg']
[0.358s] Level 1:colcon.colcon_core.package_identification:_identify(.) by extension 'colcon_pkg'
[0.358s] Level 1:colcon.colcon_core.package_identification:_identify(.) by extensions ['colcon_meta']
[0.358s] Level 1:colcon.colcon_core.package_identification:_identify(.) by extension 'colcon_meta'
[0.359s] Level 1:colcon.colcon_core.package_identification:_identify(.) by extensions ['ros']
[0.359s] Level 1:colcon.colcon_core.package_identification:_identify(.) by extension 'ros'
[0.373s] Level 1:colcon.colcon_core.package_identification:_identify(.) by extensions ['cmake', 'python']
[0.374s] Level 1:colcon.colcon_core.package_identification:_identify(.) by extension 'cmake'
[0.374s] Level 1:colcon.colcon_core.package_identification:_identify(.) by extension 'python'
[0.374s] Level 1:colcon.colcon_core.package_identification:_identify(.) by extensions ['python_setup_py']
[0.374s] Level 1:colcon.colcon_core.package_identification:_identify(.) by extension 'python_setup_py'
[0.374s] Level 1:colcon.colcon_core.package_identification:_identify(build) by extensions ['ignore', 'ignore_ament_install']
[0.375s] Level 1:colcon.colcon_core.package_identification:_identify(build) by extension 'ignore'
[0.375s] Level 1:colcon.colcon_core.package_identification:_identify(build) ignored
[0.375s] Level 1:colcon.colcon_core.package_identification:_identify(install) by extensions ['ignore', 'ignore_ament_install']
[0.375s] Level 1:colcon.colcon_core.package_identification:_identify(install) by extension 'ignore'
[0.375s] Level 1:colcon.colcon_core.package_identification:_identify(install) ignored
[0.376s] Level 1:colcon.colcon_core.package_identification:_identify(log) by extensions ['ignore', 'ignore_ament_install']
[0.376s] Level 1:colcon.colcon_core.package_identification:_identify(log) by extension 'ignore'
[0.376s] Level 1:colcon.colcon_core.package_identification:_identify(log) ignored
[0.376s] Level 1:colcon.colcon_core.package_identification:_identify(src) by extensions ['ignore', 'ignore_ament_install']
[0.377s] Level 1:colcon.colcon_core.package_identification:_identify(src) by extension 'ignore'
[0.377s] Level 1:colcon.colcon_core.package_identification:_identify(src) by extension 'ignore_ament_install'
[0.377s] Level 1:colcon.colcon_core.package_identification:_identify(src) by extensions ['colcon_pkg']
[0.377s] Level 1:colcon.colcon_core.package_identification:_identify(src) by extension 'colcon_pkg'
[0.377s] Level 1:colcon.colcon_core.package_identification:_identify(src) by extensions ['colcon_meta']
[0.377s] Level 1:colcon.colcon_core.package_identification:_identify(src) by extension 'colcon_meta'
[0.377s] Level 1:colcon.colcon_core.package_identification:_identify(src) by extensions ['ros']
[0.378s] Level 1:colcon.colcon_core.package_identification:_identify(src) by extension 'ros'
[0.378s] Level 1:colcon.colcon_core.package_identification:_identify(src) by extensions ['cmake', 'python']
[0.378s] Level 1:colcon.colcon_core.package_identification:_identify(src) by extension 'cmake'
[0.378s] Level 1:colcon.colcon_core.package_identification:_identify(src) by extension 'python'
[0.378s] Level 1:colcon.colcon_core.package_identification:_identify(src) by extensions ['python_setup_py']
[0.378s] Level 1:colcon.colcon_core.package_identification:_identify(src) by extension 'python_setup_py'
[0.379s] Level 1:colcon.colcon_core.package_identification:_identify(src/camera) by extensions ['ignore', 'ignore_ament_install']
[0.379s] Level 1:colcon.colcon_core.package_identification:_identify(src/camera) by extension 'ignore'
[0.379s] Level 1:colcon.colcon_core.package_identification:_identify(src/camera) by extension 'ignore_ament_install'
[0.379s] Level 1:colcon.colcon_core.package_identification:_identify(src/camera) by extensions ['colcon_pkg']
[0.379s] Level 1:colcon.colcon_core.package_identification:_identify(src/camera) by extension 'colcon_pkg'
[0.379s] Level 1:colcon.colcon_core.package_identification:_identify(src/camera) by extensions ['colcon_meta']
[0.379s] Level 1:colcon.colcon_core.package_identification:_identify(src/camera) by extension 'colcon_meta'
[0.380s] Level 1:colcon.colcon_core.package_identification:_identify(src/camera) by extensions ['ros']
[0.380s] Level 1:colcon.colcon_core.package_identification:_identify(src/camera) by extension 'ros'
[0.383s] DEBUG:colcon.colcon_core.package_identification:Package 'src/camera' with type 'ros.ament_python' and name 'camera'
[0.383s] Level 1:colcon.colcon_core.package_identification:_identify(src/control) by extensions ['ignore', 'ignore_ament_install']
[0.384s] Level 1:colcon.colcon_core.package_identification:_identify(src/control) by extension 'ignore'
[0.384s] Level 1:colcon.colcon_core.package_identification:_identify(src/control) by extension 'ignore_ament_install'
[0.384s] Level 1:colcon.colcon_core.package_identification:_identify(src/control) by extensions ['colcon_pkg']
[0.384s] Level 1:colcon.colcon_core.package_identification:_identify(src/control) by extension 'colcon_pkg'
[0.384s] Level 1:colcon.colcon_core.package_identification:_identify(src/control) by extensions ['colcon_meta']
[0.384s] Level 1:colcon.colcon_core.package_identification:_identify(src/control) by extension 'colcon_meta'
[0.384s] Level 1:colcon.colcon_core.package_identification:_identify(src/control) by extensions ['ros']
[0.385s] Level 1:colcon.colcon_core.package_identification:_identify(src/control) by extension 'ros'
[0.386s] DEBUG:colcon.colcon_core.package_identification:Package 'src/control' with type 'ros.ament_python' and name 'control'
[0.386s] Level 1:colcon.colcon_core.package_identification:_identify(src/website) by extensions ['ignore', 'ignore_ament_install']
[0.387s] Level 1:colcon.colcon_core.package_identification:_identify(src/website) by extension 'ignore'
[0.387s] Level 1:colcon.colcon_core.package_identification:_identify(src/website) by extension 'ignore_ament_install'
[0.387s] Level 1:colcon.colcon_core.package_identification:_identify(src/website) by extensions ['colcon_pkg']
[0.387s] Level 1:colcon.colcon_core.package_identification:_identify(src/website) by extension 'colcon_pkg'
[0.387s] Level 1:colcon.colcon_core.package_identification:_identify(src/website) by extensions ['colcon_meta']
[0.387s] Level 1:colcon.colcon_core.package_identification:_identify(src/website) by extension 'colcon_meta'
[0.387s] Level 1:colcon.colcon_core.package_identification:_identify(src/website) by extensions ['ros']
[0.388s] Level 1:colcon.colcon_core.package_identification:_identify(src/website) by extension 'ros'
[0.389s] DEBUG:colcon.colcon_core.package_identification:Package 'src/website' with type 'ros.ament_python' and name 'website'
[0.389s] Level 1:colcon.colcon_core.package_identification:_identify(venv) by extensions ['ignore', 'ignore_ament_install']
[0.389s] Level 1:colcon.colcon_core.package_identification:_identify(venv) by extension 'ignore'
[0.390s] Level 1:colcon.colcon_core.package_identification:_identify(venv) ignored
[0.390s] Level 1:colcon.colcon_core.package_discovery:discover_packages(recursive) using defaults
[0.390s] Level 1:colcon.colcon_core.package_discovery:discover_packages(ignore) discover
[0.390s] Level 1:colcon.colcon_core.package_discovery:discover_packages(ignore) using defaults
[0.390s] Level 1:colcon.colcon_core.package_discovery:discover_packages(path) discover
[0.390s] Level 1:colcon.colcon_core.package_discovery:discover_packages(path) using defaults
[0.417s] Level 1:colcon.colcon_core.package_discovery:discover_packages(prefix_path) check parameters
[0.417s] Level 1:colcon.colcon_core.package_discovery:discover_packages(prefix_path) discover
[0.422s] DEBUG:colcon.colcon_installed_package_information.package_discovery:Found 3 installed packages in /mnt/Storage/Hackathons/IIITM/raged-ros2/install
[0.424s] DEBUG:colcon.colcon_installed_package_information.package_discovery:Found 271 installed packages in /opt/ros/humble
[0.427s] Level 1:colcon.colcon_core.package_discovery:discover_packages(prefix_path) using defaults
[0.495s] Level 5:colcon.colcon_core.verb:set package 'camera' build argument 'cmake_args' from command line to 'None'
[0.496s] Level 5:colcon.colcon_core.verb:set package 'camera' build argument 'cmake_target' from command line to 'None'
[0.496s] Level 5:colcon.colcon_core.verb:set package 'camera' build argument 'cmake_target_skip_unavailable' from command line to 'False'
[0.496s] Level 5:colcon.colcon_core.verb:set package 'camera' build argument 'cmake_clean_cache' from command line to 'False'
[0.496s] Level 5:colcon.colcon_core.verb:set package 'camera' build argument 'cmake_clean_first' from command line to 'False'
[0.496s] Level 5:colcon.colcon_core.verb:set package 'camera' build argument 'cmake_force_configure' from command line to 'False'
[0.496s] Level 5:colcon.colcon_core.verb:set package 'camera' build argument 'ament_cmake_args' from command line to 'None'
[0.496s] Level 5:colcon.colcon_core.verb:set package 'camera' build argument 'catkin_cmake_args' from command line to 'None'
[0.496s] Level 5:colcon.colcon_core.verb:set package 'camera' build argument 'catkin_skip_building_tests' from command line to 'False'
[0.496s] DEBUG:colcon.colcon_core.verb:Building package 'camera' with the following arguments: {'ament_cmake_args': None, 'build_base': '/mnt/Storage/Hackathons/IIITM/raged-ros2/build/camera', 'catkin_cmake_args': None, 'catkin_skip_building_tests': False, 'cmake_args': None, 'cmake_clean_cache': False, 'cmake_clean_first': False, 'cmake_force_configure': False, 'cmake_target': None, 'cmake_target_skip_unavailable': False, 'install_base': '/mnt/Storage/Hackathons/IIITM/raged-ros2/install/camera', 'merge_install': False, 'path': '/mnt/Storage/Hackathons/IIITM/raged-ros2/src/camera', 'symlink_install': False, 'test_result_base': None}
[0.497s] Level 5:colcon.colcon_core.verb:set package 'control' build argument 'cmake_args' from command line to 'None'
[0.497s] Level 5:colcon.colcon_core.verb:set package 'control' build argument 'cmake_target' from command line to 'None'
[0.497s] Level 5:colcon.colcon_core.verb:set package 'control' build argument 'cmake_target_skip_unavailable' from command line to 'False'
[0.497s] Level 5:colcon.colcon_core.verb:set package 'control' build argument 'cmake_clean_cache' from command line to 'False'
[0.497s] Level 5:colcon.colcon_core.verb:set package 'control' build argument 'cmake_clean_first' from command line to 'False'
[0.497s] Level 5:colcon.colcon_core.verb:set package 'control' build argument 'cmake_force_configure' from command line to 'False'
[0.497s] Level 5:colcon.colcon_core.verb:set package 'control' build argument 'ament_cmake_args' from command line to 'None'
[0.497s] Level 5:colcon.colcon_core.verb:set package 'control' build argument 'catkin_cmake_args' from command line to 'None'
[0.497s] Level 5:colcon.colcon_core.verb:set package 'control' build argument 'catkin_skip_building_tests' from command line to 'False'
[0.497s] DEBUG:colcon.colcon_core.verb:Building package 'control' with the following arguments: {'ament_cmake_args': None, 'build_base': '/mnt/Storage/Hackathons/IIITM/raged-ros2/build/control', 'catkin_cmake_args': None, 'catkin_skip_building_tests': False, 'cmake_args': None, 'cmake_clean_cache': False, 'cmake_clean_first': False, 'cmake_force_configure': False, 'cmake_target': None, 'cmake_target_skip_unavailable': False, 'install_base': '/mnt/Storage/Hackathons/IIITM/raged-ros2/install/control', 'merge_install': False, 'path': '/mnt/Storage/Hackathons/IIITM/raged-ros2/src/control', 'symlink_install': False, 'test_result_base': None}
[0.498s] Level 5:colcon.colcon_core.verb:set package 'website' build argument 'cmake_args' from command line to 'None'
[0.498s] Level 5:colcon.colcon_core.verb:set package 'website' build argument 'cmake_target' from command line to 'None'
[0.498s] Level 5:colcon.colcon_core.verb:set package 'website' build argument 'cmake_target_skip_unavailable' from command line to 'False'
[0.498s] Level 5:colcon.colcon_core.verb:set package 'website' build argument 'cmake_clean_cache' from command line to 'False'
[0.498s] Level 5:colcon.colcon_core.verb:set package 'website' build argument 'cmake_clean_first' from command line to 'False'
[0.498s] Level 5:colcon.colcon_core.verb:set package 'website' build argument 'cmake_force_configure' from command line to 'False'
[0.498s] Level 5:colcon.colcon_core.verb:set package 'website' build argument 'ament_cmake_args' from command line to 'None'
[0.498s] Level 5:colcon.colcon_core.verb:set package 'website' build argument 'catkin_cmake_args' from command line to 'None'
[0.498s] Level 5:colcon.colcon_core.verb:set package 'website' build argument 'catkin_skip_building_tests' from command line to 'False'
[0.498s] DEBUG:colcon.colcon_core.verb:Building package 'website' with the following arguments: {'ament_cmake_args': None, 'build_base': '/mnt/Storage/Hackathons/IIITM/raged-ros2/build/website', 'catkin_cmake_args': None, 'catkin_skip_building_tests': False, 'cmake_args': None, 'cmake_clean_cache': False, 'cmake_clean_first': False, 'cmake_force_configure': False, 'cmake_target': None, 'cmake_target_skip_unavailable': False, 'install_base': '/mnt/Storage/Hackathons/IIITM/raged-ros2/install/website', 'merge_install': False, 'path': '/mnt/Storage/Hackathons/IIITM/raged-ros2/src/website', 'symlink_install': False, 'test_result_base': None}
[0.498s] INFO:colcon.colcon_core.executor:Executing jobs using 'parallel' executor
[0.499s] DEBUG:colcon.colcon_parallel_executor.executor.parallel:run_until_complete
[0.500s] INFO:colcon.colcon_ros.task.ament_python.build:Building ROS package in '/mnt/Storage/Hackathons/IIITM/raged-ros2/src/camera' with build type 'ament_python'
[0.500s] Level 1:colcon.colcon_core.shell:create_environment_hook('camera', 'ament_prefix_path')
[0.503s] INFO:colcon.colcon_core.plugin_system:Skipping extension 'colcon_core.shell.bat': Not used on non-Windows systems
[0.503s] INFO:colcon.colcon_core.shell:Creating environment hook '/mnt/Storage/Hackathons/IIITM/raged-ros2/install/camera/share/camera/hook/ament_prefix_path.ps1'
[0.505s] INFO:colcon.colcon_core.shell:Creating environment descriptor '/mnt/Storage/Hackathons/IIITM/raged-ros2/install/camera/share/camera/hook/ament_prefix_path.dsv'
[0.507s] INFO:colcon.colcon_core.shell:Creating environment hook '/mnt/Storage/Hackathons/IIITM/raged-ros2/install/camera/share/camera/hook/ament_prefix_path.sh'
[0.508s] INFO:colcon.colcon_core.shell:Skip shell extension 'powershell' for command environment: Not usable outside of PowerShell
[0.508s] DEBUG:colcon.colcon_core.shell:Skip shell extension 'dsv' for command environment
[0.513s] INFO:colcon.colcon_ros.task.ament_python.build:Building ROS package in '/mnt/Storage/Hackathons/IIITM/raged-ros2/src/control' with build type 'ament_python'
[0.513s] Level 1:colcon.colcon_core.shell:create_environment_hook('control', 'ament_prefix_path')
[0.514s] INFO:colcon.colcon_core.shell:Creating environment hook '/mnt/Storage/Hackathons/IIITM/raged-ros2/install/control/share/control/hook/ament_prefix_path.ps1'
[0.515s] INFO:colcon.colcon_core.shell:Creating environment descriptor '/mnt/Storage/Hackathons/IIITM/raged-ros2/install/control/share/control/hook/ament_prefix_path.dsv'
[0.516s] INFO:colcon.colcon_core.shell:Creating environment hook '/mnt/Storage/Hackathons/IIITM/raged-ros2/install/control/share/control/hook/ament_prefix_path.sh'
[0.517s] INFO:colcon.colcon_core.shell:Skip shell extension 'powershell' for command environment: Not usable outside of PowerShell
[0.517s] DEBUG:colcon.colcon_core.shell:Skip shell extension 'dsv' for command environment
[0.524s] INFO:colcon.colcon_ros.task.ament_python.build:Building ROS package in '/mnt/Storage/Hackathons/IIITM/raged-ros2/src/website' with build type 'ament_python'
[0.524s] Level 1:colcon.colcon_core.shell:create_environment_hook('website', 'ament_prefix_path')
[0.525s] INFO:colcon.colcon_core.shell:Creating environment hook '/mnt/Storage/Hackathons/IIITM/raged-ros2/install/website/share/website/hook/ament_prefix_path.ps1'
[0.526s] INFO:colcon.colcon_core.shell:Creating environment descriptor '/mnt/Storage/Hackathons/IIITM/raged-ros2/install/website/share/website/hook/ament_prefix_path.dsv'
[0.527s] INFO:colcon.colcon_core.shell:Creating environment hook '/mnt/Storage/Hackathons/IIITM/raged-ros2/install/website/share/website/hook/ament_prefix_path.sh'
[0.528s] INFO:colcon.colcon_core.shell:Skip shell extension 'powershell' for command environment: Not usable outside of PowerShell
[0.528s] DEBUG:colcon.colcon_core.shell:Skip shell extension 'dsv' for command environment
[0.862s] INFO:colcon.colcon_core.task.python.build:Building Python package in '/mnt/Storage/Hackathons/IIITM/raged-ros2/src/camera'
[0.863s] INFO:colcon.colcon_core.shell:Skip shell extension 'powershell' for command environment: Not usable outside of PowerShell
[0.863s] DEBUG:colcon.colcon_core.shell:Skip shell extension 'dsv' for command environment
[1.210s] INFO:colcon.colcon_core.task.python.build:Building Python package in '/mnt/Storage/Hackathons/IIITM/raged-ros2/src/control'
[1.211s] INFO:colcon.colcon_core.shell:Skip shell extension 'powershell' for command environment: Not usable outside of PowerShell
[1.211s] DEBUG:colcon.colcon_core.shell:Skip shell extension 'dsv' for command environment
[1.543s] INFO:colcon.colcon_core.task.python.build:Building Python package in '/mnt/Storage/Hackathons/IIITM/raged-ros2/src/website'
[1.544s] INFO:colcon.colcon_core.shell:Skip shell extension 'powershell' for command environment: Not usable outside of PowerShell
[1.544s] DEBUG:colcon.colcon_core.shell:Skip shell extension 'dsv' for command environment
[2.053s] DEBUG:colcon.colcon_core.event_handler.log_command:Invoking command in '/mnt/Storage/Hackathons/IIITM/raged-ros2/src/control': PS1=
\[[38;2;49;50;68m\]\[[48;2;49;50;68;38;2;205;214;244m\]󰕈 joel (Ubuntu 22.04) \[[48;2;250;179;135;38;2;49;50;68m\]\[[38;2;24;24;37m\] …/raged-ros2 \[[48;2;166;227;161;38;2;250;179;135m\]\[[38;2;30;30;46m\]  main !? \[[48;2;148;226;213;38;2;166;227;161m\]\[[38;2;30;30;46m\]  v3.10.12 \[[48;2;137;180;250;38;2;148;226;213m\]\[[45;38;2;137;180;250m\]\[[38;2;24;24;37m\]  13:59 \[[0m\]\[[35m\] \[[0m\]
\[[1;38;2;166;227;161m\]\[[0m\] PYTHONPATH=/mnt/Storage/Hackathons/IIITM/raged-ros2/build/control/prefix_override:/usr/lib/python3/dist-packages/colcon_core/task/python/colcon_distutils_commands:/mnt/Storage/Hackathons/IIITM/raged-ros2/install/control/lib/python3.10/site-packages:${PYTHONPATH} /usr/bin/python3 -W ignore:setup.py install is deprecated -W ignore:easy_install command is deprecated setup.py egg_info --egg-base ../../build/control build --build-base /mnt/Storage/Hackathons/IIITM/raged-ros2/build/control/build install --record /mnt/Storage/Hackathons/IIITM/raged-ros2/build/control/install.log --single-version-externally-managed install_data
[2.061s] DEBUG:colcon.colcon_core.event_handler.log_command:Invoking command in '/mnt/Storage/Hackathons/IIITM/raged-ros2/src/website': PS1=
\[[38;2;49;50;68m\]\[[48;2;49;50;68;38;2;205;214;244m\]󰕈 joel (Ubuntu 22.04) \[[48;2;250;179;135;38;2;49;50;68m\]\[[38;2;24;24;37m\] …/raged-ros2 \[[48;2;166;227;161;38;2;250;179;135m\]\[[38;2;30;30;46m\]  main !? \[[48;2;148;226;213;38;2;166;227;161m\]\[[38;2;30;30;46m\]  v3.10.12 \[[48;2;137;180;250;38;2;148;226;213m\]\[[45;38;2;137;180;250m\]\[[38;2;24;24;37m\]  13:59 \[[0m\]\[[35m\] \[[0m\]
\[[1;38;2;166;227;161m\]\[[0m\] PYTHONPATH=/mnt/Storage/Hackathons/IIITM/raged-ros2/build/website/prefix_override:/usr/lib/python3/dist-packages/colcon_core/task/python/colcon_distutils_commands:/mnt/Storage/Hackathons/IIITM/raged-ros2/install/website/lib/python3.10/site-packages:${PYTHONPATH} /usr/bin/python3 -W ignore:setup.py install is deprecated -W ignore:easy_install command is deprecated setup.py egg_info --egg-base ../../build/website build --build-base /mnt/Storage/Hackathons/IIITM/raged-ros2/build/website/build install --record /mnt/Storage/Hackathons/IIITM/raged-ros2/build/website/install.log --single-version-externally-managed install_data
[2.080s] DEBUG:colcon.colcon_core.event_handler.log_command:Invoking command in '/mnt/Storage/Hackathons/IIITM/raged-ros2/src/camera': PS1=
\[[38;2;49;50;68m\]\[[48;2;49;50;68;38;2;205;214;244m\]󰕈 joel (Ubuntu 22.04) \[[48;2;250;179;135;38;2;49;50;68m\]\[[38;2;24;24;37m\] …/raged-ros2 \[[48;2;166;227;161;38;2;250;179;135m\]\[[38;2;30;30;46m\]  main !? \[[48;2;148;226;213;38;2;166;227;161m\]\[[38;2;30;30;46m\]  v3.10.12 \[[48;2;137;180;250;38;2;148;226;213m\]\[[45;38;2;137;180;250m\]\[[38;2;24;24;37m\]  13:59 \[[0m\]\[[35m\] \[[0m\]
\[[1;38;2;166;227;161m\]\[[0m\] PYTHONPATH=/mnt/Storage/Hackathons/IIITM/raged-ros2/build/camera/prefix_override:/usr/lib/python3/dist-packages/colcon_core/task/python/colcon_distutils_commands:/mnt/Storage/Hackathons/IIITM/raged-ros2/install/camera/lib/python3.10/site-packages:${PYTHONPATH} /usr/bin/python3 -W ignore:setup.py install is deprecated -W ignore:easy_install command is deprecated setup.py egg_info --egg-base ../../build/camera build --build-base /mnt/Storage/Hackathons/IIITM/raged-ros2/build/camera/build install --record /mnt/Storage/Hackathons/IIITM/raged-ros2/build/camera/install.log --single-version-externally-managed install_data
[2.497s] DEBUG:colcon.colcon_core.event_handler.log_command:Invoked command in '/mnt/Storage/Hackathons/IIITM/raged-ros2/src/control' returned '0': PS1=
\[[38;2;49;50;68m\]\[[48;2;49;50;68;38;2;205;214;244m\]󰕈 joel (Ubuntu 22.04) \[[48;2;250;179;135;38;2;49;50;68m\]\[[38;2;24;24;37m\] …/raged-ros2 \[[48;2;166;227;161;38;2;250;179;135m\]\[[38;2;30;30;46m\]  main !? \[[48;2;148;226;213;38;2;166;227;161m\]\[[38;2;30;30;46m\]  v3.10.12 \[[48;2;137;180;250;38;2;148;226;213m\]\[[45;38;2;137;180;250m\]\[[38;2;24;24;37m\]  13:59 \[[0m\]\[[35m\] \[[0m\]
\[[1;38;2;166;227;161m\]\[[0m\] PYTHONPATH=/mnt/Storage/Hackathons/IIITM/raged-ros2/build/control/prefix_override:/usr/lib/python3/dist-packages/colcon_core/task/python/colcon_distutils_commands:/mnt/Storage/Hackathons/IIITM/raged-ros2/install/control/lib/python3.10/site-packages:${PYTHONPATH} /usr/bin/python3 -W ignore:setup.py install is deprecated -W ignore:easy_install command is deprecated setup.py egg_info --egg-base ../../build/control build --build-base /mnt/Storage/Hackathons/IIITM/raged-ros2/build/control/build install --record /mnt/Storage/Hackathons/IIITM/raged-ros2/build/control/install.log --single-version-externally-managed install_data
[2.503s] Level 1:colcon.colcon_core.environment:checking '/mnt/Storage/Hackathons/IIITM/raged-ros2/install/control' for CMake module files
[2.505s] Level 1:colcon.colcon_core.environment:checking '/mnt/Storage/Hackathons/IIITM/raged-ros2/install/control' for CMake config files
[2.509s] Level 1:colcon.colcon_core.environment:checking '/mnt/Storage/Hackathons/IIITM/raged-ros2/install/control/lib'
[2.510s] Level 1:colcon.colcon_core.environment:checking '/mnt/Storage/Hackathons/IIITM/raged-ros2/install/control/bin'
[2.510s] Level 1:colcon.colcon_core.environment:checking '/mnt/Storage/Hackathons/IIITM/raged-ros2/install/control/lib/pkgconfig/control.pc'
[2.511s] Level 1:colcon.colcon_core.environment:checking '/mnt/Storage/Hackathons/IIITM/raged-ros2/install/control/lib/python3.10/site-packages'
[2.511s] Level 1:colcon.colcon_core.shell:create_environment_hook('control', 'pythonpath')
[2.512s] INFO:colcon.colcon_core.shell:Creating environment hook '/mnt/Storage/Hackathons/IIITM/raged-ros2/install/control/share/control/hook/pythonpath.ps1'
[2.514s] INFO:colcon.colcon_core.shell:Creating environment descriptor '/mnt/Storage/Hackathons/IIITM/raged-ros2/install/control/share/control/hook/pythonpath.dsv'
[2.516s] INFO:colcon.colcon_core.shell:Creating environment hook '/mnt/Storage/Hackathons/IIITM/raged-ros2/install/control/share/control/hook/pythonpath.sh'
[2.518s] Level 1:colcon.colcon_core.environment:checking '/mnt/Storage/Hackathons/IIITM/raged-ros2/install/control/bin'
[2.518s] Level 1:colcon.colcon_core.environment:create_environment_scripts_only(control)
[2.518s] INFO:colcon.colcon_core.shell:Creating package script '/mnt/Storage/Hackathons/IIITM/raged-ros2/install/control/share/control/package.ps1'
[2.521s] INFO:colcon.colcon_core.shell:Creating package descriptor '/mnt/Storage/Hackathons/IIITM/raged-ros2/install/control/share/control/package.dsv'
[2.523s] INFO:colcon.colcon_core.shell:Creating package script '/mnt/Storage/Hackathons/IIITM/raged-ros2/install/control/share/control/package.sh'
[2.526s] INFO:colcon.colcon_core.shell:Creating package script '/mnt/Storage/Hackathons/IIITM/raged-ros2/install/control/share/control/package.bash'
[2.528s] INFO:colcon.colcon_core.shell:Creating package script '/mnt/Storage/Hackathons/IIITM/raged-ros2/install/control/share/control/package.zsh'
[2.530s] Level 1:colcon.colcon_core.environment:create_file_with_runtime_dependencies(/mnt/Storage/Hackathons/IIITM/raged-ros2/install/control/share/colcon-core/packages/control)
[2.599s] Level 1:colcon.colcon_core.environment:checking '/mnt/Storage/Hackathons/IIITM/raged-ros2/install/website' for CMake module files
[2.600s] DEBUG:colcon.colcon_core.event_handler.log_command:Invoked command in '/mnt/Storage/Hackathons/IIITM/raged-ros2/src/website' returned '0': PS1=
\[[38;2;49;50;68m\]\[[48;2;49;50;68;38;2;205;214;244m\]󰕈 joel (Ubuntu 22.04) \[[48;2;250;179;135;38;2;49;50;68m\]\[[38;2;24;24;37m\] …/raged-ros2 \[[48;2;166;227;161;38;2;250;179;135m\]\[[38;2;30;30;46m\]  main !? \[[48;2;148;226;213;38;2;166;227;161m\]\[[38;2;30;30;46m\]  v3.10.12 \[[48;2;137;180;250;38;2;148;226;213m\]\[[45;38;2;137;180;250m\]\[[38;2;24;24;37m\]  13:59 \[[0m\]\[[35m\] \[[0m\]
\[[1;38;2;166;227;161m\]\[[0m\] PYTHONPATH=/mnt/Storage/Hackathons/IIITM/raged-ros2/build/website/prefix_override:/usr/lib/python3/dist-packages/colcon_core/task/python/colcon_distutils_commands:/mnt/Storage/Hackathons/IIITM/raged-ros2/install/website/lib/python3.10/site-packages:${PYTHONPATH} /usr/bin/python3 -W ignore:setup.py install is deprecated -W ignore:easy_install command is deprecated setup.py egg_info --egg-base ../../build/website build --build-base /mnt/Storage/Hackathons/IIITM/raged-ros2/build/website/build install --record /mnt/Storage/Hackathons/IIITM/raged-ros2/build/website/install.log --single-version-externally-managed install_data
[2.602s] Level 1:colcon.colcon_core.environment:checking '/mnt/Storage/Hackathons/IIITM/raged-ros2/install/website' for CMake config files
[2.605s] Level 1:colcon.colcon_core.environment:checking '/mnt/Storage/Hackathons/IIITM/raged-ros2/install/website/lib'
[2.605s] Level 1:colcon.colcon_core.environment:checking '/mnt/Storage/Hackathons/IIITM/raged-ros2/install/website/bin'
[2.605s] Level 1:colcon.colcon_core.environment:checking '/mnt/Storage/Hackathons/IIITM/raged-ros2/install/website/lib/pkgconfig/website.pc'
[2.606s] Level 1:colcon.colcon_core.environment:checking '/mnt/Storage/Hackathons/IIITM/raged-ros2/install/website/lib/python3.10/site-packages'
[2.606s] Level 1:colcon.colcon_core.shell:create_environment_hook('website', 'pythonpath')
[2.607s] INFO:colcon.colcon_core.shell:Creating environment hook '/mnt/Storage/Hackathons/IIITM/raged-ros2/install/website/share/website/hook/pythonpath.ps1'
[2.608s] INFO:colcon.colcon_core.shell:Creating environment descriptor '/mnt/Storage/Hackathons/IIITM/raged-ros2/install/website/share/website/hook/pythonpath.dsv'
[2.609s] INFO:colcon.colcon_core.shell:Creating environment hook '/mnt/Storage/Hackathons/IIITM/raged-ros2/install/website/share/website/hook/pythonpath.sh'
[2.611s] Level 1:colcon.colcon_core.environment:checking '/mnt/Storage/Hackathons/IIITM/raged-ros2/install/website/bin'
[2.611s] Level 1:colcon.colcon_core.environment:create_environment_scripts_only(website)
[2.612s] INFO:colcon.colcon_core.shell:Creating package script '/mnt/Storage/Hackathons/IIITM/raged-ros2/install/website/share/website/package.ps1'
[2.614s] INFO:colcon.colcon_core.shell:Creating package descriptor '/mnt/Storage/Hackathons/IIITM/raged-ros2/install/website/share/website/package.dsv'
[2.615s] INFO:colcon.colcon_core.shell:Creating package script '/mnt/Storage/Hackathons/IIITM/raged-ros2/install/website/share/website/package.sh'
[2.616s] INFO:colcon.colcon_core.shell:Creating package script '/mnt/Storage/Hackathons/IIITM/raged-ros2/install/website/share/website/package.bash'
[2.617s] INFO:colcon.colcon_core.shell:Creating package script '/mnt/Storage/Hackathons/IIITM/raged-ros2/install/website/share/website/package.zsh'
[2.618s] Level 1:colcon.colcon_core.environment:create_file_with_runtime_dependencies(/mnt/Storage/Hackathons/IIITM/raged-ros2/install/website/share/colcon-core/packages/website)
[2.621s] Level 1:colcon.colcon_core.environment:checking '/mnt/Storage/Hackathons/IIITM/raged-ros2/install/camera' for CMake module files
[2.623s] DEBUG:colcon.colcon_core.event_handler.log_command:Invoked command in '/mnt/Storage/Hackathons/IIITM/raged-ros2/src/camera' returned '0': PS1=
\[[38;2;49;50;68m\]\[[48;2;49;50;68;38;2;205;214;244m\]󰕈 joel (Ubuntu 22.04) \[[48;2;250;179;135;38;2;49;50;68m\]\[[38;2;24;24;37m\] …/raged-ros2 \[[48;2;166;227;161;38;2;250;179;135m\]\[[38;2;30;30;46m\]  main !? \[[48;2;148;226;213;38;2;166;227;161m\]\[[38;2;30;30;46m\]  v3.10.12 \[[48;2;137;180;250;38;2;148;226;213m\]\[[45;38;2;137;180;250m\]\[[38;2;24;24;37m\]  13:59 \[[0m\]\[[35m\] \[[0m\]
\[[1;38;2;166;227;161m\]\[[0m\] PYTHONPATH=/mnt/Storage/Hackathons/IIITM/raged-ros2/build/camera/prefix_override:/usr/lib/python3/dist-packages/colcon_core/task/python/colcon_distutils_commands:/mnt/Storage/Hackathons/IIITM/raged-ros2/install/camera/lib/python3.10/site-packages:${PYTHONPATH} /usr/bin/python3 -W ignore:setup.py install is deprecated -W ignore:easy_install command is deprecated setup.py egg_info --egg-base ../../build/camera build --build-base /mnt/Storage/Hackathons/IIITM/raged-ros2/build/camera/build install --record /mnt/Storage/Hackathons/IIITM/raged-ros2/build/camera/install.log --single-version-externally-managed install_data
[2.624s] Level 1:colcon.colcon_core.environment:checking '/mnt/Storage/Hackathons/IIITM/raged-ros2/install/camera' for CMake config files
[2.628s] Level 1:colcon.colcon_core.environment:checking '/mnt/Storage/Hackathons/IIITM/raged-ros2/install/camera/lib'
[2.628s] Level 1:colcon.colcon_core.environment:checking '/mnt/Storage/Hackathons/IIITM/raged-ros2/install/camera/bin'
[2.629s] Level 1:colcon.colcon_core.environment:checking '/mnt/Storage/Hackathons/IIITM/raged-ros2/install/camera/lib/pkgconfig/camera.pc'
[2.629s] Level 1:colcon.colcon_core.environment:checking '/mnt/Storage/Hackathons/IIITM/raged-ros2/install/camera/lib/python3.10/site-packages'
[2.630s] Level 1:colcon.colcon_core.shell:create_environment_hook('camera', 'pythonpath')
[2.630s] INFO:colcon.colcon_core.shell:Creating environment hook '/mnt/Storage/Hackathons/IIITM/raged-ros2/install/camera/share/camera/hook/pythonpath.ps1'
[2.631s] INFO:colcon.colcon_core.shell:Creating environment descriptor '/mnt/Storage/Hackathons/IIITM/raged-ros2/install/camera/share/camera/hook/pythonpath.dsv'
[2.632s] INFO:colcon.colcon_core.shell:Creating environment hook '/mnt/Storage/Hackathons/IIITM/raged-ros2/install/camera/share/camera/hook/pythonpath.sh'
[2.634s] Level 1:colcon.colcon_core.environment:checking '/mnt/Storage/Hackathons/IIITM/raged-ros2/install/camera/bin'
[2.634s] Level 1:colcon.colcon_core.environment:create_environment_scripts_only(camera)
[2.635s] INFO:colcon.colcon_core.shell:Creating package script '/mnt/Storage/Hackathons/IIITM/raged-ros2/install/camera/share/camera/package.ps1'
[2.636s] INFO:colcon.colcon_core.shell:Creating package descriptor '/mnt/Storage/Hackathons/IIITM/raged-ros2/install/camera/share/camera/package.dsv'
[2.637s] INFO:colcon.colcon_core.shell:Creating package script '/mnt/Storage/Hackathons/IIITM/raged-ros2/install/camera/share/camera/package.sh'
[2.639s] INFO:colcon.colcon_core.shell:Creating package script '/mnt/Storage/Hackathons/IIITM/raged-ros2/install/camera/share/camera/package.bash'
[2.640s] INFO:colcon.colcon_core.shell:Creating package script '/mnt/Storage/Hackathons/IIITM/raged-ros2/install/camera/share/camera/package.zsh'
[2.641s] Level 1:colcon.colcon_core.environment:create_file_with_runtime_dependencies(/mnt/Storage/Hackathons/IIITM/raged-ros2/install/camera/share/colcon-core/packages/camera)
[2.642s] DEBUG:colcon.colcon_parallel_executor.executor.parallel:closing loop
[2.642s] DEBUG:colcon.colcon_parallel_executor.executor.parallel:loop closed
[2.643s] DEBUG:colcon.colcon_parallel_executor.executor.parallel:run_until_complete finished with '0'
[2.643s] DEBUG:colcon.colcon_core.event_reactor:joining thread
[2.653s] INFO:colcon.colcon_core.plugin_system:Skipping extension 'colcon_notification.desktop_notification.notify_send': Could not find 'notify-send'
[2.653s] INFO:colcon.colcon_core.plugin_system:Skipping extension 'colcon_notification.desktop_notification.terminal_notifier': Not used on non-Darwin systems
[2.654s] INFO:colcon.colcon_core.plugin_system:Skipping extension 'colcon_notification.desktop_notification.win32': Not used on non-Windows systems
[2.654s] INFO:colcon.colcon_notification.desktop_notification:Sending desktop notification using 'notify2'
[2.655s] DEBUG:colcon.colcon_notification.desktop_notification.notify2:Failed to initialize notify2: org.freedesktop.DBus.Error.ServiceUnknown: The name org.freedesktop.Notifications was not provided by any .service files
[2.655s] DEBUG:colcon.colcon_core.event_reactor:joined thread
[2.656s] INFO:colcon.colcon_core.shell:Creating prefix script '/mnt/Storage/Hackathons/IIITM/raged-ros2/install/local_setup.ps1'
[2.658s] INFO:colcon.colcon_core.shell:Creating prefix util module '/mnt/Storage/Hackathons/IIITM/raged-ros2/install/_local_setup_util_ps1.py'
[2.661s] INFO:colcon.colcon_core.shell:Creating prefix chain script '/mnt/Storage/Hackathons/IIITM/raged-ros2/install/setup.ps1'
[2.664s] INFO:colcon.colcon_core.shell:Creating prefix script '/mnt/Storage/Hackathons/IIITM/raged-ros2/install/local_setup.sh'
[2.666s] INFO:colcon.colcon_core.shell:Creating prefix util module '/mnt/Storage/Hackathons/IIITM/raged-ros2/install/_local_setup_util_sh.py'
[2.667s] INFO:colcon.colcon_core.shell:Creating prefix chain script '/mnt/Storage/Hackathons/IIITM/raged-ros2/install/setup.sh'
[2.670s] INFO:colcon.colcon_core.shell:Creating prefix script '/mnt/Storage/Hackathons/IIITM/raged-ros2/install/local_setup.bash'
[2.672s] INFO:colcon.colcon_core.shell:Creating prefix chain script '/mnt/Storage/Hackathons/IIITM/raged-ros2/install/setup.bash'
[2.676s] INFO:colcon.colcon_core.shell:Creating prefix script '/mnt/Storage/Hackathons/IIITM/raged-ros2/install/local_setup.zsh'
[2.677s] INFO:colcon.colcon_core.shell:Creating prefix chain script '/mnt/Storage/Hackathons/IIITM/raged-ros2/install/setup.zsh'
