[0.000000] (-) TimerEvent: {}
[0.000556] (camera) JobQueued: {'identifier': 'camera', 'dependencies': OrderedDict()}
[0.000848] (control) JobQueued: {'identifier': 'control', 'dependencies': OrderedDict()}
[0.000964] (website) JobQueued: {'identifier': 'website', 'dependencies': OrderedDict()}
[0.001026] (camera) JobStarted: {'identifier': 'camera'}
[0.013158] (control) JobStarted: {'identifier': 'control'}
[0.019480] (website) JobStarted: {'identifier': 'website'}
[0.099419] (-) TimerEvent: {}
[0.199931] (-) TimerEvent: {}
[0.300404] (-) TimerEvent: {}
[0.400842] (-) TimerEvent: {}
[0.501250] (-) TimerEvent: {}
[0.601776] (-) TimerEvent: {}
[0.702207] (-) TimerEvent: {}
[0.802643] (-) TimerEvent: {}
[0.903128] (-) TimerEvent: {}
[1.003624] (-) TimerEvent: {}
[1.104049] (-) TimerEvent: {}
[1.204104] (control) Command: {'cmd': ['/usr/bin/python3', '-W', 'ignore:setup.py install is deprecated', '-W', 'ignore:easy_install command is deprecated', 'setup.py', 'egg_info', '--egg-base', '../../build/control', 'build', '--build-base', '/mnt/Storage/Hackathons/IIITM/raged-ros2/build/control/build', 'install', '--record', '/mnt/Storage/Hackathons/IIITM/raged-ros2/build/control/install.log', '--single-version-externally-managed', 'install_data'], 'cwd': '/mnt/Storage/Hackathons/IIITM/raged-ros2/src/control', 'env': {'MAIL': '/var/mail/joel', 'HYPRLAND_CMD': 'Hyprland', 'USER': 'joel', 'HYPRLAND_INSTANCE_SIGNATURE': '9958d297641b5c84dcff93f9039d80a5ad37ab00_1750076727_112436302', 'STARSHIP_SHELL': 'bash', 'HOSTNAME': 'archlinux', 'XDG_SESSION_TYPE': 'wayland', 'KITTY_SHELL_INTEGRATION': 'enabled', 'XCURSOR_SIZE': '24', 'XDG_CACHE_HOME': '/home/joel/.cache', 'SHLVL': '3', 'LD_LIBRARY_PATH': '/opt/ros/humble/opt/rviz_ogre_vendor/lib:/opt/ros/humble/lib/x86_64-linux-gnu:/opt/ros/humble/lib', 'MOTD_SHOWN': 'pam', 'HOME': '/home/joel', 'TERMINFO': '/usr/lib/kitty/terminfo', 'MOZ_ENABLE_WAYLAND': '1', 'OLDPWD': '/mnt/Storage/Hackathons/IIITM/raged-ros2/src/camera', 'DESKTOP_SESSION': 'hyprland', 'KITTY_INSTALLATION_DIR': '/usr/lib/kitty', 'ROS_PYTHON_VERSION': '3', 'PS1': '\n\\[\x1b[38;2;49;50;68m\\]\ue0b6\\[\x1b[48;2;49;50;68;38;2;205;214;244m\\]\U000f0548 joel (Ubuntu 22.04) \\[\x1b[48;2;250;179;135;38;2;49;50;68m\\]\ue0b0\\[\x1b[38;2;24;24;37m\\] …/raged-ros2 \\[\x1b[48;2;166;227;161;38;2;250;179;135m\\]\ue0b0\\[\x1b[38;2;30;30;46m\\] \uf418 main ? \\[\x1b[48;2;148;226;213;38;2;166;227;161m\\]\ue0b0\\[\x1b[48;2;137;180;250;38;2;148;226;213m\\]\ue0b0\\[\x1b[45;38;2;137;180;250m\\]\ue0b0\\[\x1b[38;2;24;24;37m\\] \uf43a 13:49 \\[\x1b[0m\\]\\[\x1b[35m\\]\ue0b4 \\[\x1b[0m\\]\n\\[\x1b[1;38;2;166;227;161m\\]\uf432\\[\x1b[0m\\]', 'KITTY_PID': '21165', 'CONTAINER_LABEL': '(Ubuntu 22.04)', 'DISTROBOX_ENTER_PATH': '/usr/bin/distrobox-enter', 'XDG_STATE_HOME': '/home/joel/.local/state', 'DBUS_SESSION_BUS_ADDRESS': 'unix:path=/run/user/1000/bus', 'COLORTERM': 'truecolor', 'container': 'docker', 'WAYLAND_DISPLAY': 'wayland-1', 'ROS_DISTRO': 'humble', 'LOGNAME': 'joel', '_': '/usr/bin/colcon', 'ROS_VERSION': '2', 'XDG_SESSION_CLASS': 'user', 'TERMINFO_DIRS': '/usr/share/terminfo:/run/host/usr/share/terminfo', 'USERNAME': 'joel', 'TERM': 'xterm-256color', 'XDG_SESSION_ID': 'c9', 'ROS_LOCALHOST_ONLY': '0', 'HISTCONTROL': 'ignoreboth', 'HL_INITIAL_WORKSPACE_TOKEN': '8d682a1b-78f1-464c-ac3a-cc2a01acd983', 'PATH': '/opt/ros/humble/bin:/home/joel/.local/bin:/home/joel/.local/personal_scripts:/home/joel/.local/share/gem/ruby/3.4.0/bin:/mnt/Storage/rom/extract/VBiosFinder-master/rom-parser:/usr/local/sbin:/usr/local/bin:/usr/sbin:/usr/bin:/sbin:/bin:/usr/games:/usr/local/games:/snap/bin', 'GDM_LANG': 'en_US.UTF-8', 'XDG_RUNTIME_DIR': '/run/user/1000', 'DISPLAY': ':0', 'HYPRCURSOR_SIZE': '24', 'LANG': 'en_US.UTF-8', 'XDG_CURRENT_DESKTOP': 'Hyprland', 'XDG_DATA_HOME': '/home/joel/.local/share', 'XDG_CONFIG_HOME': '/home/joel/.config', 'XDG_SESSION_DESKTOP': 'hyprland', 'AMENT_PREFIX_PATH': '/opt/ros/humble', 'SHELL': '/usr/bin/bash', 'GDMSESSION': 'hyprland', 'KITTY_WINDOW_ID': '1', 'PWD': '/mnt/Storage/Hackathons/IIITM/raged-ros2/build/control', 'CONTAINER_ID': 'Ubuntu_22.04', 'LC_ALL': 'en_US.UTF-8', 'XDG_CONFIG_DIRS': '/etc/xdg', 'XDG_BACKEND': 'wayland', 'XDG_DATA_DIRS': '/home/joel/.local/share/flatpak/exports/share:/var/lib/flatpak/exports/share:/usr/local/share/:/usr/share/:/usr/local/share:/usr/share', 'STARSHIP_SESSION_KEY': '1366565264645161', 'PYTHONPATH': '/mnt/Storage/Hackathons/IIITM/raged-ros2/build/control/prefix_override:/usr/lib/python3/dist-packages/colcon_core/task/python/colcon_distutils_commands:/mnt/Storage/Hackathons/IIITM/raged-ros2/install/control/lib/python3.10/site-packages:/opt/ros/humble/lib/python3.10/site-packages:/opt/ros/humble/local/lib/python3.10/dist-packages:/home/joel/.local/py_pkgs/Python_3.13.3', 'COLCON': '1'}, 'shell': False}
[1.209479] (-) TimerEvent: {}
[1.219007] (website) Command: {'cmd': ['/usr/bin/python3', '-W', 'ignore:setup.py install is deprecated', '-W', 'ignore:easy_install command is deprecated', 'setup.py', 'egg_info', '--egg-base', '../../build/website', 'build', '--build-base', '/mnt/Storage/Hackathons/IIITM/raged-ros2/build/website/build', 'install', '--record', '/mnt/Storage/Hackathons/IIITM/raged-ros2/build/website/install.log', '--single-version-externally-managed', 'install_data'], 'cwd': '/mnt/Storage/Hackathons/IIITM/raged-ros2/src/website', 'env': {'MAIL': '/var/mail/joel', 'HYPRLAND_CMD': 'Hyprland', 'USER': 'joel', 'HYPRLAND_INSTANCE_SIGNATURE': '9958d297641b5c84dcff93f9039d80a5ad37ab00_1750076727_112436302', 'STARSHIP_SHELL': 'bash', 'HOSTNAME': 'archlinux', 'XDG_SESSION_TYPE': 'wayland', 'KITTY_SHELL_INTEGRATION': 'enabled', 'XCURSOR_SIZE': '24', 'XDG_CACHE_HOME': '/home/joel/.cache', 'SHLVL': '3', 'LD_LIBRARY_PATH': '/opt/ros/humble/opt/rviz_ogre_vendor/lib:/opt/ros/humble/lib/x86_64-linux-gnu:/opt/ros/humble/lib', 'MOTD_SHOWN': 'pam', 'HOME': '/home/joel', 'TERMINFO': '/usr/lib/kitty/terminfo', 'MOZ_ENABLE_WAYLAND': '1', 'OLDPWD': '/mnt/Storage/Hackathons/IIITM/raged-ros2/src/camera', 'DESKTOP_SESSION': 'hyprland', 'KITTY_INSTALLATION_DIR': '/usr/lib/kitty', 'ROS_PYTHON_VERSION': '3', 'PS1': '\n\\[\x1b[38;2;49;50;68m\\]\ue0b6\\[\x1b[48;2;49;50;68;38;2;205;214;244m\\]\U000f0548 joel (Ubuntu 22.04) \\[\x1b[48;2;250;179;135;38;2;49;50;68m\\]\ue0b0\\[\x1b[38;2;24;24;37m\\] …/raged-ros2 \\[\x1b[48;2;166;227;161;38;2;250;179;135m\\]\ue0b0\\[\x1b[38;2;30;30;46m\\] \uf418 main ? \\[\x1b[48;2;148;226;213;38;2;166;227;161m\\]\ue0b0\\[\x1b[48;2;137;180;250;38;2;148;226;213m\\]\ue0b0\\[\x1b[45;38;2;137;180;250m\\]\ue0b0\\[\x1b[38;2;24;24;37m\\] \uf43a 13:49 \\[\x1b[0m\\]\\[\x1b[35m\\]\ue0b4 \\[\x1b[0m\\]\n\\[\x1b[1;38;2;166;227;161m\\]\uf432\\[\x1b[0m\\]', 'KITTY_PID': '21165', 'CONTAINER_LABEL': '(Ubuntu 22.04)', 'DISTROBOX_ENTER_PATH': '/usr/bin/distrobox-enter', 'XDG_STATE_HOME': '/home/joel/.local/state', 'DBUS_SESSION_BUS_ADDRESS': 'unix:path=/run/user/1000/bus', 'COLORTERM': 'truecolor', 'container': 'docker', 'WAYLAND_DISPLAY': 'wayland-1', 'ROS_DISTRO': 'humble', 'LOGNAME': 'joel', '_': '/usr/bin/colcon', 'ROS_VERSION': '2', 'XDG_SESSION_CLASS': 'user', 'TERMINFO_DIRS': '/usr/share/terminfo:/run/host/usr/share/terminfo', 'USERNAME': 'joel', 'TERM': 'xterm-256color', 'XDG_SESSION_ID': 'c9', 'ROS_LOCALHOST_ONLY': '0', 'HISTCONTROL': 'ignoreboth', 'HL_INITIAL_WORKSPACE_TOKEN': '8d682a1b-78f1-464c-ac3a-cc2a01acd983', 'PATH': '/opt/ros/humble/bin:/home/joel/.local/bin:/home/joel/.local/personal_scripts:/home/joel/.local/share/gem/ruby/3.4.0/bin:/mnt/Storage/rom/extract/VBiosFinder-master/rom-parser:/usr/local/sbin:/usr/local/bin:/usr/sbin:/usr/bin:/sbin:/bin:/usr/games:/usr/local/games:/snap/bin', 'GDM_LANG': 'en_US.UTF-8', 'XDG_RUNTIME_DIR': '/run/user/1000', 'DISPLAY': ':0', 'HYPRCURSOR_SIZE': '24', 'LANG': 'en_US.UTF-8', 'XDG_CURRENT_DESKTOP': 'Hyprland', 'XDG_DATA_HOME': '/home/joel/.local/share', 'XDG_CONFIG_HOME': '/home/joel/.config', 'XDG_SESSION_DESKTOP': 'hyprland', 'AMENT_PREFIX_PATH': '/opt/ros/humble', 'SHELL': '/usr/bin/bash', 'GDMSESSION': 'hyprland', 'KITTY_WINDOW_ID': '1', 'PWD': '/mnt/Storage/Hackathons/IIITM/raged-ros2/build/website', 'CONTAINER_ID': 'Ubuntu_22.04', 'LC_ALL': 'en_US.UTF-8', 'XDG_CONFIG_DIRS': '/etc/xdg', 'XDG_BACKEND': 'wayland', 'XDG_DATA_DIRS': '/home/joel/.local/share/flatpak/exports/share:/var/lib/flatpak/exports/share:/usr/local/share/:/usr/share/:/usr/local/share:/usr/share', 'STARSHIP_SESSION_KEY': '1366565264645161', 'PYTHONPATH': '/mnt/Storage/Hackathons/IIITM/raged-ros2/build/website/prefix_override:/usr/lib/python3/dist-packages/colcon_core/task/python/colcon_distutils_commands:/mnt/Storage/Hackathons/IIITM/raged-ros2/install/website/lib/python3.10/site-packages:/opt/ros/humble/lib/python3.10/site-packages:/opt/ros/humble/local/lib/python3.10/dist-packages:/home/joel/.local/py_pkgs/Python_3.13.3', 'COLCON': '1'}, 'shell': False}
[1.231822] (camera) Command: {'cmd': ['/usr/bin/python3', '-W', 'ignore:setup.py install is deprecated', '-W', 'ignore:easy_install command is deprecated', 'setup.py', 'egg_info', '--egg-base', '../../build/camera', 'build', '--build-base', '/mnt/Storage/Hackathons/IIITM/raged-ros2/build/camera/build', 'install', '--record', '/mnt/Storage/Hackathons/IIITM/raged-ros2/build/camera/install.log', '--single-version-externally-managed', 'install_data'], 'cwd': '/mnt/Storage/Hackathons/IIITM/raged-ros2/src/camera', 'env': {'MAIL': '/var/mail/joel', 'HYPRLAND_CMD': 'Hyprland', 'USER': 'joel', 'HYPRLAND_INSTANCE_SIGNATURE': '9958d297641b5c84dcff93f9039d80a5ad37ab00_1750076727_112436302', 'STARSHIP_SHELL': 'bash', 'HOSTNAME': 'archlinux', 'XDG_SESSION_TYPE': 'wayland', 'KITTY_SHELL_INTEGRATION': 'enabled', 'XCURSOR_SIZE': '24', 'XDG_CACHE_HOME': '/home/joel/.cache', 'SHLVL': '3', 'LD_LIBRARY_PATH': '/opt/ros/humble/opt/rviz_ogre_vendor/lib:/opt/ros/humble/lib/x86_64-linux-gnu:/opt/ros/humble/lib', 'MOTD_SHOWN': 'pam', 'HOME': '/home/joel', 'TERMINFO': '/usr/lib/kitty/terminfo', 'MOZ_ENABLE_WAYLAND': '1', 'OLDPWD': '/mnt/Storage/Hackathons/IIITM/raged-ros2/src/camera', 'DESKTOP_SESSION': 'hyprland', 'KITTY_INSTALLATION_DIR': '/usr/lib/kitty', 'ROS_PYTHON_VERSION': '3', 'PS1': '\n\\[\x1b[38;2;49;50;68m\\]\ue0b6\\[\x1b[48;2;49;50;68;38;2;205;214;244m\\]\U000f0548 joel (Ubuntu 22.04) \\[\x1b[48;2;250;179;135;38;2;49;50;68m\\]\ue0b0\\[\x1b[38;2;24;24;37m\\] …/raged-ros2 \\[\x1b[48;2;166;227;161;38;2;250;179;135m\\]\ue0b0\\[\x1b[38;2;30;30;46m\\] \uf418 main ? \\[\x1b[48;2;148;226;213;38;2;166;227;161m\\]\ue0b0\\[\x1b[48;2;137;180;250;38;2;148;226;213m\\]\ue0b0\\[\x1b[45;38;2;137;180;250m\\]\ue0b0\\[\x1b[38;2;24;24;37m\\] \uf43a 13:49 \\[\x1b[0m\\]\\[\x1b[35m\\]\ue0b4 \\[\x1b[0m\\]\n\\[\x1b[1;38;2;166;227;161m\\]\uf432\\[\x1b[0m\\]', 'KITTY_PID': '21165', 'CONTAINER_LABEL': '(Ubuntu 22.04)', 'DISTROBOX_ENTER_PATH': '/usr/bin/distrobox-enter', 'XDG_STATE_HOME': '/home/joel/.local/state', 'DBUS_SESSION_BUS_ADDRESS': 'unix:path=/run/user/1000/bus', 'COLORTERM': 'truecolor', 'container': 'docker', 'WAYLAND_DISPLAY': 'wayland-1', 'ROS_DISTRO': 'humble', 'LOGNAME': 'joel', '_': '/usr/bin/colcon', 'ROS_VERSION': '2', 'XDG_SESSION_CLASS': 'user', 'TERMINFO_DIRS': '/usr/share/terminfo:/run/host/usr/share/terminfo', 'USERNAME': 'joel', 'TERM': 'xterm-256color', 'XDG_SESSION_ID': 'c9', 'ROS_LOCALHOST_ONLY': '0', 'HISTCONTROL': 'ignoreboth', 'HL_INITIAL_WORKSPACE_TOKEN': '8d682a1b-78f1-464c-ac3a-cc2a01acd983', 'PATH': '/opt/ros/humble/bin:/home/joel/.local/bin:/home/joel/.local/personal_scripts:/home/joel/.local/share/gem/ruby/3.4.0/bin:/mnt/Storage/rom/extract/VBiosFinder-master/rom-parser:/usr/local/sbin:/usr/local/bin:/usr/sbin:/usr/bin:/sbin:/bin:/usr/games:/usr/local/games:/snap/bin', 'GDM_LANG': 'en_US.UTF-8', 'XDG_RUNTIME_DIR': '/run/user/1000', 'DISPLAY': ':0', 'HYPRCURSOR_SIZE': '24', 'LANG': 'en_US.UTF-8', 'XDG_CURRENT_DESKTOP': 'Hyprland', 'XDG_DATA_HOME': '/home/joel/.local/share', 'XDG_CONFIG_HOME': '/home/joel/.config', 'XDG_SESSION_DESKTOP': 'hyprland', 'AMENT_PREFIX_PATH': '/opt/ros/humble', 'SHELL': '/usr/bin/bash', 'GDMSESSION': 'hyprland', 'KITTY_WINDOW_ID': '1', 'PWD': '/mnt/Storage/Hackathons/IIITM/raged-ros2/build/camera', 'CONTAINER_ID': 'Ubuntu_22.04', 'LC_ALL': 'en_US.UTF-8', 'XDG_CONFIG_DIRS': '/etc/xdg', 'XDG_BACKEND': 'wayland', 'XDG_DATA_DIRS': '/home/joel/.local/share/flatpak/exports/share:/var/lib/flatpak/exports/share:/usr/local/share/:/usr/share/:/usr/local/share:/usr/share', 'STARSHIP_SESSION_KEY': '1366565264645161', 'PYTHONPATH': '/mnt/Storage/Hackathons/IIITM/raged-ros2/build/camera/prefix_override:/usr/lib/python3/dist-packages/colcon_core/task/python/colcon_distutils_commands:/mnt/Storage/Hackathons/IIITM/raged-ros2/install/camera/lib/python3.10/site-packages:/opt/ros/humble/lib/python3.10/site-packages:/opt/ros/humble/local/lib/python3.10/dist-packages:/home/joel/.local/py_pkgs/Python_3.13.3', 'COLCON': '1'}, 'shell': False}
[1.309599] (-) TimerEvent: {}
[1.410016] (-) TimerEvent: {}
[1.493050] (website) StdoutLine: {'line': b'running egg_info\n'}
[1.494107] (website) StdoutLine: {'line': b'writing ../../build/website/website.egg-info/PKG-INFO\n'}
[1.494582] (website) StdoutLine: {'line': b'writing dependency_links to ../../build/website/website.egg-info/dependency_links.txt\n'}
[1.494963] (website) StdoutLine: {'line': b'writing entry points to ../../build/website/website.egg-info/entry_points.txt\n'}
[1.495310] (website) StdoutLine: {'line': b'writing requirements to ../../build/website/website.egg-info/requires.txt\n'}
[1.495646] (website) StdoutLine: {'line': b'writing top-level names to ../../build/website/website.egg-info/top_level.txt\n'}
[1.499165] (website) StdoutLine: {'line': b"reading manifest file '../../build/website/website.egg-info/SOURCES.txt'\n"}
[1.499846] (camera) StdoutLine: {'line': b'running egg_info\n'}
[1.500190] (camera) StdoutLine: {'line': b'writing ../../build/camera/camera.egg-info/PKG-INFO\n'}
[1.500574] (camera) StdoutLine: {'line': b'writing dependency_links to ../../build/camera/camera.egg-info/dependency_links.txt\n'}
[1.500882] (camera) StdoutLine: {'line': b'writing entry points to ../../build/camera/camera.egg-info/entry_points.txt\n'}
[1.501153] (camera) StdoutLine: {'line': b'writing requirements to ../../build/camera/camera.egg-info/requires.txt\n'}
[1.501407] (camera) StdoutLine: {'line': b'writing top-level names to ../../build/camera/camera.egg-info/top_level.txt\n'}
[1.501658] (website) StdoutLine: {'line': b"writing manifest file '../../build/website/website.egg-info/SOURCES.txt'\n"}
[1.501949] (website) StdoutLine: {'line': b'running build\n'}
[1.502224] (website) StdoutLine: {'line': b'running build_py\n'}
[1.502493] (website) StdoutLine: {'line': b'running install\n'}
[1.502832] (website) StdoutLine: {'line': b'running install_lib\n'}
[1.504557] (camera) StdoutLine: {'line': b"reading manifest file '../../build/camera/camera.egg-info/SOURCES.txt'\n"}
[1.505064] (website) StdoutLine: {'line': b'running install_data\n'}
[1.505518] (website) StdoutLine: {'line': b'running install_egg_info\n'}
[1.506720] (camera) StdoutLine: {'line': b"writing manifest file '../../build/camera/camera.egg-info/SOURCES.txt'\n"}
[1.507048] (camera) StdoutLine: {'line': b'running build\n'}
[1.507306] (camera) StdoutLine: {'line': b'running build_py\n'}
[1.507567] (control) StdoutLine: {'line': b'running egg_info\n'}
[1.507863] (camera) StdoutLine: {'line': b'copying camera/camera.py -> /mnt/Storage/Hackathons/IIITM/raged-ros2/build/camera/build/lib/camera\n'}
[1.508259] (website) StdoutLine: {'line': b"removing '/mnt/Storage/Hackathons/IIITM/raged-ros2/install/website/lib/python3.10/site-packages/website-0.0.0-py3.10.egg-info' (and everything under it)\n"}
[1.508644] (camera) StdoutLine: {'line': b'copying camera/ml.py -> /mnt/Storage/Hackathons/IIITM/raged-ros2/build/camera/build/lib/camera\n'}
[1.508939] (control) StdoutLine: {'line': b'writing ../../build/control/control.egg-info/PKG-INFO\n'}
[1.509287] (website) StdoutLine: {'line': b'Copying ../../build/website/website.egg-info to /mnt/Storage/Hackathons/IIITM/raged-ros2/install/website/lib/python3.10/site-packages/website-0.0.0-py3.10.egg-info\n'}
[1.509600] (camera) StdoutLine: {'line': b'copying camera/position.py -> /mnt/Storage/Hackathons/IIITM/raged-ros2/build/camera/build/lib/camera\n'}
[1.509862] (control) StdoutLine: {'line': b'writing dependency_links to ../../build/control/control.egg-info/dependency_links.txt\n'}
[1.510153] (-) TimerEvent: {}
[1.510328] (control) StdoutLine: {'line': b'writing entry points to ../../build/control/control.egg-info/entry_points.txt\n'}
[1.510687] (control) StdoutLine: {'line': b'writing requirements to ../../build/control/control.egg-info/requires.txt\n'}
[1.510989] (camera) StdoutLine: {'line': b'running install\n'}
[1.511317] (control) StdoutLine: {'line': b'writing top-level names to ../../build/control/control.egg-info/top_level.txt\n'}
[1.511591] (camera) StdoutLine: {'line': b'running install_lib\n'}
[1.512462] (camera) StdoutLine: {'line': b'copying /mnt/Storage/Hackathons/IIITM/raged-ros2/build/camera/build/lib/camera/camera.py -> /mnt/Storage/Hackathons/IIITM/raged-ros2/install/camera/lib/python3.10/site-packages/camera\n'}
[1.513028] (camera) StdoutLine: {'line': b'copying /mnt/Storage/Hackathons/IIITM/raged-ros2/build/camera/build/lib/camera/ml.py -> /mnt/Storage/Hackathons/IIITM/raged-ros2/install/camera/lib/python3.10/site-packages/camera\n'}
[1.513670] (camera) StdoutLine: {'line': b'copying /mnt/Storage/Hackathons/IIITM/raged-ros2/build/camera/build/lib/camera/position.py -> /mnt/Storage/Hackathons/IIITM/raged-ros2/install/camera/lib/python3.10/site-packages/camera\n'}
[1.514531] (website) StdoutLine: {'line': b'running install_scripts\n'}
[1.514912] (control) StdoutLine: {'line': b"reading manifest file '../../build/control/control.egg-info/SOURCES.txt'\n"}
[1.515738] (camera) StdoutLine: {'line': b'byte-compiling /mnt/Storage/Hackathons/IIITM/raged-ros2/install/camera/lib/python3.10/site-packages/camera/camera.py to camera.cpython-310.pyc\n'}
[1.516692] (camera) StdoutLine: {'line': b'byte-compiling /mnt/Storage/Hackathons/IIITM/raged-ros2/install/camera/lib/python3.10/site-packages/camera/ml.py to ml.cpython-310.pyc\n'}
[1.517449] (camera) StdoutLine: {'line': b'byte-compiling /mnt/Storage/Hackathons/IIITM/raged-ros2/install/camera/lib/python3.10/site-packages/camera/position.py to position.cpython-310.pyc\n'}
[1.518309] (camera) StdoutLine: {'line': b'running install_data\n'}
[1.518607] (control) StdoutLine: {'line': b"writing manifest file '../../build/control/control.egg-info/SOURCES.txt'\n"}
[1.518879] (control) StdoutLine: {'line': b'running build\n'}
[1.519185] (control) StdoutLine: {'line': b'running build_py\n'}
[1.519439] (camera) StdoutLine: {'line': b'running install_egg_info\n'}
[1.519705] (control) StdoutLine: {'line': b'running install\n'}
[1.520092] (control) StdoutLine: {'line': b'running install_lib\n'}
[1.521991] (camera) StdoutLine: {'line': b"removing '/mnt/Storage/Hackathons/IIITM/raged-ros2/install/camera/lib/python3.10/site-packages/camera-0.0.0-py3.10.egg-info' (and everything under it)\n"}
[1.522633] (control) StdoutLine: {'line': b'running install_data\n'}
[1.523002] (camera) StdoutLine: {'line': b'Copying ../../build/camera/camera.egg-info to /mnt/Storage/Hackathons/IIITM/raged-ros2/install/camera/lib/python3.10/site-packages/camera-0.0.0-py3.10.egg-info\n'}
[1.523329] (control) StdoutLine: {'line': b'running install_egg_info\n'}
[1.525790] (control) StdoutLine: {'line': b"removing '/mnt/Storage/Hackathons/IIITM/raged-ros2/install/control/lib/python3.10/site-packages/control-0.0.0-py3.10.egg-info' (and everything under it)\n"}
[1.527052] (control) StdoutLine: {'line': b'Copying ../../build/control/control.egg-info to /mnt/Storage/Hackathons/IIITM/raged-ros2/install/control/lib/python3.10/site-packages/control-0.0.0-py3.10.egg-info\n'}
[1.528299] (camera) StdoutLine: {'line': b'running install_scripts\n'}
[1.531703] (control) StdoutLine: {'line': b'running install_scripts\n'}
[1.546292] (website) StdoutLine: {'line': b"writing list of installed files to '/mnt/Storage/Hackathons/IIITM/raged-ros2/build/website/install.log'\n"}
[1.558338] (camera) StdoutLine: {'line': b"writing list of installed files to '/mnt/Storage/Hackathons/IIITM/raged-ros2/build/camera/install.log'\n"}
[1.558835] (control) StdoutLine: {'line': b"writing list of installed files to '/mnt/Storage/Hackathons/IIITM/raged-ros2/build/control/install.log'\n"}
[1.584660] (website) CommandEnded: {'returncode': 0}
[1.608245] (website) JobEnded: {'identifier': 'website', 'rc': 0}
[1.611442] (-) TimerEvent: {}
[1.611713] (camera) CommandEnded: {'returncode': 0}
[1.626962] (camera) JobEnded: {'identifier': 'camera', 'rc': 0}
[1.628150] (control) CommandEnded: {'returncode': 0}
[1.642042] (control) JobEnded: {'identifier': 'control', 'rc': 0}
[1.643348] (-) EventReactorShutdown: {}
