[1.457s] Invoking command in '/mnt/Storage/Hackathons/IIITM/raged-ros2/src/website': PS1=
\[[38;2;49;50;68m\]\[[48;2;49;50;68;38;2;205;214;244m\]󰕈 joel (Ubuntu 22.04) \[[48;2;250;179;135;38;2;49;50;68m\]\[[38;2;24;24;37m\] …/raged-ros2 \[[48;2;166;227;161;38;2;250;179;135m\]\[[38;2;30;30;46m\]  main ! \[[48;2;148;226;213;38;2;166;227;161m\]\[[38;2;30;30;46m\]  v3.10.12 \[[48;2;137;180;250;38;2;148;226;213m\]\[[45;38;2;137;180;250m\]\[[38;2;24;24;37m\]  11:15 \[[0m\]\[[35m\] \[[0m\]
\[[1;38;2;243;139;168m\]\[[0m\] PYTHONPATH=/mnt/Storage/Hackathons/IIITM/raged-ros2/build/website/prefix_override:/usr/lib/python3/dist-packages/colcon_core/task/python/colcon_distutils_commands:/mnt/Storage/Hackathons/IIITM/raged-ros2/install/website/lib/python3.10/site-packages:${PYTHONPATH} /usr/bin/python3 -W ignore:setup.py install is deprecated -W ignore:easy_install command is deprecated setup.py egg_info --egg-base ../../build/website build --build-base /mnt/Storage/Hackathons/IIITM/raged-ros2/build/website/build install --record /mnt/Storage/Hackathons/IIITM/raged-ros2/build/website/install.log --single-version-externally-managed install_data
[1.823s] running egg_info
[1.824s] writing ../../build/website/website.egg-info/PKG-INFO
[1.824s] writing dependency_links to ../../build/website/website.egg-info/dependency_links.txt
[1.825s] writing entry points to ../../build/website/website.egg-info/entry_points.txt
[1.826s] writing requirements to ../../build/website/website.egg-info/requires.txt
[1.826s] writing top-level names to ../../build/website/website.egg-info/top_level.txt
[1.830s] reading manifest file '../../build/website/website.egg-info/SOURCES.txt'
[1.833s] writing manifest file '../../build/website/website.egg-info/SOURCES.txt'
[1.834s] running build
[1.834s] running build_py
[1.835s] running install
[1.836s] running install_lib
[1.840s] running install_data
[1.841s] running install_egg_info
[1.844s] removing '/mnt/Storage/Hackathons/IIITM/raged-ros2/install/website/lib/python3.10/site-packages/website-0.0.0-py3.10.egg-info' (and everything under it)
[1.845s] Copying ../../build/website/website.egg-info to /mnt/Storage/Hackathons/IIITM/raged-ros2/install/website/lib/python3.10/site-packages/website-0.0.0-py3.10.egg-info
[1.851s] running install_scripts
[1.890s] writing list of installed files to '/mnt/Storage/Hackathons/IIITM/raged-ros2/build/website/install.log'
[1.960s] Invoked command in '/mnt/Storage/Hackathons/IIITM/raged-ros2/src/website' returned '0': PS1=
\[[38;2;49;50;68m\]\[[48;2;49;50;68;38;2;205;214;244m\]󰕈 joel (Ubuntu 22.04) \[[48;2;250;179;135;38;2;49;50;68m\]\[[38;2;24;24;37m\] …/raged-ros2 \[[48;2;166;227;161;38;2;250;179;135m\]\[[38;2;30;30;46m\]  main ! \[[48;2;148;226;213;38;2;166;227;161m\]\[[38;2;30;30;46m\]  v3.10.12 \[[48;2;137;180;250;38;2;148;226;213m\]\[[45;38;2;137;180;250m\]\[[38;2;24;24;37m\]  11:15 \[[0m\]\[[35m\] \[[0m\]
\[[1;38;2;243;139;168m\]\[[0m\] PYTHONPATH=/mnt/Storage/Hackathons/IIITM/raged-ros2/build/website/prefix_override:/usr/lib/python3/dist-packages/colcon_core/task/python/colcon_distutils_commands:/mnt/Storage/Hackathons/IIITM/raged-ros2/install/website/lib/python3.10/site-packages:${PYTHONPATH} /usr/bin/python3 -W ignore:setup.py install is deprecated -W ignore:easy_install command is deprecated setup.py egg_info --egg-base ../../build/website build --build-base /mnt/Storage/Hackathons/IIITM/raged-ros2/build/website/build install --record /mnt/Storage/Hackathons/IIITM/raged-ros2/build/website/install.log --single-version-externally-managed install_data
