[1.243s] Invoking command in '/mnt/Storage/Hackathons/IIITM/raged-ros2/src/control': PS1=
\[[38;2;49;50;68m\]\[[48;2;49;50;68;38;2;205;214;244m\]󰕈 joel (Ubuntu 22.04) \[[48;2;250;179;135;38;2;49;50;68m\]\[[38;2;24;24;37m\] …/raged-ros2 \[[48;2;166;227;161;38;2;250;179;135m\]\[[38;2;30;30;46m\]  main !?⇡ \[[48;2;148;226;213;38;2;166;227;161m\]\[[48;2;137;180;250;38;2;148;226;213m\]\[[45;38;2;137;180;250m\]\[[38;2;24;24;37m\]  13:42 \[[0m\]\[[35m\] \[[0m\]
\[[1;38;2;166;227;161m\]\[[0m\] PYTHONPATH=/mnt/Storage/Hackathons/IIITM/raged-ros2/build/control/prefix_override:/usr/lib/python3/dist-packages/colcon_core/task/python/colcon_distutils_commands:/mnt/Storage/Hackathons/IIITM/raged-ros2/install/control/lib/python3.10/site-packages:${PYTHONPATH} /usr/bin/python3 -W ignore:setup.py install is deprecated -W ignore:easy_install command is deprecated setup.py egg_info --egg-base ../../build/control build --build-base /mnt/Storage/Hackathons/IIITM/raged-ros2/build/control/build install --record /mnt/Storage/Hackathons/IIITM/raged-ros2/build/control/install.log --single-version-externally-managed install_data
[1.552s] running egg_info
[1.553s] creating ../../build/control/control.egg-info
[1.553s] writing ../../build/control/control.egg-info/PKG-INFO
[1.554s] writing dependency_links to ../../build/control/control.egg-info/dependency_links.txt
[1.554s] writing entry points to ../../build/control/control.egg-info/entry_points.txt
[1.554s] writing requirements to ../../build/control/control.egg-info/requires.txt
[1.555s] writing top-level names to ../../build/control/control.egg-info/top_level.txt
[1.555s] writing manifest file '../../build/control/control.egg-info/SOURCES.txt'
[1.558s] reading manifest file '../../build/control/control.egg-info/SOURCES.txt'
[1.560s] writing manifest file '../../build/control/control.egg-info/SOURCES.txt'
[1.560s] running build
[1.561s] running build_py
[1.561s] creating /mnt/Storage/Hackathons/IIITM/raged-ros2/build/control/build
[1.561s] creating /mnt/Storage/Hackathons/IIITM/raged-ros2/build/control/build/lib
[1.562s] creating /mnt/Storage/Hackathons/IIITM/raged-ros2/build/control/build/lib/control
[1.562s] copying control/__init__.py -> /mnt/Storage/Hackathons/IIITM/raged-ros2/build/control/build/lib/control
[1.563s] running install
[1.563s] running install_lib
[1.564s] creating /mnt/Storage/Hackathons/IIITM/raged-ros2/install/control/lib/python3.10/site-packages/control
[1.564s] copying /mnt/Storage/Hackathons/IIITM/raged-ros2/build/control/build/lib/control/__init__.py -> /mnt/Storage/Hackathons/IIITM/raged-ros2/install/control/lib/python3.10/site-packages/control
[1.565s] byte-compiling /mnt/Storage/Hackathons/IIITM/raged-ros2/install/control/lib/python3.10/site-packages/control/__init__.py to __init__.cpython-310.pyc
[1.566s] running install_data
[1.566s] creating /mnt/Storage/Hackathons/IIITM/raged-ros2/install/control/share/ament_index
[1.566s] creating /mnt/Storage/Hackathons/IIITM/raged-ros2/install/control/share/ament_index/resource_index
[1.567s] creating /mnt/Storage/Hackathons/IIITM/raged-ros2/install/control/share/ament_index/resource_index/packages
[1.567s] copying resource/control -> /mnt/Storage/Hackathons/IIITM/raged-ros2/install/control/share/ament_index/resource_index/packages
[1.567s] copying package.xml -> /mnt/Storage/Hackathons/IIITM/raged-ros2/install/control/share/control
[1.568s] running install_egg_info
[1.570s] Copying ../../build/control/control.egg-info to /mnt/Storage/Hackathons/IIITM/raged-ros2/install/control/lib/python3.10/site-packages/control-0.0.0-py3.10.egg-info
[1.574s] running install_scripts
[1.612s] writing list of installed files to '/mnt/Storage/Hackathons/IIITM/raged-ros2/build/control/install.log'
[1.653s] Invoked command in '/mnt/Storage/Hackathons/IIITM/raged-ros2/src/control' returned '0': PS1=
\[[38;2;49;50;68m\]\[[48;2;49;50;68;38;2;205;214;244m\]󰕈 joel (Ubuntu 22.04) \[[48;2;250;179;135;38;2;49;50;68m\]\[[38;2;24;24;37m\] …/raged-ros2 \[[48;2;166;227;161;38;2;250;179;135m\]\[[38;2;30;30;46m\]  main !?⇡ \[[48;2;148;226;213;38;2;166;227;161m\]\[[48;2;137;180;250;38;2;148;226;213m\]\[[45;38;2;137;180;250m\]\[[38;2;24;24;37m\]  13:42 \[[0m\]\[[35m\] \[[0m\]
\[[1;38;2;166;227;161m\]\[[0m\] PYTHONPATH=/mnt/Storage/Hackathons/IIITM/raged-ros2/build/control/prefix_override:/usr/lib/python3/dist-packages/colcon_core/task/python/colcon_distutils_commands:/mnt/Storage/Hackathons/IIITM/raged-ros2/install/control/lib/python3.10/site-packages:${PYTHONPATH} /usr/bin/python3 -W ignore:setup.py install is deprecated -W ignore:easy_install command is deprecated setup.py egg_info --egg-base ../../build/control build --build-base /mnt/Storage/Hackathons/IIITM/raged-ros2/build/control/build install --record /mnt/Storage/Hackathons/IIITM/raged-ros2/build/control/install.log --single-version-externally-managed install_data
