[1.484s] Invoking command in '/mnt/Storage/Hackathons/IIITM/raged-ros2/src/camera': PS1=
\[[38;2;49;50;68m\]\[[48;2;49;50;68;38;2;205;214;244m\]󰕈 joel (Ubuntu 22.04) \[[48;2;250;179;135;38;2;49;50;68m\]\[[38;2;24;24;37m\] …/raged-ros2 \[[48;2;166;227;161;38;2;250;179;135m\]\[[38;2;30;30;46m\]  main ! \[[48;2;148;226;213;38;2;166;227;161m\]\[[38;2;30;30;46m\]  v3.10.12 \[[48;2;137;180;250;38;2;148;226;213m\]\[[45;38;2;137;180;250m\]\[[38;2;24;24;37m\]  11:15 \[[0m\]\[[35m\] \[[0m\]
\[[1;38;2;243;139;168m\]\[[0m\] PYTHONPATH=/mnt/Storage/Hackathons/IIITM/raged-ros2/build/camera/prefix_override:/usr/lib/python3/dist-packages/colcon_core/task/python/colcon_distutils_commands:/mnt/Storage/Hackathons/IIITM/raged-ros2/install/camera/lib/python3.10/site-packages:${PYTHONPATH} /usr/bin/python3 -W ignore:setup.py install is deprecated -W ignore:easy_install command is deprecated setup.py egg_info --egg-base ../../build/camera build --build-base /mnt/Storage/Hackathons/IIITM/raged-ros2/build/camera/build install --record /mnt/Storage/Hackathons/IIITM/raged-ros2/build/camera/install.log --single-version-externally-managed install_data
[1.846s] running egg_info
[1.847s] writing ../../build/camera/camera.egg-info/PKG-INFO
[1.848s] writing dependency_links to ../../build/camera/camera.egg-info/dependency_links.txt
[1.849s] writing entry points to ../../build/camera/camera.egg-info/entry_points.txt
[1.849s] writing requirements to ../../build/camera/camera.egg-info/requires.txt
[1.849s] writing top-level names to ../../build/camera/camera.egg-info/top_level.txt
[1.854s] reading manifest file '../../build/camera/camera.egg-info/SOURCES.txt'
[1.858s] writing manifest file '../../build/camera/camera.egg-info/SOURCES.txt'
[1.858s] running build
[1.858s] running build_py
[1.860s] running install
[1.861s] running install_lib
[1.866s] running install_data
[1.866s] running install_egg_info
[1.869s] removing '/mnt/Storage/Hackathons/IIITM/raged-ros2/install/camera/lib/python3.10/site-packages/camera-0.0.0-py3.10.egg-info' (and everything under it)
[1.871s] Copying ../../build/camera/camera.egg-info to /mnt/Storage/Hackathons/IIITM/raged-ros2/install/camera/lib/python3.10/site-packages/camera-0.0.0-py3.10.egg-info
[1.876s] running install_scripts
[1.914s] Installing camera script to /mnt/Storage/Hackathons/IIITM/raged-ros2/install/camera/lib/camera
[1.916s] writing list of installed files to '/mnt/Storage/Hackathons/IIITM/raged-ros2/build/camera/install.log'
[2.000s] Invoked command in '/mnt/Storage/Hackathons/IIITM/raged-ros2/src/camera' returned '0': PS1=
\[[38;2;49;50;68m\]\[[48;2;49;50;68;38;2;205;214;244m\]󰕈 joel (Ubuntu 22.04) \[[48;2;250;179;135;38;2;49;50;68m\]\[[38;2;24;24;37m\] …/raged-ros2 \[[48;2;166;227;161;38;2;250;179;135m\]\[[38;2;30;30;46m\]  main ! \[[48;2;148;226;213;38;2;166;227;161m\]\[[38;2;30;30;46m\]  v3.10.12 \[[48;2;137;180;250;38;2;148;226;213m\]\[[45;38;2;137;180;250m\]\[[38;2;24;24;37m\]  11:15 \[[0m\]\[[35m\] \[[0m\]
\[[1;38;2;243;139;168m\]\[[0m\] PYTHONPATH=/mnt/Storage/Hackathons/IIITM/raged-ros2/build/camera/prefix_override:/usr/lib/python3/dist-packages/colcon_core/task/python/colcon_distutils_commands:/mnt/Storage/Hackathons/IIITM/raged-ros2/install/camera/lib/python3.10/site-packages:${PYTHONPATH} /usr/bin/python3 -W ignore:setup.py install is deprecated -W ignore:easy_install command is deprecated setup.py egg_info --egg-base ../../build/camera build --build-base /mnt/Storage/Hackathons/IIITM/raged-ros2/build/camera/build install --record /mnt/Storage/Hackathons/IIITM/raged-ros2/build/camera/install.log --single-version-externally-managed install_data
