[0.000000] (-) TimerEvent: {}
[0.000452] (camera) JobQueued: {'identifier': 'camera', 'dependencies': OrderedDict()}
[0.000550] (control) JobQueued: {'identifier': 'control', 'dependencies': OrderedDict()}
[0.000645] (website) JobQueued: {'identifier': 'website', 'dependencies': OrderedDict()}
[0.000732] (camera) JobStarted: {'identifier': 'camera'}
[0.012735] (control) JobStarted: {'identifier': 'control'}
[0.020558] (website) JobStarted: {'identifier': 'website'}
[0.099322] (-) TimerEvent: {}
[0.199767] (-) TimerEvent: {}
[0.300160] (-) TimerEvent: {}
[0.400643] (-) TimerEvent: {}
[0.501102] (-) TimerEvent: {}
[0.601484] (-) TimerEvent: {}
[0.701965] (-) TimerEvent: {}
[0.802566] (-) TimerEvent: {}
[0.902951] (-) TimerEvent: {}
[1.003330] (-) TimerEvent: {}
[1.103775] (-) TimerEvent: {}
[1.204212] (-) TimerEvent: {}
[1.304632] (-) TimerEvent: {}
[1.385068] (website) Command: {'cmd': ['/usr/bin/python3', '-W', 'ignore:setup.py install is deprecated', '-W', 'ignore:easy_install command is deprecated', 'setup.py', 'egg_info', '--egg-base', '../../build/website', 'build', '--build-base', '/mnt/Storage/Hackathons/IIITM/raged-ros2/build/website/build', 'install', '--record', '/mnt/Storage/Hackathons/IIITM/raged-ros2/build/website/install.log', '--single-version-externally-managed', 'install_data'], 'cwd': '/mnt/Storage/Hackathons/IIITM/raged-ros2/src/website', 'env': {'MAIL': '/var/mail/joel', 'HYPRLAND_CMD': 'Hyprland', 'USER': 'joel', 'HYPRLAND_INSTANCE_SIGNATURE': '9958d297641b5c84dcff93f9039d80a5ad37ab00_1750093448_30657225', 'STARSHIP_SHELL': 'bash', 'HOSTNAME': 'archlinux', 'XDG_SESSION_TYPE': 'wayland', 'KITTY_SHELL_INTEGRATION': 'enabled', 'XCURSOR_SIZE': '24', 'XDG_CACHE_HOME': '/home/joel/.cache', 'SHLVL': '3', 'LD_LIBRARY_PATH': '/opt/ros/humble/opt/rviz_ogre_vendor/lib:/opt/ros/humble/lib/x86_64-linux-gnu:/opt/ros/humble/lib', 'MOTD_SHOWN': 'pam', 'HOME': '/home/joel', 'TERMINFO': '/usr/lib/kitty/terminfo', 'MOZ_ENABLE_WAYLAND': '1', 'OLDPWD': '/mnt/Storage/Hackathons/IIITM/raged-ros2/src', 'DESKTOP_SESSION': 'hyprland', 'KITTY_INSTALLATION_DIR': '/usr/lib/kitty', 'ROS_PYTHON_VERSION': '3', 'PS1': '\n\\[\x1b[38;2;49;50;68m\\]\ue0b6\\[\x1b[48;2;49;50;68;38;2;205;214;244m\\]\U000f0548 joel (Ubuntu 22.04) \\[\x1b[48;2;250;179;135;38;2;49;50;68m\\]\ue0b0\\[\x1b[38;2;24;24;37m\\] …/raged-ros2 \\[\x1b[48;2;166;227;161;38;2;250;179;135m\\]\ue0b0\\[\x1b[38;2;30;30;46m\\] \uf418 main ✘! \\[\x1b[48;2;148;226;213;38;2;166;227;161m\\]\ue0b0\\[\x1b[38;2;30;30;46m\\] \ue606 v3.10.12 \\[\x1b[48;2;137;180;250;38;2;148;226;213m\\]\ue0b0\\[\x1b[45;38;2;137;180;250m\\]\ue0b0\\[\x1b[38;2;24;24;37m\\] \uf43a 11:14 \\[\x1b[0m\\]\\[\x1b[35m\\]\ue0b4 \\[\x1b[0m\\]\n\\[\x1b[1;38;2;166;227;161m\\]\uf432\\[\x1b[0m\\]', 'KITTY_PID': '286850', 'CONTAINER_LABEL': '(Ubuntu 22.04)', 'DISTROBOX_ENTER_PATH': '/usr/bin/distrobox-enter', 'XDG_STATE_HOME': '/home/joel/.local/state', 'DBUS_SESSION_BUS_ADDRESS': 'unix:path=/run/user/1000/bus', 'COLORTERM': 'truecolor', 'container': 'docker', 'WAYLAND_DISPLAY': 'wayland-1', 'ROS_DISTRO': 'humble', 'LOGNAME': 'joel', '_': '/usr/bin/colcon', 'ROS_VERSION': '2', 'XDG_SESSION_CLASS': 'user', 'TERMINFO_DIRS': '/usr/share/terminfo:/run/host/usr/share/terminfo', 'USERNAME': 'joel', 'TERM': 'xterm-256color', 'XDG_SESSION_ID': 'c2', 'ROS_LOCALHOST_ONLY': '0', 'HISTCONTROL': 'ignoreboth', 'HL_INITIAL_WORKSPACE_TOKEN': 'ad997488-f1af-4f49-947b-2821f62763c8', 'PATH': '/opt/ros/humble/bin:/home/joel/.local/bin:/home/joel/.local/personal_scripts:/home/joel/.local/share/gem/ruby/3.4.0/bin:/mnt/Storage/rom/extract/VBiosFinder-master/rom-parser:/usr/local/sbin:/usr/local/bin:/usr/sbin:/usr/bin:/sbin:/bin:/usr/games:/usr/local/games:/snap/bin', 'GDM_LANG': 'en_US.UTF-8', 'XDG_RUNTIME_DIR': '/run/user/1000', 'DISPLAY': ':0', 'HYPRCURSOR_SIZE': '24', 'LANG': 'en_US.UTF-8', 'XDG_CURRENT_DESKTOP': 'Hyprland', 'XDG_DATA_HOME': '/home/joel/.local/share', 'XDG_CONFIG_HOME': '/home/joel/.config', 'XDG_SESSION_DESKTOP': 'hyprland', 'AMENT_PREFIX_PATH': '/opt/ros/humble', 'SHELL': '/usr/bin/bash', 'GDMSESSION': 'hyprland', 'KITTY_WINDOW_ID': '1', 'PWD': '/mnt/Storage/Hackathons/IIITM/raged-ros2/build/website', 'CONTAINER_ID': 'Ubuntu_22.04', 'LC_ALL': 'en_US.UTF-8', 'XDG_CONFIG_DIRS': '/etc/xdg', 'XDG_BACKEND': 'wayland', 'XDG_DATA_DIRS': '/home/joel/.local/share/flatpak/exports/share:/var/lib/flatpak/exports/share:/usr/local/share/:/usr/share/:/usr/local/share:/usr/share', 'STARSHIP_SESSION_KEY': '1842142781503886', 'PYTHONPATH': '/mnt/Storage/Hackathons/IIITM/raged-ros2/build/website/prefix_override:/usr/lib/python3/dist-packages/colcon_core/task/python/colcon_distutils_commands:/mnt/Storage/Hackathons/IIITM/raged-ros2/install/website/lib/python3.10/site-packages:/opt/ros/humble/lib/python3.10/site-packages:/opt/ros/humble/local/lib/python3.10/dist-packages:/home/joel/.local/py_pkgs/Python_3.13.3', 'COLCON': '1'}, 'shell': False}
[1.404725] (-) TimerEvent: {}
[1.452634] (control) Command: {'cmd': ['/usr/bin/python3', '-W', 'ignore:setup.py install is deprecated', '-W', 'ignore:easy_install command is deprecated', 'setup.py', 'egg_info', '--egg-base', '../../build/control', 'build', '--build-base', '/mnt/Storage/Hackathons/IIITM/raged-ros2/build/control/build', 'install', '--record', '/mnt/Storage/Hackathons/IIITM/raged-ros2/build/control/install.log', '--single-version-externally-managed', 'install_data'], 'cwd': '/mnt/Storage/Hackathons/IIITM/raged-ros2/src/control', 'env': {'MAIL': '/var/mail/joel', 'HYPRLAND_CMD': 'Hyprland', 'USER': 'joel', 'HYPRLAND_INSTANCE_SIGNATURE': '9958d297641b5c84dcff93f9039d80a5ad37ab00_1750093448_30657225', 'STARSHIP_SHELL': 'bash', 'HOSTNAME': 'archlinux', 'XDG_SESSION_TYPE': 'wayland', 'KITTY_SHELL_INTEGRATION': 'enabled', 'XCURSOR_SIZE': '24', 'XDG_CACHE_HOME': '/home/joel/.cache', 'SHLVL': '3', 'LD_LIBRARY_PATH': '/opt/ros/humble/opt/rviz_ogre_vendor/lib:/opt/ros/humble/lib/x86_64-linux-gnu:/opt/ros/humble/lib', 'MOTD_SHOWN': 'pam', 'HOME': '/home/joel', 'TERMINFO': '/usr/lib/kitty/terminfo', 'MOZ_ENABLE_WAYLAND': '1', 'OLDPWD': '/mnt/Storage/Hackathons/IIITM/raged-ros2/src', 'DESKTOP_SESSION': 'hyprland', 'KITTY_INSTALLATION_DIR': '/usr/lib/kitty', 'ROS_PYTHON_VERSION': '3', 'PS1': '\n\\[\x1b[38;2;49;50;68m\\]\ue0b6\\[\x1b[48;2;49;50;68;38;2;205;214;244m\\]\U000f0548 joel (Ubuntu 22.04) \\[\x1b[48;2;250;179;135;38;2;49;50;68m\\]\ue0b0\\[\x1b[38;2;24;24;37m\\] …/raged-ros2 \\[\x1b[48;2;166;227;161;38;2;250;179;135m\\]\ue0b0\\[\x1b[38;2;30;30;46m\\] \uf418 main ✘! \\[\x1b[48;2;148;226;213;38;2;166;227;161m\\]\ue0b0\\[\x1b[38;2;30;30;46m\\] \ue606 v3.10.12 \\[\x1b[48;2;137;180;250;38;2;148;226;213m\\]\ue0b0\\[\x1b[45;38;2;137;180;250m\\]\ue0b0\\[\x1b[38;2;24;24;37m\\] \uf43a 11:14 \\[\x1b[0m\\]\\[\x1b[35m\\]\ue0b4 \\[\x1b[0m\\]\n\\[\x1b[1;38;2;166;227;161m\\]\uf432\\[\x1b[0m\\]', 'KITTY_PID': '286850', 'CONTAINER_LABEL': '(Ubuntu 22.04)', 'DISTROBOX_ENTER_PATH': '/usr/bin/distrobox-enter', 'XDG_STATE_HOME': '/home/joel/.local/state', 'DBUS_SESSION_BUS_ADDRESS': 'unix:path=/run/user/1000/bus', 'COLORTERM': 'truecolor', 'container': 'docker', 'WAYLAND_DISPLAY': 'wayland-1', 'ROS_DISTRO': 'humble', 'LOGNAME': 'joel', '_': '/usr/bin/colcon', 'ROS_VERSION': '2', 'XDG_SESSION_CLASS': 'user', 'TERMINFO_DIRS': '/usr/share/terminfo:/run/host/usr/share/terminfo', 'USERNAME': 'joel', 'TERM': 'xterm-256color', 'XDG_SESSION_ID': 'c2', 'ROS_LOCALHOST_ONLY': '0', 'HISTCONTROL': 'ignoreboth', 'HL_INITIAL_WORKSPACE_TOKEN': 'ad997488-f1af-4f49-947b-2821f62763c8', 'PATH': '/opt/ros/humble/bin:/home/joel/.local/bin:/home/joel/.local/personal_scripts:/home/joel/.local/share/gem/ruby/3.4.0/bin:/mnt/Storage/rom/extract/VBiosFinder-master/rom-parser:/usr/local/sbin:/usr/local/bin:/usr/sbin:/usr/bin:/sbin:/bin:/usr/games:/usr/local/games:/snap/bin', 'GDM_LANG': 'en_US.UTF-8', 'XDG_RUNTIME_DIR': '/run/user/1000', 'DISPLAY': ':0', 'HYPRCURSOR_SIZE': '24', 'LANG': 'en_US.UTF-8', 'XDG_CURRENT_DESKTOP': 'Hyprland', 'XDG_DATA_HOME': '/home/joel/.local/share', 'XDG_CONFIG_HOME': '/home/joel/.config', 'XDG_SESSION_DESKTOP': 'hyprland', 'AMENT_PREFIX_PATH': '/opt/ros/humble', 'SHELL': '/usr/bin/bash', 'GDMSESSION': 'hyprland', 'KITTY_WINDOW_ID': '1', 'PWD': '/mnt/Storage/Hackathons/IIITM/raged-ros2/build/control', 'CONTAINER_ID': 'Ubuntu_22.04', 'LC_ALL': 'en_US.UTF-8', 'XDG_CONFIG_DIRS': '/etc/xdg', 'XDG_BACKEND': 'wayland', 'XDG_DATA_DIRS': '/home/joel/.local/share/flatpak/exports/share:/var/lib/flatpak/exports/share:/usr/local/share/:/usr/share/:/usr/local/share:/usr/share', 'STARSHIP_SESSION_KEY': '1842142781503886', 'PYTHONPATH': '/mnt/Storage/Hackathons/IIITM/raged-ros2/build/control/prefix_override:/usr/lib/python3/dist-packages/colcon_core/task/python/colcon_distutils_commands:/mnt/Storage/Hackathons/IIITM/raged-ros2/install/control/lib/python3.10/site-packages:/opt/ros/humble/lib/python3.10/site-packages:/opt/ros/humble/local/lib/python3.10/dist-packages:/home/joel/.local/py_pkgs/Python_3.13.3', 'COLCON': '1'}, 'shell': False}
[1.469848] (camera) Command: {'cmd': ['/usr/bin/python3', '-W', 'ignore:setup.py install is deprecated', '-W', 'ignore:easy_install command is deprecated', 'setup.py', 'egg_info', '--egg-base', '../../build/camera', 'build', '--build-base', '/mnt/Storage/Hackathons/IIITM/raged-ros2/build/camera/build', 'install', '--record', '/mnt/Storage/Hackathons/IIITM/raged-ros2/build/camera/install.log', '--single-version-externally-managed', 'install_data'], 'cwd': '/mnt/Storage/Hackathons/IIITM/raged-ros2/src/camera', 'env': {'MAIL': '/var/mail/joel', 'HYPRLAND_CMD': 'Hyprland', 'USER': 'joel', 'HYPRLAND_INSTANCE_SIGNATURE': '9958d297641b5c84dcff93f9039d80a5ad37ab00_1750093448_30657225', 'STARSHIP_SHELL': 'bash', 'HOSTNAME': 'archlinux', 'XDG_SESSION_TYPE': 'wayland', 'KITTY_SHELL_INTEGRATION': 'enabled', 'XCURSOR_SIZE': '24', 'XDG_CACHE_HOME': '/home/joel/.cache', 'SHLVL': '3', 'LD_LIBRARY_PATH': '/opt/ros/humble/opt/rviz_ogre_vendor/lib:/opt/ros/humble/lib/x86_64-linux-gnu:/opt/ros/humble/lib', 'MOTD_SHOWN': 'pam', 'HOME': '/home/joel', 'TERMINFO': '/usr/lib/kitty/terminfo', 'MOZ_ENABLE_WAYLAND': '1', 'OLDPWD': '/mnt/Storage/Hackathons/IIITM/raged-ros2/src', 'DESKTOP_SESSION': 'hyprland', 'KITTY_INSTALLATION_DIR': '/usr/lib/kitty', 'ROS_PYTHON_VERSION': '3', 'PS1': '\n\\[\x1b[38;2;49;50;68m\\]\ue0b6\\[\x1b[48;2;49;50;68;38;2;205;214;244m\\]\U000f0548 joel (Ubuntu 22.04) \\[\x1b[48;2;250;179;135;38;2;49;50;68m\\]\ue0b0\\[\x1b[38;2;24;24;37m\\] …/raged-ros2 \\[\x1b[48;2;166;227;161;38;2;250;179;135m\\]\ue0b0\\[\x1b[38;2;30;30;46m\\] \uf418 main ✘! \\[\x1b[48;2;148;226;213;38;2;166;227;161m\\]\ue0b0\\[\x1b[38;2;30;30;46m\\] \ue606 v3.10.12 \\[\x1b[48;2;137;180;250;38;2;148;226;213m\\]\ue0b0\\[\x1b[45;38;2;137;180;250m\\]\ue0b0\\[\x1b[38;2;24;24;37m\\] \uf43a 11:14 \\[\x1b[0m\\]\\[\x1b[35m\\]\ue0b4 \\[\x1b[0m\\]\n\\[\x1b[1;38;2;166;227;161m\\]\uf432\\[\x1b[0m\\]', 'KITTY_PID': '286850', 'CONTAINER_LABEL': '(Ubuntu 22.04)', 'DISTROBOX_ENTER_PATH': '/usr/bin/distrobox-enter', 'XDG_STATE_HOME': '/home/joel/.local/state', 'DBUS_SESSION_BUS_ADDRESS': 'unix:path=/run/user/1000/bus', 'COLORTERM': 'truecolor', 'container': 'docker', 'WAYLAND_DISPLAY': 'wayland-1', 'ROS_DISTRO': 'humble', 'LOGNAME': 'joel', '_': '/usr/bin/colcon', 'ROS_VERSION': '2', 'XDG_SESSION_CLASS': 'user', 'TERMINFO_DIRS': '/usr/share/terminfo:/run/host/usr/share/terminfo', 'USERNAME': 'joel', 'TERM': 'xterm-256color', 'XDG_SESSION_ID': 'c2', 'ROS_LOCALHOST_ONLY': '0', 'HISTCONTROL': 'ignoreboth', 'HL_INITIAL_WORKSPACE_TOKEN': 'ad997488-f1af-4f49-947b-2821f62763c8', 'PATH': '/opt/ros/humble/bin:/home/joel/.local/bin:/home/joel/.local/personal_scripts:/home/joel/.local/share/gem/ruby/3.4.0/bin:/mnt/Storage/rom/extract/VBiosFinder-master/rom-parser:/usr/local/sbin:/usr/local/bin:/usr/sbin:/usr/bin:/sbin:/bin:/usr/games:/usr/local/games:/snap/bin', 'GDM_LANG': 'en_US.UTF-8', 'XDG_RUNTIME_DIR': '/run/user/1000', 'DISPLAY': ':0', 'HYPRCURSOR_SIZE': '24', 'LANG': 'en_US.UTF-8', 'XDG_CURRENT_DESKTOP': 'Hyprland', 'XDG_DATA_HOME': '/home/joel/.local/share', 'XDG_CONFIG_HOME': '/home/joel/.config', 'XDG_SESSION_DESKTOP': 'hyprland', 'AMENT_PREFIX_PATH': '/opt/ros/humble', 'SHELL': '/usr/bin/bash', 'GDMSESSION': 'hyprland', 'KITTY_WINDOW_ID': '1', 'PWD': '/mnt/Storage/Hackathons/IIITM/raged-ros2/build/camera', 'CONTAINER_ID': 'Ubuntu_22.04', 'LC_ALL': 'en_US.UTF-8', 'XDG_CONFIG_DIRS': '/etc/xdg', 'XDG_BACKEND': 'wayland', 'XDG_DATA_DIRS': '/home/joel/.local/share/flatpak/exports/share:/var/lib/flatpak/exports/share:/usr/local/share/:/usr/share/:/usr/local/share:/usr/share', 'STARSHIP_SESSION_KEY': '1842142781503886', 'PYTHONPATH': '/mnt/Storage/Hackathons/IIITM/raged-ros2/build/camera/prefix_override:/usr/lib/python3/dist-packages/colcon_core/task/python/colcon_distutils_commands:/mnt/Storage/Hackathons/IIITM/raged-ros2/install/camera/lib/python3.10/site-packages:/opt/ros/humble/lib/python3.10/site-packages:/opt/ros/humble/local/lib/python3.10/dist-packages:/home/joel/.local/py_pkgs/Python_3.13.3', 'COLCON': '1'}, 'shell': False}
[1.504801] (-) TimerEvent: {}
[1.605169] (-) TimerEvent: {}
[1.705580] (-) TimerEvent: {}
[1.729262] (website) StdoutLine: {'line': b'running egg_info\n'}
[1.730276] (website) StdoutLine: {'line': b'creating ../../build/website/website.egg-info\n'}
[1.730708] (website) StdoutLine: {'line': b'writing ../../build/website/website.egg-info/PKG-INFO\n'}
[1.731383] (website) StdoutLine: {'line': b'writing dependency_links to ../../build/website/website.egg-info/dependency_links.txt\n'}
[1.731920] (website) StdoutLine: {'line': b'writing entry points to ../../build/website/website.egg-info/entry_points.txt\n'}
[1.732517] (website) StdoutLine: {'line': b'writing requirements to ../../build/website/website.egg-info/requires.txt\n'}
[1.732955] (website) StdoutLine: {'line': b'writing top-level names to ../../build/website/website.egg-info/top_level.txt\n'}
[1.733451] (website) StdoutLine: {'line': b"writing manifest file '../../build/website/website.egg-info/SOURCES.txt'\n"}
[1.737410] (website) StdoutLine: {'line': b"reading manifest file '../../build/website/website.egg-info/SOURCES.txt'\n"}
[1.739583] (website) StdoutLine: {'line': b"writing manifest file '../../build/website/website.egg-info/SOURCES.txt'\n"}
[1.740054] (website) StdoutLine: {'line': b'running build\n'}
[1.740428] (website) StdoutLine: {'line': b'running build_py\n'}
[1.740759] (website) StdoutLine: {'line': b'creating /mnt/Storage/Hackathons/IIITM/raged-ros2/build/website/build\n'}
[1.741079] (website) StdoutLine: {'line': b'creating /mnt/Storage/Hackathons/IIITM/raged-ros2/build/website/build/lib\n'}
[1.741411] (website) StdoutLine: {'line': b'creating /mnt/Storage/Hackathons/IIITM/raged-ros2/build/website/build/lib/website\n'}
[1.741728] (website) StdoutLine: {'line': b'copying website/check_user.py -> /mnt/Storage/Hackathons/IIITM/raged-ros2/build/website/build/lib/website\n'}
[1.742041] (website) StdoutLine: {'line': b'copying website/waste_data.py -> /mnt/Storage/Hackathons/IIITM/raged-ros2/build/website/build/lib/website\n'}
[1.742517] (website) StdoutLine: {'line': b'copying website/__init__.py -> /mnt/Storage/Hackathons/IIITM/raged-ros2/build/website/build/lib/website\n'}
[1.742890] (website) StdoutLine: {'line': b'running install\n'}
[1.743227] (website) StdoutLine: {'line': b'running install_lib\n'}
[1.744566] (website) StdoutLine: {'line': b'creating /mnt/Storage/Hackathons/IIITM/raged-ros2/install/website/lib/python3.10/site-packages/website\n'}
[1.744971] (website) StdoutLine: {'line': b'copying /mnt/Storage/Hackathons/IIITM/raged-ros2/build/website/build/lib/website/check_user.py -> /mnt/Storage/Hackathons/IIITM/raged-ros2/install/website/lib/python3.10/site-packages/website\n'}
[1.745311] (website) StdoutLine: {'line': b'copying /mnt/Storage/Hackathons/IIITM/raged-ros2/build/website/build/lib/website/waste_data.py -> /mnt/Storage/Hackathons/IIITM/raged-ros2/install/website/lib/python3.10/site-packages/website\n'}
[1.745816] (website) StdoutLine: {'line': b'copying /mnt/Storage/Hackathons/IIITM/raged-ros2/build/website/build/lib/website/__init__.py -> /mnt/Storage/Hackathons/IIITM/raged-ros2/install/website/lib/python3.10/site-packages/website\n'}
[1.747158] (website) StdoutLine: {'line': b'byte-compiling /mnt/Storage/Hackathons/IIITM/raged-ros2/install/website/lib/python3.10/site-packages/website/check_user.py to check_user.cpython-310.pyc\n'}
[1.748033] (website) StdoutLine: {'line': b'byte-compiling /mnt/Storage/Hackathons/IIITM/raged-ros2/install/website/lib/python3.10/site-packages/website/waste_data.py to waste_data.cpython-310.pyc\n'}
[1.748692] (website) StdoutLine: {'line': b'byte-compiling /mnt/Storage/Hackathons/IIITM/raged-ros2/install/website/lib/python3.10/site-packages/website/__init__.py to __init__.cpython-310.pyc\n'}
[1.749330] (website) StdoutLine: {'line': b'running install_data\n'}
[1.749709] (website) StdoutLine: {'line': b'creating /mnt/Storage/Hackathons/IIITM/raged-ros2/install/website/share/ament_index\n'}
[1.750037] (website) StdoutLine: {'line': b'creating /mnt/Storage/Hackathons/IIITM/raged-ros2/install/website/share/ament_index/resource_index\n'}
[1.750321] (website) StdoutLine: {'line': b'creating /mnt/Storage/Hackathons/IIITM/raged-ros2/install/website/share/ament_index/resource_index/packages\n'}
[1.750646] (website) StdoutLine: {'line': b'copying resource/website -> /mnt/Storage/Hackathons/IIITM/raged-ros2/install/website/share/ament_index/resource_index/packages\n'}
[1.750934] (website) StdoutLine: {'line': b'copying package.xml -> /mnt/Storage/Hackathons/IIITM/raged-ros2/install/website/share/website\n'}
[1.751228] (website) StdoutLine: {'line': b'running install_egg_info\n'}
[1.754535] (website) StdoutLine: {'line': b'Copying ../../build/website/website.egg-info to /mnt/Storage/Hackathons/IIITM/raged-ros2/install/website/lib/python3.10/site-packages/website-0.0.0-py3.10.egg-info\n'}
[1.759380] (website) StdoutLine: {'line': b'running install_scripts\n'}
[1.797820] (website) StdoutLine: {'line': b"writing list of installed files to '/mnt/Storage/Hackathons/IIITM/raged-ros2/build/website/install.log'\n"}
[1.802269] (control) StdoutLine: {'line': b'running egg_info\n'}
[1.803234] (control) StdoutLine: {'line': b'creating ../../build/control/control.egg-info\n'}
[1.803604] (control) StdoutLine: {'line': b'writing ../../build/control/control.egg-info/PKG-INFO\n'}
[1.804294] (control) StdoutLine: {'line': b'writing dependency_links to ../../build/control/control.egg-info/dependency_links.txt\n'}
[1.804684] (control) StdoutLine: {'line': b'writing entry points to ../../build/control/control.egg-info/entry_points.txt\n'}
[1.805128] (control) StdoutLine: {'line': b'writing requirements to ../../build/control/control.egg-info/requires.txt\n'}
[1.805529] (control) StdoutLine: {'line': b'writing top-level names to ../../build/control/control.egg-info/top_level.txt\n'}
[1.805943] (-) TimerEvent: {}
[1.806158] (control) StdoutLine: {'line': b"writing manifest file '../../build/control/control.egg-info/SOURCES.txt'\n"}
[1.809633] (control) StdoutLine: {'line': b"reading manifest file '../../build/control/control.egg-info/SOURCES.txt'\n"}
[1.812623] (control) StdoutLine: {'line': b"writing manifest file '../../build/control/control.egg-info/SOURCES.txt'\n"}
[1.813141] (control) StdoutLine: {'line': b'running build\n'}
[1.813504] (control) StdoutLine: {'line': b'running build_py\n'}
[1.813920] (control) StdoutLine: {'line': b'creating /mnt/Storage/Hackathons/IIITM/raged-ros2/build/control/build\n'}
[1.814278] (control) StdoutLine: {'line': b'creating /mnt/Storage/Hackathons/IIITM/raged-ros2/build/control/build/lib\n'}
[1.814653] (control) StdoutLine: {'line': b'creating /mnt/Storage/Hackathons/IIITM/raged-ros2/build/control/build/lib/control\n'}
[1.814993] (control) StdoutLine: {'line': b'copying control/auto.py -> /mnt/Storage/Hackathons/IIITM/raged-ros2/build/control/build/lib/control\n'}
[1.815339] (control) StdoutLine: {'line': b'copying control/communication.py -> /mnt/Storage/Hackathons/IIITM/raged-ros2/build/control/build/lib/control\n'}
[1.815687] (control) StdoutLine: {'line': b'copying control/manual.py -> /mnt/Storage/Hackathons/IIITM/raged-ros2/build/control/build/lib/control\n'}
[1.816140] (control) StdoutLine: {'line': b'copying control/__init__.py -> /mnt/Storage/Hackathons/IIITM/raged-ros2/build/control/build/lib/control\n'}
[1.816778] (control) StdoutLine: {'line': b'running install\n'}
[1.817480] (control) StdoutLine: {'line': b'running install_lib\n'}
[1.819356] (control) StdoutLine: {'line': b'creating /mnt/Storage/Hackathons/IIITM/raged-ros2/install/control/lib/python3.10/site-packages/control\n'}
[1.819811] (control) StdoutLine: {'line': b'copying /mnt/Storage/Hackathons/IIITM/raged-ros2/build/control/build/lib/control/auto.py -> /mnt/Storage/Hackathons/IIITM/raged-ros2/install/control/lib/python3.10/site-packages/control\n'}
[1.820215] (control) StdoutLine: {'line': b'copying /mnt/Storage/Hackathons/IIITM/raged-ros2/build/control/build/lib/control/communication.py -> /mnt/Storage/Hackathons/IIITM/raged-ros2/install/control/lib/python3.10/site-packages/control\n'}
[1.820689] (control) StdoutLine: {'line': b'copying /mnt/Storage/Hackathons/IIITM/raged-ros2/build/control/build/lib/control/manual.py -> /mnt/Storage/Hackathons/IIITM/raged-ros2/install/control/lib/python3.10/site-packages/control\n'}
[1.821246] (control) StdoutLine: {'line': b'copying /mnt/Storage/Hackathons/IIITM/raged-ros2/build/control/build/lib/control/__init__.py -> /mnt/Storage/Hackathons/IIITM/raged-ros2/install/control/lib/python3.10/site-packages/control\n'}
[1.822685] (control) StdoutLine: {'line': b'byte-compiling /mnt/Storage/Hackathons/IIITM/raged-ros2/install/control/lib/python3.10/site-packages/control/auto.py to auto.cpython-310.pyc\n'}
[1.823577] (control) StdoutLine: {'line': b'byte-compiling /mnt/Storage/Hackathons/IIITM/raged-ros2/install/control/lib/python3.10/site-packages/control/communication.py to communication.cpython-310.pyc\n'}
[1.824383] (control) StdoutLine: {'line': b'byte-compiling /mnt/Storage/Hackathons/IIITM/raged-ros2/install/control/lib/python3.10/site-packages/control/manual.py to manual.cpython-310.pyc\n'}
[1.825170] (control) StdoutLine: {'line': b'byte-compiling /mnt/Storage/Hackathons/IIITM/raged-ros2/install/control/lib/python3.10/site-packages/control/__init__.py to __init__.cpython-310.pyc\n'}
[1.825999] (control) StdoutLine: {'line': b'running install_data\n'}
[1.826505] (control) StdoutLine: {'line': b'creating /mnt/Storage/Hackathons/IIITM/raged-ros2/install/control/share/ament_index\n'}
[1.826939] (control) StdoutLine: {'line': b'creating /mnt/Storage/Hackathons/IIITM/raged-ros2/install/control/share/ament_index/resource_index\n'}
[1.827375] (control) StdoutLine: {'line': b'creating /mnt/Storage/Hackathons/IIITM/raged-ros2/install/control/share/ament_index/resource_index/packages\n'}
[1.828077] (control) StdoutLine: {'line': b'copying resource/control -> /mnt/Storage/Hackathons/IIITM/raged-ros2/install/control/share/ament_index/resource_index/packages\n'}
[1.828589] (control) StdoutLine: {'line': b'copying package.xml -> /mnt/Storage/Hackathons/IIITM/raged-ros2/install/control/share/control\n'}
[1.829057] (control) StdoutLine: {'line': b'running install_egg_info\n'}
[1.832779] (control) StdoutLine: {'line': b'Copying ../../build/control/control.egg-info to /mnt/Storage/Hackathons/IIITM/raged-ros2/install/control/lib/python3.10/site-packages/control-0.0.0-py3.10.egg-info\n'}
[1.835267] (camera) StdoutLine: {'line': b'running egg_info\n'}
[1.836483] (camera) StdoutLine: {'line': b'creating ../../build/camera/camera.egg-info\n'}
[1.837005] (camera) StdoutLine: {'line': b'writing ../../build/camera/camera.egg-info/PKG-INFO\n'}
[1.837933] (camera) StdoutLine: {'line': b'writing dependency_links to ../../build/camera/camera.egg-info/dependency_links.txt\n'}
[1.838364] (camera) StdoutLine: {'line': b'writing entry points to ../../build/camera/camera.egg-info/entry_points.txt\n'}
[1.838831] (camera) StdoutLine: {'line': b'writing requirements to ../../build/camera/camera.egg-info/requires.txt\n'}
[1.839274] (control) StdoutLine: {'line': b'running install_scripts\n'}
[1.839812] (camera) StdoutLine: {'line': b'writing top-level names to ../../build/camera/camera.egg-info/top_level.txt\n'}
[1.840756] (camera) StdoutLine: {'line': b"writing manifest file '../../build/camera/camera.egg-info/SOURCES.txt'\n"}
[1.841181] (website) CommandEnded: {'returncode': 0}
[1.844113] (camera) StdoutLine: {'line': b"reading manifest file '../../build/camera/camera.egg-info/SOURCES.txt'\n"}
[1.846935] (camera) StdoutLine: {'line': b"writing manifest file '../../build/camera/camera.egg-info/SOURCES.txt'\n"}
[1.847421] (camera) StdoutLine: {'line': b'running build\n'}
[1.847821] (camera) StdoutLine: {'line': b'running build_py\n'}
[1.848184] (camera) StdoutLine: {'line': b'creating /mnt/Storage/Hackathons/IIITM/raged-ros2/build/camera/build\n'}
[1.848498] (camera) StdoutLine: {'line': b'creating /mnt/Storage/Hackathons/IIITM/raged-ros2/build/camera/build/lib\n'}
[1.848872] (camera) StdoutLine: {'line': b'creating /mnt/Storage/Hackathons/IIITM/raged-ros2/build/camera/build/lib/camera\n'}
[1.849309] (camera) StdoutLine: {'line': b'copying camera/camera.py -> /mnt/Storage/Hackathons/IIITM/raged-ros2/build/camera/build/lib/camera\n'}
[1.849703] (camera) StdoutLine: {'line': b'copying camera/ml.py -> /mnt/Storage/Hackathons/IIITM/raged-ros2/build/camera/build/lib/camera\n'}
[1.850026] (camera) StdoutLine: {'line': b'copying camera/position.py -> /mnt/Storage/Hackathons/IIITM/raged-ros2/build/camera/build/lib/camera\n'}
[1.850336] (camera) StdoutLine: {'line': b'copying camera/__init__.py -> /mnt/Storage/Hackathons/IIITM/raged-ros2/build/camera/build/lib/camera\n'}
[1.850638] (camera) StdoutLine: {'line': b'running install\n'}
[1.851151] (camera) StdoutLine: {'line': b'running install_lib\n'}
[1.852843] (camera) StdoutLine: {'line': b'creating /mnt/Storage/Hackathons/IIITM/raged-ros2/install/camera/lib/python3.10/site-packages/camera\n'}
[1.853627] (camera) StdoutLine: {'line': b'copying /mnt/Storage/Hackathons/IIITM/raged-ros2/build/camera/build/lib/camera/camera.py -> /mnt/Storage/Hackathons/IIITM/raged-ros2/install/camera/lib/python3.10/site-packages/camera\n'}
[1.854924] (camera) StdoutLine: {'line': b'copying /mnt/Storage/Hackathons/IIITM/raged-ros2/build/camera/build/lib/camera/ml.py -> /mnt/Storage/Hackathons/IIITM/raged-ros2/install/camera/lib/python3.10/site-packages/camera\n'}
[1.855408] (camera) StdoutLine: {'line': b'copying /mnt/Storage/Hackathons/IIITM/raged-ros2/build/camera/build/lib/camera/position.py -> /mnt/Storage/Hackathons/IIITM/raged-ros2/install/camera/lib/python3.10/site-packages/camera\n'}
[1.856178] (camera) StdoutLine: {'line': b'copying /mnt/Storage/Hackathons/IIITM/raged-ros2/build/camera/build/lib/camera/__init__.py -> /mnt/Storage/Hackathons/IIITM/raged-ros2/install/camera/lib/python3.10/site-packages/camera\n'}
[1.856524] (camera) StdoutLine: {'line': b'byte-compiling /mnt/Storage/Hackathons/IIITM/raged-ros2/install/camera/lib/python3.10/site-packages/camera/camera.py to camera.cpython-310.pyc\n'}
[1.857722] (camera) StdoutLine: {'line': b'byte-compiling /mnt/Storage/Hackathons/IIITM/raged-ros2/install/camera/lib/python3.10/site-packages/camera/ml.py to ml.cpython-310.pyc\n'}
[1.859425] (camera) StdoutLine: {'line': b'byte-compiling /mnt/Storage/Hackathons/IIITM/raged-ros2/install/camera/lib/python3.10/site-packages/camera/position.py to position.cpython-310.pyc\n'}
[1.861297] (camera) StdoutLine: {'line': b'byte-compiling /mnt/Storage/Hackathons/IIITM/raged-ros2/install/camera/lib/python3.10/site-packages/camera/__init__.py to __init__.cpython-310.pyc\n'}
[1.861890] (camera) StdoutLine: {'line': b'running install_data\n'}
[1.863025] (camera) StdoutLine: {'line': b'creating /mnt/Storage/Hackathons/IIITM/raged-ros2/install/camera/share/ament_index\n'}
[1.863462] (camera) StdoutLine: {'line': b'creating /mnt/Storage/Hackathons/IIITM/raged-ros2/install/camera/share/ament_index/resource_index\n'}
[1.864988] (camera) StdoutLine: {'line': b'creating /mnt/Storage/Hackathons/IIITM/raged-ros2/install/camera/share/ament_index/resource_index/packages\n'}
[1.865442] (camera) StdoutLine: {'line': b'copying resource/camera -> /mnt/Storage/Hackathons/IIITM/raged-ros2/install/camera/share/ament_index/resource_index/packages\n'}
[1.867081] (camera) StdoutLine: {'line': b'copying package.xml -> /mnt/Storage/Hackathons/IIITM/raged-ros2/install/camera/share/camera\n'}
[1.867517] (camera) StdoutLine: {'line': b'running install_egg_info\n'}
[1.868526] (camera) StdoutLine: {'line': b'Copying ../../build/camera/camera.egg-info to /mnt/Storage/Hackathons/IIITM/raged-ros2/install/camera/lib/python3.10/site-packages/camera-0.0.0-py3.10.egg-info\n'}
[1.869590] (website) JobEnded: {'identifier': 'website', 'rc': 0}
[1.870860] (camera) StdoutLine: {'line': b'running install_scripts\n'}
[1.876968] (control) StdoutLine: {'line': b"writing list of installed files to '/mnt/Storage/Hackathons/IIITM/raged-ros2/build/control/install.log'\n"}
[1.903906] (camera) StdoutLine: {'line': b'Installing camera script to /mnt/Storage/Hackathons/IIITM/raged-ros2/install/camera/lib/camera\n'}
[1.904874] (camera) StdoutLine: {'line': b"writing list of installed files to '/mnt/Storage/Hackathons/IIITM/raged-ros2/build/camera/install.log'\n"}
[1.906032] (-) TimerEvent: {}
[1.909874] (control) CommandEnded: {'returncode': 0}
[1.928364] (control) JobEnded: {'identifier': 'control', 'rc': 0}
[1.946720] (camera) CommandEnded: {'returncode': 0}
[1.963265] (camera) JobEnded: {'identifier': 'camera', 'rc': 0}
[1.964749] (-) EventReactorShutdown: {}
