[1.347s] Invoking command in '/mnt/Storage/Hackathons/IIITM/raged-ros2/src/camera': PS1=
\[[38;2;49;50;68m\]\[[48;2;49;50;68;38;2;205;214;244m\]󰕈 joel (Ubuntu 22.04) \[[48;2;250;179;135;38;2;49;50;68m\]\[[38;2;24;24;37m\] …/raged-ros2 \[[48;2;166;227;161;38;2;250;179;135m\]\[[38;2;30;30;46m\]  main !?⇡ \[[48;2;148;226;213;38;2;166;227;161m\]\[[48;2;137;180;250;38;2;148;226;213m\]\[[45;38;2;137;180;250m\]\[[38;2;24;24;37m\]  14:17 \[[0m\]\[[35m\] \[[0m\]
\[[1;38;2;166;227;161m\]\[[0m\] PYTHONPATH=/mnt/Storage/Hackathons/IIITM/raged-ros2/build/camera/prefix_override:/usr/lib/python3/dist-packages/colcon_core/task/python/colcon_distutils_commands:/mnt/Storage/Hackathons/IIITM/raged-ros2/install/camera/lib/python3.10/site-packages:${PYTHONPATH} /usr/bin/python3 -W ignore:setup.py install is deprecated -W ignore:easy_install command is deprecated setup.py egg_info --egg-base ../../build/camera build --build-base /mnt/Storage/Hackathons/IIITM/raged-ros2/build/camera/build install --record /mnt/Storage/Hackathons/IIITM/raged-ros2/build/camera/install.log --single-version-externally-managed install_data
[1.690s] running egg_info
[1.691s] writing ../../build/camera/camera.egg-info/PKG-INFO
[1.691s] writing dependency_links to ../../build/camera/camera.egg-info/dependency_links.txt
[1.692s] writing entry points to ../../build/camera/camera.egg-info/entry_points.txt
[1.692s] writing requirements to ../../build/camera/camera.egg-info/requires.txt
[1.692s] writing top-level names to ../../build/camera/camera.egg-info/top_level.txt
[1.696s] reading manifest file '../../build/camera/camera.egg-info/SOURCES.txt'
[1.698s] writing manifest file '../../build/camera/camera.egg-info/SOURCES.txt'
[1.699s] running build
[1.699s] running build_py
[1.700s] running install
[1.701s] running install_lib
[1.704s] running install_data
[1.705s] running install_egg_info
[1.707s] removing '/mnt/Storage/Hackathons/IIITM/raged-ros2/install/camera/lib/python3.10/site-packages/camera-0.0.0-py3.10.egg-info' (and everything under it)
[1.708s] Copying ../../build/camera/camera.egg-info to /mnt/Storage/Hackathons/IIITM/raged-ros2/install/camera/lib/python3.10/site-packages/camera-0.0.0-py3.10.egg-info
[1.715s] running install_scripts
[1.750s] writing list of installed files to '/mnt/Storage/Hackathons/IIITM/raged-ros2/build/camera/install.log'
[1.789s] Invoked command in '/mnt/Storage/Hackathons/IIITM/raged-ros2/src/camera' returned '0': PS1=
\[[38;2;49;50;68m\]\[[48;2;49;50;68;38;2;205;214;244m\]󰕈 joel (Ubuntu 22.04) \[[48;2;250;179;135;38;2;49;50;68m\]\[[38;2;24;24;37m\] …/raged-ros2 \[[48;2;166;227;161;38;2;250;179;135m\]\[[38;2;30;30;46m\]  main !?⇡ \[[48;2;148;226;213;38;2;166;227;161m\]\[[48;2;137;180;250;38;2;148;226;213m\]\[[45;38;2;137;180;250m\]\[[38;2;24;24;37m\]  14:17 \[[0m\]\[[35m\] \[[0m\]
\[[1;38;2;166;227;161m\]\[[0m\] PYTHONPATH=/mnt/Storage/Hackathons/IIITM/raged-ros2/build/camera/prefix_override:/usr/lib/python3/dist-packages/colcon_core/task/python/colcon_distutils_commands:/mnt/Storage/Hackathons/IIITM/raged-ros2/install/camera/lib/python3.10/site-packages:${PYTHONPATH} /usr/bin/python3 -W ignore:setup.py install is deprecated -W ignore:easy_install command is deprecated setup.py egg_info --egg-base ../../build/camera build --build-base /mnt/Storage/Hackathons/IIITM/raged-ros2/build/camera/build install --record /mnt/Storage/Hackathons/IIITM/raged-ros2/build/camera/install.log --single-version-externally-managed install_data
