running egg_info
writing ../../build/control/control.egg-info/PKG-INFO
writing dependency_links to ../../build/control/control.egg-info/dependency_links.txt
writing entry points to ../../build/control/control.egg-info/entry_points.txt
writing requirements to ../../build/control/control.egg-info/requires.txt
writing top-level names to ../../build/control/control.egg-info/top_level.txt
reading manifest file '../../build/control/control.egg-info/SOURCES.txt'
writing manifest file '../../build/control/control.egg-info/SOURCES.txt'
running build
running build_py
copying control/auto.py -> /mnt/Storage/Hackathons/IIITM/raged-ros2/build/control/build/lib/control
copying control/communication.py -> /mnt/Storage/Hackathons/IIITM/raged-ros2/build/control/build/lib/control
copying control/manual.py -> /mnt/Storage/Hackathons/IIITM/raged-ros2/build/control/build/lib/control
running install
running install_lib
copying /mnt/Storage/Hackathons/IIITM/raged-ros2/build/control/build/lib/control/auto.py -> /mnt/Storage/Hackathons/IIITM/raged-ros2/install/control/lib/python3.10/site-packages/control
copying /mnt/Storage/Hackathons/IIITM/raged-ros2/build/control/build/lib/control/communication.py -> /mnt/Storage/Hackathons/IIITM/raged-ros2/install/control/lib/python3.10/site-packages/control
copying /mnt/Storage/Hackathons/IIITM/raged-ros2/build/control/build/lib/control/manual.py -> /mnt/Storage/Hackathons/IIITM/raged-ros2/install/control/lib/python3.10/site-packages/control
byte-compiling /mnt/Storage/Hackathons/IIITM/raged-ros2/install/control/lib/python3.10/site-packages/control/auto.py to auto.cpython-310.pyc
byte-compiling /mnt/Storage/Hackathons/IIITM/raged-ros2/install/control/lib/python3.10/site-packages/control/communication.py to communication.cpython-310.pyc
byte-compiling /mnt/Storage/Hackathons/IIITM/raged-ros2/install/control/lib/python3.10/site-packages/control/manual.py to manual.cpython-310.pyc
running install_data
running install_egg_info
removing '/mnt/Storage/Hackathons/IIITM/raged-ros2/install/control/lib/python3.10/site-packages/control-0.0.0-py3.10.egg-info' (and everything under it)
Copying ../../build/control/control.egg-info to /mnt/Storage/Hackathons/IIITM/raged-ros2/install/control/lib/python3.10/site-packages/control-0.0.0-py3.10.egg-info
running install_scripts
writing list of installed files to '/mnt/Storage/Hackathons/IIITM/raged-ros2/build/control/install.log'
