[1.370s] Invoking command in '/mnt/Storage/Hackathons/IIITM/raged-ros2/src/website': PS1=
\[[38;2;49;50;68m\]\[[48;2;49;50;68;38;2;205;214;244m\]󰕈 joel (Ubuntu 22.04) \[[48;2;250;179;135;38;2;49;50;68m\]\[[38;2;24;24;37m\] …/raged-ros2 \[[48;2;166;227;161;38;2;250;179;135m\]\[[38;2;30;30;46m\]  main ✘! \[[48;2;148;226;213;38;2;166;227;161m\]\[[38;2;30;30;46m\]  v3.10.12 \[[48;2;137;180;250;38;2;148;226;213m\]\[[45;38;2;137;180;250m\]\[[38;2;24;24;37m\]  11:14 \[[0m\]\[[35m\] \[[0m\]
\[[1;38;2;166;227;161m\]\[[0m\] PYTHONPATH=/mnt/Storage/Hackathons/IIITM/raged-ros2/build/website/prefix_override:/usr/lib/python3/dist-packages/colcon_core/task/python/colcon_distutils_commands:/mnt/Storage/Hackathons/IIITM/raged-ros2/install/website/lib/python3.10/site-packages:${PYTHONPATH} /usr/bin/python3 -W ignore:setup.py install is deprecated -W ignore:easy_install command is deprecated setup.py egg_info --egg-base ../../build/website build --build-base /mnt/Storage/Hackathons/IIITM/raged-ros2/build/website/build install --record /mnt/Storage/Hackathons/IIITM/raged-ros2/build/website/install.log --single-version-externally-managed install_data
[1.709s] running egg_info
[1.710s] creating ../../build/website/website.egg-info
[1.710s] writing ../../build/website/website.egg-info/PKG-INFO
[1.711s] writing dependency_links to ../../build/website/website.egg-info/dependency_links.txt
[1.712s] writing entry points to ../../build/website/website.egg-info/entry_points.txt
[1.712s] writing requirements to ../../build/website/website.egg-info/requires.txt
[1.712s] writing top-level names to ../../build/website/website.egg-info/top_level.txt
[1.713s] writing manifest file '../../build/website/website.egg-info/SOURCES.txt'
[1.717s] reading manifest file '../../build/website/website.egg-info/SOURCES.txt'
[1.719s] writing manifest file '../../build/website/website.egg-info/SOURCES.txt'
[1.720s] running build
[1.720s] running build_py
[1.720s] creating /mnt/Storage/Hackathons/IIITM/raged-ros2/build/website/build
[1.721s] creating /mnt/Storage/Hackathons/IIITM/raged-ros2/build/website/build/lib
[1.721s] creating /mnt/Storage/Hackathons/IIITM/raged-ros2/build/website/build/lib/website
[1.721s] copying website/check_user.py -> /mnt/Storage/Hackathons/IIITM/raged-ros2/build/website/build/lib/website
[1.722s] copying website/waste_data.py -> /mnt/Storage/Hackathons/IIITM/raged-ros2/build/website/build/lib/website
[1.722s] copying website/__init__.py -> /mnt/Storage/Hackathons/IIITM/raged-ros2/build/website/build/lib/website
[1.722s] running install
[1.723s] running install_lib
[1.724s] creating /mnt/Storage/Hackathons/IIITM/raged-ros2/install/website/lib/python3.10/site-packages/website
[1.724s] copying /mnt/Storage/Hackathons/IIITM/raged-ros2/build/website/build/lib/website/check_user.py -> /mnt/Storage/Hackathons/IIITM/raged-ros2/install/website/lib/python3.10/site-packages/website
[1.725s] copying /mnt/Storage/Hackathons/IIITM/raged-ros2/build/website/build/lib/website/waste_data.py -> /mnt/Storage/Hackathons/IIITM/raged-ros2/install/website/lib/python3.10/site-packages/website
[1.725s] copying /mnt/Storage/Hackathons/IIITM/raged-ros2/build/website/build/lib/website/__init__.py -> /mnt/Storage/Hackathons/IIITM/raged-ros2/install/website/lib/python3.10/site-packages/website
[1.727s] byte-compiling /mnt/Storage/Hackathons/IIITM/raged-ros2/install/website/lib/python3.10/site-packages/website/check_user.py to check_user.cpython-310.pyc
[1.728s] byte-compiling /mnt/Storage/Hackathons/IIITM/raged-ros2/install/website/lib/python3.10/site-packages/website/waste_data.py to waste_data.cpython-310.pyc
[1.728s] byte-compiling /mnt/Storage/Hackathons/IIITM/raged-ros2/install/website/lib/python3.10/site-packages/website/__init__.py to __init__.cpython-310.pyc
[1.729s] running install_data
[1.729s] creating /mnt/Storage/Hackathons/IIITM/raged-ros2/install/website/share/ament_index
[1.729s] creating /mnt/Storage/Hackathons/IIITM/raged-ros2/install/website/share/ament_index/resource_index
[1.730s] creating /mnt/Storage/Hackathons/IIITM/raged-ros2/install/website/share/ament_index/resource_index/packages
[1.730s] copying resource/website -> /mnt/Storage/Hackathons/IIITM/raged-ros2/install/website/share/ament_index/resource_index/packages
[1.730s] copying package.xml -> /mnt/Storage/Hackathons/IIITM/raged-ros2/install/website/share/website
[1.731s] running install_egg_info
[1.734s] Copying ../../build/website/website.egg-info to /mnt/Storage/Hackathons/IIITM/raged-ros2/install/website/lib/python3.10/site-packages/website-0.0.0-py3.10.egg-info
[1.739s] running install_scripts
[1.777s] writing list of installed files to '/mnt/Storage/Hackathons/IIITM/raged-ros2/build/website/install.log'
[1.821s] Invoked command in '/mnt/Storage/Hackathons/IIITM/raged-ros2/src/website' returned '0': PS1=
\[[38;2;49;50;68m\]\[[48;2;49;50;68;38;2;205;214;244m\]󰕈 joel (Ubuntu 22.04) \[[48;2;250;179;135;38;2;49;50;68m\]\[[38;2;24;24;37m\] …/raged-ros2 \[[48;2;166;227;161;38;2;250;179;135m\]\[[38;2;30;30;46m\]  main ✘! \[[48;2;148;226;213;38;2;166;227;161m\]\[[38;2;30;30;46m\]  v3.10.12 \[[48;2;137;180;250;38;2;148;226;213m\]\[[45;38;2;137;180;250m\]\[[38;2;24;24;37m\]  11:14 \[[0m\]\[[35m\] \[[0m\]
\[[1;38;2;166;227;161m\]\[[0m\] PYTHONPATH=/mnt/Storage/Hackathons/IIITM/raged-ros2/build/website/prefix_override:/usr/lib/python3/dist-packages/colcon_core/task/python/colcon_distutils_commands:/mnt/Storage/Hackathons/IIITM/raged-ros2/install/website/lib/python3.10/site-packages:${PYTHONPATH} /usr/bin/python3 -W ignore:setup.py install is deprecated -W ignore:easy_install command is deprecated setup.py egg_info --egg-base ../../build/website build --build-base /mnt/Storage/Hackathons/IIITM/raged-ros2/build/website/build install --record /mnt/Storage/Hackathons/IIITM/raged-ros2/build/website/install.log --single-version-externally-managed install_data
